# JRE version: OpenJDK Runtime Environment GraalVM CE 22.3.0 (17.0.5+8) (build 17.0.5+8-jvmci-22.3-b08)
# Java VM: OpenJDK 64-Bit Server VM GraalVM CE 22.3.0 (17.0.5+8-jvmci-22.3-b08, mixed mode, sharing, tiered, jvmci, jvmci compiler, compressed oops, compressed class ptrs, parallel gc, linux-amd64)
GC Precious Log:
 CPUs: 8 total, 1 available
 Memory: 1024M
 Large Page Support: Disabled
 NUMA Support: Disabled
 Compressed Oops: Enabled (32-bit)
 Alignments: Space 512K, Generation 512K, Heap 2M
 Heap Min Capacity: 100M
 Heap Initial Capacity: 100M
 Heap Max Capacity: 512M
 Pre-touch: Disabled
 Parallel Workers: 1
Heap:
 PSYoungGen      total 28160K, used 19456K [0x00000000f5580000, 0x00000000f7b00000, 0x0000000100000000)
  eden space 19456K, 100% used [0x00000000f5580000,0x00000000f6880000,0x00000000f6880000)
  from space 8704K, 0% used [0x00000000f6880000,0x00000000f6880000,0x00000000f7100000)
  to   space 8704K, 0% used [0x00000000f7100000,0x00000000f7100000,0x00000000f7980000)
 ParOldGen       total 349696K, used 349694K [0x00000000e0000000, 0x00000000f5580000, 0x00000000f5580000)
  object space 349696K, 99% used [0x00000000e0000000,0x00000000f557f8b8,0x00000000f5580000)
 Metaspace       used 58310K, committed 59264K, reserved 1105920K
  class space    used 5562K, committed 5952K, reserved 1048576K
GC Heap History (20 events):
Event: 712.740 GC heap before
{Heap before GC invocations=599 (full 474):
 PSYoungGen      total 28160K, used 19456K [0x00000000f5580000, 0x00000000f7b00000, 0x0000000100000000)
  eden space 19456K, 100% used [0x00000000f5580000,0x00000000f6880000,0x00000000f6880000)
  from space 8704K, 0% used [0x00000000f6880000,0x00000000f6880000,0x00000000f7100000)
  to   space 8704K, 0% used [0x00000000f7100000,0x00000000f7100000,0x00000000f7980000)
 ParOldGen       total 349696K, used 349695K [0x00000000e0000000, 0x00000000f5580000, 0x00000000f5580000)
  object space 349696K, 99% used [0x00000000e0000000,0x00000000f557ffd8,0x00000000f5580000)
 Metaspace       used 58310K, committed 59264K, reserved 1105920K
  class space    used 5562K, committed 5952K, reserved 1048576K
}
Event: 714.062 GC heap after
{Heap after GC invocations=599 (full 474):
 PSYoungGen      total 28160K, used 19455K [0x00000000f5580000, 0x00000000f7b00000, 0x0000000100000000)
  eden space 19456K, 99% used [0x00000000f5580000,0x00000000f687ffd0,0x00000000f6880000)
  from space 8704K, 0% used [0x00000000f7100000,0x00000000f7100000,0x00000000f7980000)
  to   space 8704K, 0% used [0x00000000f6880000,0x00000000f6880000,0x00000000f7100000)
 ParOldGen       total 349696K, used 349695K [0x00000000e0000000, 0x00000000f5580000, 0x00000000f5580000)
  object space 349696K, 99% used [0x00000000e0000000,0x00000000f557ffd8,0x00000000f5580000)
 Metaspace       used 58310K, committed 59264K, reserved 1105920K
  class space    used 5562K, committed 5952K, reserved 1048576K
}
Event: 714.067 GC heap before
{Heap before GC invocations=600 (full 475):
 PSYoungGen      total 28160K, used 19456K [0x00000000f5580000, 0x00000000f7b00000, 0x0000000100000000)
  eden space 19456K, 100% used [0x00000000f5580000,0x00000000f6880000,0x00000000f6880000)
  from space 8704K, 0% used [0x00000000f7100000,0x00000000f7100000,0x00000000f7980000)
  to   space 8704K, 0% used [0x00000000f6880000,0x00000000f6880000,0x00000000f7100000)
 ParOldGen       total 349696K, used 349695K [0x00000000e0000000, 0x00000000f5580000, 0x00000000f5580000)
  object space 349696K, 99% used [0x00000000e0000000,0x00000000f557ffd8,0x00000000f5580000)
 Metaspace       used 58310K, committed 59264K, reserved 1105920K
  class space    used 5562K, committed 5952K, reserved 1048576K
}
Event: 715.274 GC heap after
{Heap after GC invocations=600 (full 475):
 PSYoungGen      total 28160K, used 19455K [0x00000000f5580000, 0x00000000f7b00000, 0x0000000100000000)
  eden space 19456K, 99% used [0x00000000f5580000,0x00000000f687ffd0,0x00000000f6880000)
  from space 8704K, 0% used [0x00000000f6880000,0x00000000f6880000,0x00000000f7100000)
  to   space 8704K, 0% used [0x00000000f7100000,0x00000000f7100000,0x00000000f7980000)
 ParOldGen       total 349696K, used 349695K [0x00000000e0000000, 0x00000000f5580000, 0x00000000f5580000)
  object space 349696K, 99% used [0x00000000e0000000,0x00000000f557ffd8,0x00000000f5580000)
 Metaspace       used 58310K, committed 59264K, reserved 1105920K
  class space    used 5562K, committed 5952K, reserved 1048576K
}
Event: 715.274 GC heap before
{Heap before GC invocations=601 (full 476):
 PSYoungGen      total 28160K, used 19456K [0x00000000f5580000, 0x00000000f7b00000, 0x0000000100000000)
  eden space 19456K, 100% used [0x00000000f5580000,0x00000000f6880000,0x00000000f6880000)
  from space 8704K, 0% used [0x00000000f6880000,0x00000000f6880000,0x00000000f7100000)
  to   space 8704K, 0% used [0x00000000f7100000,0x00000000f7100000,0x00000000f7980000)
 ParOldGen       total 349696K, used 349695K [0x00000000e0000000, 0x00000000f5580000, 0x00000000f5580000)
  object space 349696K, 99% used [0x00000000e0000000,0x00000000f557ffd8,0x00000000f5580000)
 Metaspace       used 58310K, committed 59264K, reserved 1105920K
  class space    used 5562K, committed 5952K, reserved 1048576K
}
Event: 716.880 GC heap after
{Heap after GC invocations=601 (full 476):
 PSYoungGen      total 28160K, used 19455K [0x00000000f5580000, 0x00000000f7b00000, 0x0000000100000000)
  eden space 19456K, 99% used [0x00000000f5580000,0x00000000f687ffd0,0x00000000f6880000)
  from space 8704K, 0% used [0x00000000f7100000,0x00000000f7100000,0x00000000f7980000)
  to   space 8704K, 0% used [0x00000000f6880000,0x00000000f6880000,0x00000000f7100000)
 ParOldGen       total 349696K, used 349695K [0x00000000e0000000, 0x00000000f5580000, 0x00000000f5580000)
  object space 349696K, 99% used [0x00000000e0000000,0x00000000f557ffd8,0x00000000f5580000)
 Metaspace       used 58310K, committed 59264K, reserved 1105920K
  class space    used 5562K, committed 5952K, reserved 1048576K
}
Event: 716.881 GC heap before
{Heap before GC invocations=602 (full 477):
 PSYoungGen      total 28160K, used 19455K [0x00000000f5580000, 0x00000000f7b00000, 0x0000000100000000)
  eden space 19456K, 99% used [0x00000000f5580000,0x00000000f687fff0,0x00000000f6880000)
  from space 8704K, 0% used [0x00000000f7100000,0x00000000f7100000,0x00000000f7980000)
  to   space 8704K, 0% used [0x00000000f6880000,0x00000000f6880000,0x00000000f7100000)
 ParOldGen       total 349696K, used 349695K [0x00000000e0000000, 0x00000000f5580000, 0x00000000f5580000)
  object space 349696K, 99% used [0x00000000e0000000,0x00000000f557ffd8,0x00000000f5580000)
 Metaspace       used 58310K, committed 59264K, reserved 1105920K
  class space    used 5562K, committed 5952K, reserved 1048576K
}
Event: 718.063 GC heap after
{Heap after GC invocations=602 (full 477):
 PSYoungGen      total 28160K, used 19455K [0x00000000f5580000, 0x00000000f7b00000, 0x0000000100000000)
  eden space 19456K, 99% used [0x00000000f5580000,0x00000000f687fff0,0x00000000f6880000)
  from space 8704K, 0% used [0x00000000f6880000,0x00000000f6880000,0x00000000f7100000)
  to   space 8704K, 0% used [0x00000000f7100000,0x00000000f7100000,0x00000000f7980000)
 ParOldGen       total 349696K, used 349695K [0x00000000e0000000, 0x00000000f5580000, 0x00000000f5580000)
  object space 349696K, 99% used [0x00000000e0000000,0x00000000f557ffd8,0x00000000f5580000)
 Metaspace       used 58310K, committed 59264K, reserved 1105920K
  class space    used 5562K, committed 5952K, reserved 1048576K
}
Event: 718.063 GC heap before
{Heap before GC invocations=603 (full 478):
 PSYoungGen      total 28160K, used 19455K [0x00000000f5580000, 0x00000000f7b00000, 0x0000000100000000)
  eden space 19456K, 99% used [0x00000000f5580000,0x00000000f687fff0,0x00000000f6880000)
  from space 8704K, 0% used [0x00000000f6880000,0x00000000f6880000,0x00000000f7100000)
  to   space 8704K, 0% used [0x00000000f7100000,0x00000000f7100000,0x00000000f7980000)
 ParOldGen       total 349696K, used 349695K [0x00000000e0000000, 0x00000000f5580000, 0x00000000f5580000)
  object space 349696K, 99% used [0x00000000e0000000,0x00000000f557fff0,0x00000000f5580000)
 Metaspace       used 58310K, committed 59264K, reserved 1105920K
  class space    used 5562K, committed 5952K, reserved 1048576K
}
Event: 719.274 GC heap after
{Heap after GC invocations=603 (full 478):
 PSYoungGen      total 28160K, used 19455K [0x00000000f5580000, 0x00000000f7b00000, 0x0000000100000000)
  eden space 19456K, 99% used [0x00000000f5580000,0x00000000f687fff0,0x00000000f6880000)
  from space 8704K, 0% used [0x00000000f7100000,0x00000000f7100000,0x00000000f7980000)
  to   space 8704K, 0% used [0x00000000f6880000,0x00000000f6880000,0x00000000f7100000)
 ParOldGen       total 349696K, used 349695K [0x00000000e0000000, 0x00000000f5580000, 0x00000000f5580000)
  object space 349696K, 99% used [0x00000000e0000000,0x00000000f557fff0,0x00000000f5580000)
 Metaspace       used 58310K, committed 59264K, reserved 1105920K
  class space    used 5562K, committed 5952K, reserved 1048576K
}
Event: 719.274 GC heap before
{Heap before GC invocations=604 (full 479):
 PSYoungGen      total 28160K, used 19455K [0x00000000f5580000, 0x00000000f7b00000, 0x0000000100000000)
  eden space 19456K, 99% used [0x00000000f5580000,0x00000000f687fff0,0x00000000f6880000)
  from space 8704K, 0% used [0x00000000f7100000,0x00000000f7100000,0x00000000f7980000)
  to   space 8704K, 0% used [0x00000000f6880000,0x00000000f6880000,0x00000000f7100000)
 ParOldGen       total 349696K, used 349695K [0x00000000e0000000, 0x00000000f5580000, 0x00000000f5580000)
  object space 349696K, 99% used [0x00000000e0000000,0x00000000f557fff0,0x00000000f5580000)
 Metaspace       used 58310K, committed 59264K, reserved 1105920K
  class space    used 5562K, committed 5952K, reserved 1048576K
}
Event: 720.620 GC heap after
{Heap after GC invocations=604 (full 479):
 PSYoungGen      total 28160K, used 19455K [0x00000000f5580000, 0x00000000f7b00000, 0x0000000100000000)
  eden space 19456K, 99% used [0x00000000f5580000,0x00000000f687fff0,0x00000000f6880000)
  from space 8704K, 0% used [0x00000000f6880000,0x00000000f6880000,0x00000000f7100000)
  to   space 8704K, 0% used [0x00000000f7100000,0x00000000f7100000,0x00000000f7980000)
 ParOldGen       total 349696K, used 349695K [0x00000000e0000000, 0x00000000f5580000, 0x00000000f5580000)
  object space 349696K, 99% used [0x00000000e0000000,0x00000000f557fff0,0x00000000f5580000)
 Metaspace       used 58310K, committed 59264K, reserved 1105920K
  class space    used 5562K, committed 5952K, reserved 1048576K
}
Event: 720.622 GC heap before
{Heap before GC invocations=605 (full 480):
 PSYoungGen      total 28160K, used 19455K [0x00000000f5580000, 0x00000000f7b00000, 0x0000000100000000)
  eden space 19456K, 99% used [0x00000000f5580000,0x00000000f687fff0,0x00000000f6880000)
  from space 8704K, 0% used [0x00000000f6880000,0x00000000f6880000,0x00000000f7100000)
  to   space 8704K, 0% used [0x00000000f7100000,0x00000000f7100000,0x00000000f7980000)
 ParOldGen       total 349696K, used 349695K [0x00000000e0000000, 0x00000000f5580000, 0x00000000f5580000)
  object space 349696K, 99% used [0x00000000e0000000,0x00000000f557fff0,0x00000000f5580000)
 Metaspace       used 58310K, committed 59264K, reserved 1105920K
  class space    used 5562K, committed 5952K, reserved 1048576K
}
Event: 721.658 GC heap after
{Heap after GC invocations=605 (full 480):
 PSYoungGen      total 28160K, used 19455K [0x00000000f5580000, 0x00000000f7b00000, 0x0000000100000000)
  eden space 19456K, 99% used [0x00000000f5580000,0x00000000f687ffe0,0x00000000f6880000)
  from space 8704K, 0% used [0x00000000f7100000,0x00000000f7100000,0x00000000f7980000)
  to   space 8704K, 0% used [0x00000000f6880000,0x00000000f6880000,0x00000000f7100000)
 ParOldGen       total 349696K, used 349693K [0x00000000e0000000, 0x00000000f5580000, 0x00000000f5580000)
  object space 349696K, 99% used [0x00000000e0000000,0x00000000f557f720,0x00000000f5580000)
 Metaspace       used 58310K, committed 59264K, reserved 1105920K
  class space    used 5562K, committed 5952K, reserved 1048576K
}
Event: 721.713 GC heap before
{Heap before GC invocations=606 (full 481):
 PSYoungGen      total 28160K, used 19455K [0x00000000f5580000, 0x00000000f7b00000, 0x0000000100000000)
  eden space 19456K, 99% used [0x00000000f5580000,0x00000000f687fff8,0x00000000f6880000)
  from space 8704K, 0% used [0x00000000f7100000,0x00000000f7100000,0x00000000f7980000)
  to   space 8704K, 0% used [0x00000000f6880000,0x00000000f6880000,0x00000000f7100000)
 ParOldGen       total 349696K, used 349693K [0x00000000e0000000, 0x00000000f5580000, 0x00000000f5580000)
  object space 349696K, 99% used [0x00000000e0000000,0x00000000f557f720,0x00000000f5580000)
 Metaspace       used 58310K, committed 59264K, reserved 1105920K
  class space    used 5562K, committed 5952K, reserved 1048576K
}
Event: 722.962 GC heap after
{Heap after GC invocations=606 (full 481):
 PSYoungGen      total 28160K, used 19455K [0x00000000f5580000, 0x00000000f7b00000, 0x0000000100000000)
  eden space 19456K, 99% used [0x00000000f5580000,0x00000000f687fff8,0x00000000f6880000)
  from space 8704K, 0% used [0x00000000f6880000,0x00000000f6880000,0x00000000f7100000)
  to   space 8704K, 0% used [0x00000000f7100000,0x00000000f7100000,0x00000000f7980000)
 ParOldGen       total 349696K, used 349693K [0x00000000e0000000, 0x00000000f5580000, 0x00000000f5580000)
  object space 349696K, 99% used [0x00000000e0000000,0x00000000f557f720,0x00000000f5580000)
 Metaspace       used 58310K, committed 59264K, reserved 1105920K
  class space    used 5562K, committed 5952K, reserved 1048576K
}
Event: 722.962 GC heap before
{Heap before GC invocations=607 (full 482):
 PSYoungGen      total 28160K, used 19455K [0x00000000f5580000, 0x00000000f7b00000, 0x0000000100000000)
  eden space 19456K, 99% used [0x00000000f5580000,0x00000000f687fff8,0x00000000f6880000)
  from space 8704K, 0% used [0x00000000f6880000,0x00000000f6880000,0x00000000f7100000)
  to   space 8704K, 0% used [0x00000000f7100000,0x00000000f7100000,0x00000000f7980000)
 ParOldGen       total 349696K, used 349695K [0x00000000e0000000, 0x00000000f5580000, 0x00000000f5580000)
  object space 349696K, 99% used [0x00000000e0000000,0x00000000f557fdc0,0x00000000f5580000)
 Metaspace       used 58310K, committed 59264K, reserved 1105920K
  class space    used 5562K, committed 5952K, reserved 1048576K
}
Event: 724.144 GC heap after
{Heap after GC invocations=607 (full 482):
 PSYoungGen      total 28160K, used 19455K [0x00000000f5580000, 0x00000000f7b00000, 0x0000000100000000)
  eden space 19456K, 99% used [0x00000000f5580000,0x00000000f687fe80,0x00000000f6880000)
  from space 8704K, 0% used [0x00000000f7100000,0x00000000f7100000,0x00000000f7980000)
  to   space 8704K, 0% used [0x00000000f6880000,0x00000000f6880000,0x00000000f7100000)
 ParOldGen       total 349696K, used 349693K [0x00000000e0000000, 0x00000000f5580000, 0x00000000f5580000)
  object space 349696K, 99% used [0x00000000e0000000,0x00000000f557f658,0x00000000f5580000)
 Metaspace       used 58310K, committed 59264K, reserved 1105920K
  class space    used 5562K, committed 5952K, reserved 1048576K
}
Event: 724.144 GC heap before
{Heap before GC invocations=608 (full 483):
 PSYoungGen      total 28160K, used 19455K [0x00000000f5580000, 0x00000000f7b00000, 0x0000000100000000)
  eden space 19456K, 99% used [0x00000000f5580000,0x00000000f687fe80,0x00000000f6880000)
  from space 8704K, 0% used [0x00000000f7100000,0x00000000f7100000,0x00000000f7980000)
  to   space 8704K, 0% used [0x00000000f6880000,0x00000000f6880000,0x00000000f7100000)
 ParOldGen       total 349696K, used 349693K [0x00000000e0000000, 0x00000000f5580000, 0x00000000f5580000)
  object space 349696K, 99% used [0x00000000e0000000,0x00000000f557f658,0x00000000f5580000)
 Metaspace       used 58310K, committed 59264K, reserved 1105920K
  class space    used 5562K, committed 5952K, reserved 1048576K
}
Event: 725.359 GC heap after
{Heap after GC invocations=608 (full 483):
 PSYoungGen      total 28160K, used 19455K [0x00000000f5580000, 0x00000000f7b00000, 0x0000000100000000)
  eden space 19456K, 99% used [0x00000000f5580000,0x00000000f687fe80,0x00000000f6880000)
  from space 8704K, 0% used [0x00000000f6880000,0x00000000f6880000,0x00000000f7100000)
  to   space 8704K, 0% used [0x00000000f7100000,0x00000000f7100000,0x00000000f7980000)
 ParOldGen       total 349696K, used 349693K [0x00000000e0000000, 0x00000000f5580000, 0x00000000f5580000)
  object space 349696K, 99% used [0x00000000e0000000,0x00000000f557f658,0x00000000f5580000)
 Metaspace       used 58310K, committed 59264K, reserved 1105920K
  class space    used 5562K, committed 5952K, reserved 1048576K
}

