# JRE version: OpenJDK Runtime Environment GraalVM CE 22.3.0 (17.0.5+8) (build 17.0.5+8-jvmci-22.3-b08)
# Java VM: OpenJDK 64-Bit Server VM GraalVM CE 22.3.0 (17.0.5+8-jvmci-22.3-b08, mixed mode, sharing, tiered, jvmci, jvmci compiler, compressed oops, compressed class ptrs, parallel gc, linux-amd64)
GC Precious Log:
 CPUs: 8 total, 1 available
 Memory: 1024M
 Large Page Support: Disabled
 NUMA Support: Disabled
 Compressed Oops: Enabled (32-bit)
 Alignments: Space 512K, Generation 512K, Heap 2M
 Heap Min Capacity: 100M
 Heap Initial Capacity: 100M
 Heap Max Capacity: 512M
 Pre-touch: Disabled
 Parallel Workers: 1
Heap:
 PSYoungGen      total 57856K, used 34304K [0x00000000f5580000, 0x00000000fa780000, 0x0000000100000000)
  eden space 34304K, 100% used [0x00000000f5580000,0x00000000f7700000,0x00000000f7700000)
  from space 23552K, 0% used [0x00000000f8e00000,0x00000000f8e00000,0x00000000fa500000)
  to   space 23552K, 0% used [0x00000000f7700000,0x00000000f7700000,0x00000000f8e00000)
 ParOldGen       total 349696K, used 349695K [0x00000000e0000000, 0x00000000f5580000, 0x00000000f5580000)
  object space 349696K, 99% used [0x00000000e0000000,0x00000000f557ffe8,0x00000000f5580000)
 Metaspace       used 57353K, committed 58240K, reserved 1105920K
  class space    used 5557K, committed 5952K, reserved 1048576K
GC Heap History (20 events):
Event: 1989.706 GC heap before
{Heap before GC invocations=1174 (full 1012):
 PSYoungGen      total 57856K, used 34304K [0x00000000f5580000, 0x00000000fa780000, 0x0000000100000000)
  eden space 34304K, 100% used [0x00000000f5580000,0x00000000f7700000,0x00000000f7700000)
  from space 23552K, 0% used [0x00000000f8e00000,0x00000000f8e00000,0x00000000fa500000)
  to   space 23552K, 0% used [0x00000000f7700000,0x00000000f7700000,0x00000000f8e00000)
 ParOldGen       total 349696K, used 349696K [0x00000000e0000000, 0x00000000f5580000, 0x00000000f5580000)
  object space 349696K, 100% used [0x00000000e0000000,0x00000000f5580000,0x00000000f5580000)
 Metaspace       used 57353K, committed 58240K, reserved 1105920K
  class space    used 5557K, committed 5952K, reserved 1048576K
}
Event: 1991.121 GC heap after
{Heap after GC invocations=1174 (full 1012):
 PSYoungGen      total 57856K, used 34304K [0x00000000f5580000, 0x00000000fa780000, 0x0000000100000000)
  eden space 34304K, 100% used [0x00000000f5580000,0x00000000f7700000,0x00000000f7700000)
  from space 23552K, 0% used [0x00000000f7700000,0x00000000f7700000,0x00000000f8e00000)
  to   space 23552K, 0% used [0x00000000f8e00000,0x00000000f8e00000,0x00000000fa500000)
 ParOldGen       total 349696K, used 349696K [0x00000000e0000000, 0x00000000f5580000, 0x00000000f5580000)
  object space 349696K, 100% used [0x00000000e0000000,0x00000000f5580000,0x00000000f5580000)
 Metaspace       used 57353K, committed 58240K, reserved 1105920K
  class space    used 5557K, committed 5952K, reserved 1048576K
}
Event: 1991.121 GC heap before
{Heap before GC invocations=1175 (full 1013):
 PSYoungGen      total 57856K, used 34304K [0x00000000f5580000, 0x00000000fa780000, 0x0000000100000000)
  eden space 34304K, 100% used [0x00000000f5580000,0x00000000f7700000,0x00000000f7700000)
  from space 23552K, 0% used [0x00000000f7700000,0x00000000f7700000,0x00000000f8e00000)
  to   space 23552K, 0% used [0x00000000f8e00000,0x00000000f8e00000,0x00000000fa500000)
 ParOldGen       total 349696K, used 349696K [0x00000000e0000000, 0x00000000f5580000, 0x00000000f5580000)
  object space 349696K, 100% used [0x00000000e0000000,0x00000000f5580000,0x00000000f5580000)
 Metaspace       used 57353K, committed 58240K, reserved 1105920K
  class space    used 5557K, committed 5952K, reserved 1048576K
}
Event: 1992.947 GC heap after
{Heap after GC invocations=1175 (full 1013):
 PSYoungGen      total 57856K, used 34304K [0x00000000f5580000, 0x00000000fa780000, 0x0000000100000000)
  eden space 34304K, 100% used [0x00000000f5580000,0x00000000f7700000,0x00000000f7700000)
  from space 23552K, 0% used [0x00000000f8e00000,0x00000000f8e00000,0x00000000fa500000)
  to   space 23552K, 0% used [0x00000000f7700000,0x00000000f7700000,0x00000000f8e00000)
 ParOldGen       total 349696K, used 349696K [0x00000000e0000000, 0x00000000f5580000, 0x00000000f5580000)
  object space 349696K, 100% used [0x00000000e0000000,0x00000000f5580000,0x00000000f5580000)
 Metaspace       used 57353K, committed 58240K, reserved 1105920K
  class space    used 5557K, committed 5952K, reserved 1048576K
}
Event: 1992.956 GC heap before
{Heap before GC invocations=1176 (full 1014):
 PSYoungGen      total 57856K, used 34304K [0x00000000f5580000, 0x00000000fa780000, 0x0000000100000000)
  eden space 34304K, 100% used [0x00000000f5580000,0x00000000f7700000,0x00000000f7700000)
  from space 23552K, 0% used [0x00000000f8e00000,0x00000000f8e00000,0x00000000fa500000)
  to   space 23552K, 0% used [0x00000000f7700000,0x00000000f7700000,0x00000000f8e00000)
 ParOldGen       total 349696K, used 349696K [0x00000000e0000000, 0x00000000f5580000, 0x00000000f5580000)
  object space 349696K, 100% used [0x00000000e0000000,0x00000000f5580000,0x00000000f5580000)
 Metaspace       used 57353K, committed 58240K, reserved 1105920K
  class space    used 5557K, committed 5952K, reserved 1048576K
}
Event: 1994.747 GC heap after
{Heap after GC invocations=1176 (full 1014):
 PSYoungGen      total 57856K, used 34304K [0x00000000f5580000, 0x00000000fa780000, 0x0000000100000000)
  eden space 34304K, 100% used [0x00000000f5580000,0x00000000f7700000,0x00000000f7700000)
  from space 23552K, 0% used [0x00000000f7700000,0x00000000f7700000,0x00000000f8e00000)
  to   space 23552K, 0% used [0x00000000f8e00000,0x00000000f8e00000,0x00000000fa500000)
 ParOldGen       total 349696K, used 349695K [0x00000000e0000000, 0x00000000f5580000, 0x00000000f5580000)
  object space 349696K, 99% used [0x00000000e0000000,0x00000000f557ffe0,0x00000000f5580000)
 Metaspace       used 57353K, committed 58240K, reserved 1105920K
  class space    used 5557K, committed 5952K, reserved 1048576K
}
Event: 1994.747 GC heap before
{Heap before GC invocations=1177 (full 1015):
 PSYoungGen      total 57856K, used 34304K [0x00000000f5580000, 0x00000000fa780000, 0x0000000100000000)
  eden space 34304K, 100% used [0x00000000f5580000,0x00000000f7700000,0x00000000f7700000)
  from space 23552K, 0% used [0x00000000f7700000,0x00000000f7700000,0x00000000f8e00000)
  to   space 23552K, 0% used [0x00000000f8e00000,0x00000000f8e00000,0x00000000fa500000)
 ParOldGen       total 349696K, used 349695K [0x00000000e0000000, 0x00000000f5580000, 0x00000000f5580000)
  object space 349696K, 99% used [0x00000000e0000000,0x00000000f557fff8,0x00000000f5580000)
 Metaspace       used 57353K, committed 58240K, reserved 1105920K
  class space    used 5557K, committed 5952K, reserved 1048576K
}
Event: 1996.517 GC heap after
{Heap after GC invocations=1177 (full 1015):
 PSYoungGen      total 57856K, used 34304K [0x00000000f5580000, 0x00000000fa780000, 0x0000000100000000)
  eden space 34304K, 100% used [0x00000000f5580000,0x00000000f7700000,0x00000000f7700000)
  from space 23552K, 0% used [0x00000000f8e00000,0x00000000f8e00000,0x00000000fa500000)
  to   space 23552K, 0% used [0x00000000f7700000,0x00000000f7700000,0x00000000f8e00000)
 ParOldGen       total 349696K, used 349695K [0x00000000e0000000, 0x00000000f5580000, 0x00000000f5580000)
  object space 349696K, 99% used [0x00000000e0000000,0x00000000f557fff8,0x00000000f5580000)
 Metaspace       used 57353K, committed 58240K, reserved 1105920K
  class space    used 5557K, committed 5952K, reserved 1048576K
}
Event: 1996.517 GC heap before
{Heap before GC invocations=1178 (full 1016):
 PSYoungGen      total 57856K, used 34304K [0x00000000f5580000, 0x00000000fa780000, 0x0000000100000000)
  eden space 34304K, 100% used [0x00000000f5580000,0x00000000f7700000,0x00000000f7700000)
  from space 23552K, 0% used [0x00000000f8e00000,0x00000000f8e00000,0x00000000fa500000)
  to   space 23552K, 0% used [0x00000000f7700000,0x00000000f7700000,0x00000000f8e00000)
 ParOldGen       total 349696K, used 349695K [0x00000000e0000000, 0x00000000f5580000, 0x00000000f5580000)
  object space 349696K, 99% used [0x00000000e0000000,0x00000000f557fff8,0x00000000f5580000)
 Metaspace       used 57353K, committed 58240K, reserved 1105920K
  class space    used 5557K, committed 5952K, reserved 1048576K
}
Event: 1998.236 GC heap after
{Heap after GC invocations=1178 (full 1016):
 PSYoungGen      total 57856K, used 34304K [0x00000000f5580000, 0x00000000fa780000, 0x0000000100000000)
  eden space 34304K, 100% used [0x00000000f5580000,0x00000000f7700000,0x00000000f7700000)
  from space 23552K, 0% used [0x00000000f7700000,0x00000000f7700000,0x00000000f8e00000)
  to   space 23552K, 0% used [0x00000000f8e00000,0x00000000f8e00000,0x00000000fa500000)
 ParOldGen       total 349696K, used 349695K [0x00000000e0000000, 0x00000000f5580000, 0x00000000f5580000)
  object space 349696K, 99% used [0x00000000e0000000,0x00000000f557fff8,0x00000000f5580000)
 Metaspace       used 57353K, committed 58240K, reserved 1105920K
  class space    used 5557K, committed 5952K, reserved 1048576K
}
Event: 1998.236 GC heap before
{Heap before GC invocations=1179 (full 1017):
 PSYoungGen      total 57856K, used 34304K [0x00000000f5580000, 0x00000000fa780000, 0x0000000100000000)
  eden space 34304K, 100% used [0x00000000f5580000,0x00000000f7700000,0x00000000f7700000)
  from space 23552K, 0% used [0x00000000f7700000,0x00000000f7700000,0x00000000f8e00000)
  to   space 23552K, 0% used [0x00000000f8e00000,0x00000000f8e00000,0x00000000fa500000)
 ParOldGen       total 349696K, used 349695K [0x00000000e0000000, 0x00000000f5580000, 0x00000000f5580000)
  object space 349696K, 99% used [0x00000000e0000000,0x00000000f557fff8,0x00000000f5580000)
 Metaspace       used 57353K, committed 58240K, reserved 1105920K
  class space    used 5557K, committed 5952K, reserved 1048576K
}
Event: 1999.997 GC heap after
{Heap after GC invocations=1179 (full 1017):
 PSYoungGen      total 57856K, used 34304K [0x00000000f5580000, 0x00000000fa780000, 0x0000000100000000)
  eden space 34304K, 100% used [0x00000000f5580000,0x00000000f7700000,0x00000000f7700000)
  from space 23552K, 0% used [0x00000000f8e00000,0x00000000f8e00000,0x00000000fa500000)
  to   space 23552K, 0% used [0x00000000f7700000,0x00000000f7700000,0x00000000f8e00000)
 ParOldGen       total 349696K, used 349695K [0x00000000e0000000, 0x00000000f5580000, 0x00000000f5580000)
  object space 349696K, 99% used [0x00000000e0000000,0x00000000f557ffc0,0x00000000f5580000)
 Metaspace       used 57353K, committed 58240K, reserved 1105920K
  class space    used 5557K, committed 5952K, reserved 1048576K
}
Event: 1999.997 GC heap before
{Heap before GC invocations=1180 (full 1018):
 PSYoungGen      total 57856K, used 34304K [0x00000000f5580000, 0x00000000fa780000, 0x0000000100000000)
  eden space 34304K, 100% used [0x00000000f5580000,0x00000000f7700000,0x00000000f7700000)
  from space 23552K, 0% used [0x00000000f8e00000,0x00000000f8e00000,0x00000000fa500000)
  to   space 23552K, 0% used [0x00000000f7700000,0x00000000f7700000,0x00000000f8e00000)
 ParOldGen       total 349696K, used 349696K [0x00000000e0000000, 0x00000000f5580000, 0x00000000f5580000)
  object space 349696K, 100% used [0x00000000e0000000,0x00000000f5580000,0x00000000f5580000)
 Metaspace       used 57353K, committed 58240K, reserved 1105920K
  class space    used 5557K, committed 5952K, reserved 1048576K
}
Event: 2001.905 GC heap after
{Heap after GC invocations=1180 (full 1018):
 PSYoungGen      total 57856K, used 34304K [0x00000000f5580000, 0x00000000fa780000, 0x0000000100000000)
  eden space 34304K, 100% used [0x00000000f5580000,0x00000000f7700000,0x00000000f7700000)
  from space 23552K, 0% used [0x00000000f7700000,0x00000000f7700000,0x00000000f8e00000)
  to   space 23552K, 0% used [0x00000000f8e00000,0x00000000f8e00000,0x00000000fa500000)
 ParOldGen       total 349696K, used 349695K [0x00000000e0000000, 0x00000000f5580000, 0x00000000f5580000)
  object space 349696K, 99% used [0x00000000e0000000,0x00000000f557ffe8,0x00000000f5580000)
 Metaspace       used 57353K, committed 58240K, reserved 1105920K
  class space    used 5557K, committed 5952K, reserved 1048576K
}
Event: 2001.909 GC heap before
{Heap before GC invocations=1181 (full 1019):
 PSYoungGen      total 57856K, used 34304K [0x00000000f5580000, 0x00000000fa780000, 0x0000000100000000)
  eden space 34304K, 100% used [0x00000000f5580000,0x00000000f7700000,0x00000000f7700000)
  from space 23552K, 0% used [0x00000000f7700000,0x00000000f7700000,0x00000000f8e00000)
  to   space 23552K, 0% used [0x00000000f8e00000,0x00000000f8e00000,0x00000000fa500000)
 ParOldGen       total 349696K, used 349696K [0x00000000e0000000, 0x00000000f5580000, 0x00000000f5580000)
  object space 349696K, 100% used [0x00000000e0000000,0x00000000f5580000,0x00000000f5580000)
 Metaspace       used 57353K, committed 58240K, reserved 1105920K
  class space    used 5557K, committed 5952K, reserved 1048576K
}
Event: 2003.758 GC heap after
{Heap after GC invocations=1181 (full 1019):
 PSYoungGen      total 57856K, used 34304K [0x00000000f5580000, 0x00000000fa780000, 0x0000000100000000)
  eden space 34304K, 100% used [0x00000000f5580000,0x00000000f7700000,0x00000000f7700000)
  from space 23552K, 0% used [0x00000000f8e00000,0x00000000f8e00000,0x00000000fa500000)
  to   space 23552K, 0% used [0x00000000f7700000,0x00000000f7700000,0x00000000f8e00000)
 ParOldGen       total 349696K, used 349695K [0x00000000e0000000, 0x00000000f5580000, 0x00000000f5580000)
  object space 349696K, 99% used [0x00000000e0000000,0x00000000f557ff78,0x00000000f5580000)
 Metaspace       used 57353K, committed 58240K, reserved 1105920K
  class space    used 5557K, committed 5952K, reserved 1048576K
}
Event: 2003.758 GC heap before
{Heap before GC invocations=1182 (full 1020):
 PSYoungGen      total 57856K, used 34304K [0x00000000f5580000, 0x00000000fa780000, 0x0000000100000000)
  eden space 34304K, 100% used [0x00000000f5580000,0x00000000f7700000,0x00000000f7700000)
  from space 23552K, 0% used [0x00000000f8e00000,0x00000000f8e00000,0x00000000fa500000)
  to   space 23552K, 0% used [0x00000000f7700000,0x00000000f7700000,0x00000000f8e00000)
 ParOldGen       total 349696K, used 349695K [0x00000000e0000000, 0x00000000f5580000, 0x00000000f5580000)
  object space 349696K, 99% used [0x00000000e0000000,0x00000000f557ff90,0x00000000f5580000)
 Metaspace       used 57353K, committed 58240K, reserved 1105920K
  class space    used 5557K, committed 5952K, reserved 1048576K
}
Event: 2005.646 GC heap after
{Heap after GC invocations=1182 (full 1020):
 PSYoungGen      total 57856K, used 34304K [0x00000000f5580000, 0x00000000fa780000, 0x0000000100000000)
  eden space 34304K, 100% used [0x00000000f5580000,0x00000000f7700000,0x00000000f7700000)
  from space 23552K, 0% used [0x00000000f7700000,0x00000000f7700000,0x00000000f8e00000)
  to   space 23552K, 0% used [0x00000000f8e00000,0x00000000f8e00000,0x00000000fa500000)
 ParOldGen       total 349696K, used 349695K [0x00000000e0000000, 0x00000000f5580000, 0x00000000f5580000)
  object space 349696K, 99% used [0x00000000e0000000,0x00000000f557ff90,0x00000000f5580000)
 Metaspace       used 57353K, committed 58240K, reserved 1105920K
  class space    used 5557K, committed 5952K, reserved 1048576K
}
Event: 2005.646 GC heap before
{Heap before GC invocations=1183 (full 1021):
 PSYoungGen      total 57856K, used 34304K [0x00000000f5580000, 0x00000000fa780000, 0x0000000100000000)
  eden space 34304K, 100% used [0x00000000f5580000,0x00000000f7700000,0x00000000f7700000)
  from space 23552K, 0% used [0x00000000f7700000,0x00000000f7700000,0x00000000f8e00000)
  to   space 23552K, 0% used [0x00000000f8e00000,0x00000000f8e00000,0x00000000fa500000)
 ParOldGen       total 349696K, used 349695K [0x00000000e0000000, 0x00000000f5580000, 0x00000000f5580000)
  object space 349696K, 99% used [0x00000000e0000000,0x00000000f557ff90,0x00000000f5580000)
 Metaspace       used 57353K, committed 58240K, reserved 1105920K
  class space    used 5557K, committed 5952K, reserved 1048576K
}
Event: 2007.620 GC heap after
{Heap after GC invocations=1183 (full 1021):
 PSYoungGen      total 57856K, used 34304K [0x00000000f5580000, 0x00000000fa780000, 0x0000000100000000)
  eden space 34304K, 100% used [0x00000000f5580000,0x00000000f7700000,0x00000000f7700000)
  from space 23552K, 0% used [0x00000000f8e00000,0x00000000f8e00000,0x00000000fa500000)
  to   space 23552K, 0% used [0x00000000f7700000,0x00000000f7700000,0x00000000f8e00000)
 ParOldGen       total 349696K, used 349695K [0x00000000e0000000, 0x00000000f5580000, 0x00000000f5580000)
  object space 349696K, 99% used [0x00000000e0000000,0x00000000f557ff90,0x00000000f5580000)
 Metaspace       used 57353K, committed 58240K, reserved 1105920K
  class space    used 5557K, committed 5952K, reserved 1048576K
}

