# JRE version: OpenJDK Runtime Environment GraalVM CE 22.3.0 (17.0.5+8) (build 17.0.5+8-jvmci-22.3-b08)
# Java VM: OpenJDK 64-Bit Server VM GraalVM CE 22.3.0 (17.0.5+8-jvmci-22.3-b08, mixed mode, sharing, tiered, jvmci, jvmci compiler, compressed oops, compressed class ptrs, parallel gc, linux-amd64)
GC Precious Log:
 CPUs: 4 total, 1 available
 Memory: 1024M
 Large Page Support: Disabled
 NUMA Support: Disabled
 Compressed Oops: Enabled (32-bit)
 Alignments: Space 512K, Generation 512K, Heap 2M
 Heap Min Capacity: 100M
 Heap Initial Capacity: 100M
 Heap Max Capacity: 512M
 Pre-touch: Disabled
 Parallel Workers: 1
Heap:
 PSYoungGen      total 31744K, used 23040K [0x00000000f5580000, 0x00000000f7e00000, 0x0000000100000000)
  eden space 23040K, 100% used [0x00000000f5580000,0x00000000f6c00000,0x00000000f6c00000)
  from space 8704K, 0% used [0x00000000f7580000,0x00000000f7580000,0x00000000f7e00000)
  to   space 8704K, 0% used [0x00000000f6c00000,0x00000000f6c00000,0x00000000f7480000)
 ParOldGen       total 349696K, used 349695K [0x00000000e0000000, 0x00000000f5580000, 0x00000000f5580000)
  object space 349696K, 99% used [0x00000000e0000000,0x00000000f557ffc8,0x00000000f5580000)
 Metaspace       used 54992K, committed 55872K, reserved 1105920K
  class space    used 5038K, committed 5440K, reserved 1048576K
GC Heap History (20 events):
Event: 706.524 GC heap before
{Heap before GC invocations=537 (full 354):
 PSYoungGen      total 31744K, used 23039K [0x00000000f5580000, 0x00000000f7e00000, 0x0000000100000000)
  eden space 23040K, 99% used [0x00000000f5580000,0x00000000f6bffff8,0x00000000f6c00000)
  from space 8704K, 0% used [0x00000000f7580000,0x00000000f7580000,0x00000000f7e00000)
  to   space 8704K, 0% used [0x00000000f6c00000,0x00000000f6c00000,0x00000000f7480000)
 ParOldGen       total 349696K, used 349689K [0x00000000e0000000, 0x00000000f5580000, 0x00000000f5580000)
  object space 349696K, 99% used [0x00000000e0000000,0x00000000f557e760,0x00000000f5580000)
 Metaspace       used 54992K, committed 55872K, reserved 1105920K
  class space    used 5038K, committed 5440K, reserved 1048576K
}
Event: 712.540 GC heap after
{Heap after GC invocations=537 (full 354):
 PSYoungGen      total 31744K, used 23039K [0x00000000f5580000, 0x00000000f7e00000, 0x0000000100000000)
  eden space 23040K, 99% used [0x00000000f5580000,0x00000000f6bfffb0,0x00000000f6c00000)
  from space 8704K, 0% used [0x00000000f6c00000,0x00000000f6c00000,0x00000000f7480000)
  to   space 8704K, 0% used [0x00000000f7580000,0x00000000f7580000,0x00000000f7e00000)
 ParOldGen       total 349696K, used 349689K [0x00000000e0000000, 0x00000000f5580000, 0x00000000f5580000)
  object space 349696K, 99% used [0x00000000e0000000,0x00000000f557e748,0x00000000f5580000)
 Metaspace       used 54992K, committed 55872K, reserved 1105920K
  class space    used 5038K, committed 5440K, reserved 1048576K
}
Event: 712.555 GC heap before
{Heap before GC invocations=538 (full 355):
 PSYoungGen      total 31744K, used 23039K [0x00000000f5580000, 0x00000000f7e00000, 0x0000000100000000)
  eden space 23040K, 99% used [0x00000000f5580000,0x00000000f6bffff8,0x00000000f6c00000)
  from space 8704K, 0% used [0x00000000f6c00000,0x00000000f6c00000,0x00000000f7480000)
  to   space 8704K, 0% used [0x00000000f7580000,0x00000000f7580000,0x00000000f7e00000)
 ParOldGen       total 349696K, used 349689K [0x00000000e0000000, 0x00000000f5580000, 0x00000000f5580000)
  object space 349696K, 99% used [0x00000000e0000000,0x00000000f557e748,0x00000000f5580000)
 Metaspace       used 54992K, committed 55872K, reserved 1105920K
  class space    used 5038K, committed 5440K, reserved 1048576K
}
Event: 717.270 GC heap after
{Heap after GC invocations=538 (full 355):
 PSYoungGen      total 31744K, used 23039K [0x00000000f5580000, 0x00000000f7e00000, 0x0000000100000000)
  eden space 23040K, 99% used [0x00000000f5580000,0x00000000f6bfffe0,0x00000000f6c00000)
  from space 8704K, 0% used [0x00000000f7580000,0x00000000f7580000,0x00000000f7e00000)
  to   space 8704K, 0% used [0x00000000f6c00000,0x00000000f6c00000,0x00000000f7480000)
 ParOldGen       total 349696K, used 349689K [0x00000000e0000000, 0x00000000f5580000, 0x00000000f5580000)
  object space 349696K, 99% used [0x00000000e0000000,0x00000000f557e748,0x00000000f5580000)
 Metaspace       used 54992K, committed 55872K, reserved 1105920K
  class space    used 5038K, committed 5440K, reserved 1048576K
}
Event: 717.279 GC heap before
{Heap before GC invocations=539 (full 356):
 PSYoungGen      total 31744K, used 23039K [0x00000000f5580000, 0x00000000f7e00000, 0x0000000100000000)
  eden space 23040K, 99% used [0x00000000f5580000,0x00000000f6bffff8,0x00000000f6c00000)
  from space 8704K, 0% used [0x00000000f7580000,0x00000000f7580000,0x00000000f7e00000)
  to   space 8704K, 0% used [0x00000000f6c00000,0x00000000f6c00000,0x00000000f7480000)
 ParOldGen       total 349696K, used 349689K [0x00000000e0000000, 0x00000000f5580000, 0x00000000f5580000)
  object space 349696K, 99% used [0x00000000e0000000,0x00000000f557e748,0x00000000f5580000)
 Metaspace       used 54992K, committed 55872K, reserved 1105920K
  class space    used 5038K, committed 5440K, reserved 1048576K
}
Event: 721.627 GC heap after
{Heap after GC invocations=539 (full 356):
 PSYoungGen      total 31744K, used 23039K [0x00000000f5580000, 0x00000000f7e00000, 0x0000000100000000)
  eden space 23040K, 99% used [0x00000000f5580000,0x00000000f6bffff8,0x00000000f6c00000)
  from space 8704K, 0% used [0x00000000f6c00000,0x00000000f6c00000,0x00000000f7480000)
  to   space 8704K, 0% used [0x00000000f7580000,0x00000000f7580000,0x00000000f7e00000)
 ParOldGen       total 349696K, used 349689K [0x00000000e0000000, 0x00000000f5580000, 0x00000000f5580000)
  object space 349696K, 99% used [0x00000000e0000000,0x00000000f557e748,0x00000000f5580000)
 Metaspace       used 54992K, committed 55872K, reserved 1105920K
  class space    used 5038K, committed 5440K, reserved 1048576K
}
Event: 721.627 GC heap before
{Heap before GC invocations=540 (full 357):
 PSYoungGen      total 31744K, used 23039K [0x00000000f5580000, 0x00000000f7e00000, 0x0000000100000000)
  eden space 23040K, 99% used [0x00000000f5580000,0x00000000f6bffff8,0x00000000f6c00000)
  from space 8704K, 0% used [0x00000000f6c00000,0x00000000f6c00000,0x00000000f7480000)
  to   space 8704K, 0% used [0x00000000f7580000,0x00000000f7580000,0x00000000f7e00000)
 ParOldGen       total 349696K, used 349691K [0x00000000e0000000, 0x00000000f5580000, 0x00000000f5580000)
  object space 349696K, 99% used [0x00000000e0000000,0x00000000f557efd8,0x00000000f5580000)
 Metaspace       used 54992K, committed 55872K, reserved 1105920K
  class space    used 5038K, committed 5440K, reserved 1048576K
}
Event: 724.833 GC heap after
{Heap after GC invocations=540 (full 357):
 PSYoungGen      total 31744K, used 23039K [0x00000000f5580000, 0x00000000f7e00000, 0x0000000100000000)
  eden space 23040K, 99% used [0x00000000f5580000,0x00000000f6bffdb8,0x00000000f6c00000)
  from space 8704K, 0% used [0x00000000f7580000,0x00000000f7580000,0x00000000f7e00000)
  to   space 8704K, 0% used [0x00000000f6c00000,0x00000000f6c00000,0x00000000f7480000)
 ParOldGen       total 349696K, used 349691K [0x00000000e0000000, 0x00000000f5580000, 0x00000000f5580000)
  object space 349696K, 99% used [0x00000000e0000000,0x00000000f557efa8,0x00000000f5580000)
 Metaspace       used 54992K, committed 55872K, reserved 1105920K
  class space    used 5038K, committed 5440K, reserved 1048576K
}
Event: 724.839 GC heap before
{Heap before GC invocations=541 (full 358):
 PSYoungGen      total 31744K, used 23039K [0x00000000f5580000, 0x00000000f7e00000, 0x0000000100000000)
  eden space 23040K, 99% used [0x00000000f5580000,0x00000000f6bffff8,0x00000000f6c00000)
  from space 8704K, 0% used [0x00000000f7580000,0x00000000f7580000,0x00000000f7e00000)
  to   space 8704K, 0% used [0x00000000f6c00000,0x00000000f6c00000,0x00000000f7480000)
 ParOldGen       total 349696K, used 349691K [0x00000000e0000000, 0x00000000f5580000, 0x00000000f5580000)
  object space 349696K, 99% used [0x00000000e0000000,0x00000000f557efa8,0x00000000f5580000)
 Metaspace       used 54992K, committed 55872K, reserved 1105920K
  class space    used 5038K, committed 5440K, reserved 1048576K
}
Event: 728.864 GC heap after
{Heap after GC invocations=541 (full 358):
 PSYoungGen      total 31744K, used 23039K [0x00000000f5580000, 0x00000000f7e00000, 0x0000000100000000)
  eden space 23040K, 99% used [0x00000000f5580000,0x00000000f6bffe10,0x00000000f6c00000)
  from space 8704K, 0% used [0x00000000f6c00000,0x00000000f6c00000,0x00000000f7480000)
  to   space 8704K, 0% used [0x00000000f7580000,0x00000000f7580000,0x00000000f7e00000)
 ParOldGen       total 349696K, used 349691K [0x00000000e0000000, 0x00000000f5580000, 0x00000000f5580000)
  object space 349696K, 99% used [0x00000000e0000000,0x00000000f557efa8,0x00000000f5580000)
 Metaspace       used 54992K, committed 55872K, reserved 1105920K
  class space    used 5038K, committed 5440K, reserved 1048576K
}
Event: 728.870 GC heap before
{Heap before GC invocations=542 (full 359):
 PSYoungGen      total 31744K, used 23039K [0x00000000f5580000, 0x00000000f7e00000, 0x0000000100000000)
  eden space 23040K, 99% used [0x00000000f5580000,0x00000000f6bfffd8,0x00000000f6c00000)
  from space 8704K, 0% used [0x00000000f6c00000,0x00000000f6c00000,0x00000000f7480000)
  to   space 8704K, 0% used [0x00000000f7580000,0x00000000f7580000,0x00000000f7e00000)
 ParOldGen       total 349696K, used 349691K [0x00000000e0000000, 0x00000000f5580000, 0x00000000f5580000)
  object space 349696K, 99% used [0x00000000e0000000,0x00000000f557efa8,0x00000000f5580000)
 Metaspace       used 54992K, committed 55872K, reserved 1105920K
  class space    used 5038K, committed 5440K, reserved 1048576K
}
Event: 732.559 GC heap after
{Heap after GC invocations=542 (full 359):
 PSYoungGen      total 31744K, used 23039K [0x00000000f5580000, 0x00000000f7e00000, 0x0000000100000000)
  eden space 23040K, 99% used [0x00000000f5580000,0x00000000f6bffe48,0x00000000f6c00000)
  from space 8704K, 0% used [0x00000000f7580000,0x00000000f7580000,0x00000000f7e00000)
  to   space 8704K, 0% used [0x00000000f6c00000,0x00000000f6c00000,0x00000000f7480000)
 ParOldGen       total 349696K, used 349691K [0x00000000e0000000, 0x00000000f5580000, 0x00000000f5580000)
  object space 349696K, 99% used [0x00000000e0000000,0x00000000f557efa8,0x00000000f5580000)
 Metaspace       used 54992K, committed 55872K, reserved 1105920K
  class space    used 5038K, committed 5440K, reserved 1048576K
}
Event: 732.562 GC heap before
{Heap before GC invocations=543 (full 360):
 PSYoungGen      total 31744K, used 23040K [0x00000000f5580000, 0x00000000f7e00000, 0x0000000100000000)
  eden space 23040K, 100% used [0x00000000f5580000,0x00000000f6c00000,0x00000000f6c00000)
  from space 8704K, 0% used [0x00000000f7580000,0x00000000f7580000,0x00000000f7e00000)
  to   space 8704K, 0% used [0x00000000f6c00000,0x00000000f6c00000,0x00000000f7480000)
 ParOldGen       total 349696K, used 349695K [0x00000000e0000000, 0x00000000f5580000, 0x00000000f5580000)
  object space 349696K, 99% used [0x00000000e0000000,0x00000000f557fff8,0x00000000f5580000)
 Metaspace       used 54992K, committed 55872K, reserved 1105920K
  class space    used 5038K, committed 5440K, reserved 1048576K
}
Event: 735.377 GC heap after
{Heap after GC invocations=543 (full 360):
 PSYoungGen      total 31744K, used 23039K [0x00000000f5580000, 0x00000000f7e00000, 0x0000000100000000)
  eden space 23040K, 99% used [0x00000000f5580000,0x00000000f6bffe98,0x00000000f6c00000)
  from space 8704K, 0% used [0x00000000f6c00000,0x00000000f6c00000,0x00000000f7480000)
  to   space 8704K, 0% used [0x00000000f7580000,0x00000000f7580000,0x00000000f7e00000)
 ParOldGen       total 349696K, used 349695K [0x00000000e0000000, 0x00000000f5580000, 0x00000000f5580000)
  object space 349696K, 99% used [0x00000000e0000000,0x00000000f557fe70,0x00000000f5580000)
 Metaspace       used 54992K, committed 55872K, reserved 1105920K
  class space    used 5038K, committed 5440K, reserved 1048576K
}
Event: 735.418 GC heap before
{Heap before GC invocations=544 (full 361):
 PSYoungGen      total 31744K, used 23039K [0x00000000f5580000, 0x00000000f7e00000, 0x0000000100000000)
  eden space 23040K, 99% used [0x00000000f5580000,0x00000000f6bffff8,0x00000000f6c00000)
  from space 8704K, 0% used [0x00000000f6c00000,0x00000000f6c00000,0x00000000f7480000)
  to   space 8704K, 0% used [0x00000000f7580000,0x00000000f7580000,0x00000000f7e00000)
 ParOldGen       total 349696K, used 349695K [0x00000000e0000000, 0x00000000f5580000, 0x00000000f5580000)
  object space 349696K, 99% used [0x00000000e0000000,0x00000000f557fe70,0x00000000f5580000)
 Metaspace       used 54992K, committed 55872K, reserved 1105920K
  class space    used 5038K, committed 5440K, reserved 1048576K
}
Event: 739.052 GC heap after
{Heap after GC invocations=544 (full 361):
 PSYoungGen      total 31744K, used 23039K [0x00000000f5580000, 0x00000000f7e00000, 0x0000000100000000)
  eden space 23040K, 99% used [0x00000000f5580000,0x00000000f6bffe98,0x00000000f6c00000)
  from space 8704K, 0% used [0x00000000f7580000,0x00000000f7580000,0x00000000f7e00000)
  to   space 8704K, 0% used [0x00000000f6c00000,0x00000000f6c00000,0x00000000f7480000)
 ParOldGen       total 349696K, used 349695K [0x00000000e0000000, 0x00000000f5580000, 0x00000000f5580000)
  object space 349696K, 99% used [0x00000000e0000000,0x00000000f557fe70,0x00000000f5580000)
 Metaspace       used 54992K, committed 55872K, reserved 1105920K
  class space    used 5038K, committed 5440K, reserved 1048576K
}
Event: 739.061 GC heap before
{Heap before GC invocations=545 (full 362):
 PSYoungGen      total 31744K, used 23039K [0x00000000f5580000, 0x00000000f7e00000, 0x0000000100000000)
  eden space 23040K, 99% used [0x00000000f5580000,0x00000000f6bfff68,0x00000000f6c00000)
  from space 8704K, 0% used [0x00000000f7580000,0x00000000f7580000,0x00000000f7e00000)
  to   space 8704K, 0% used [0x00000000f6c00000,0x00000000f6c00000,0x00000000f7480000)
 ParOldGen       total 349696K, used 349695K [0x00000000e0000000, 0x00000000f5580000, 0x00000000f5580000)
  object space 349696K, 99% used [0x00000000e0000000,0x00000000f557fe70,0x00000000f5580000)
 Metaspace       used 54992K, committed 55872K, reserved 1105920K
  class space    used 5038K, committed 5440K, reserved 1048576K
}
Event: 742.434 GC heap after
{Heap after GC invocations=545 (full 362):
 PSYoungGen      total 31744K, used 23039K [0x00000000f5580000, 0x00000000f7e00000, 0x0000000100000000)
  eden space 23040K, 99% used [0x00000000f5580000,0x00000000f6bffe98,0x00000000f6c00000)
  from space 8704K, 0% used [0x00000000f6c00000,0x00000000f6c00000,0x00000000f7480000)
  to   space 8704K, 0% used [0x00000000f7580000,0x00000000f7580000,0x00000000f7e00000)
 ParOldGen       total 349696K, used 349695K [0x00000000e0000000, 0x00000000f5580000, 0x00000000f5580000)
  object space 349696K, 99% used [0x00000000e0000000,0x00000000f557fe70,0x00000000f5580000)
 Metaspace       used 54992K, committed 55872K, reserved 1105920K
  class space    used 5038K, committed 5440K, reserved 1048576K
}
Event: 742.434 GC heap before
{Heap before GC invocations=546 (full 363):
 PSYoungGen      total 31744K, used 23039K [0x00000000f5580000, 0x00000000f7e00000, 0x0000000100000000)
  eden space 23040K, 99% used [0x00000000f5580000,0x00000000f6bffe98,0x00000000f6c00000)
  from space 8704K, 0% used [0x00000000f6c00000,0x00000000f6c00000,0x00000000f7480000)
  to   space 8704K, 0% used [0x00000000f7580000,0x00000000f7580000,0x00000000f7e00000)
 ParOldGen       total 349696K, used 349695K [0x00000000e0000000, 0x00000000f5580000, 0x00000000f5580000)
  object space 349696K, 99% used [0x00000000e0000000,0x00000000f557fe70,0x00000000f5580000)
 Metaspace       used 54992K, committed 55872K, reserved 1105920K
  class space    used 5038K, committed 5440K, reserved 1048576K
}
Event: 746.111 GC heap after
{Heap after GC invocations=546 (full 363):
 PSYoungGen      total 31744K, used 23039K [0x00000000f5580000, 0x00000000f7e00000, 0x0000000100000000)
  eden space 23040K, 99% used [0x00000000f5580000,0x00000000f6bffe98,0x00000000f6c00000)
  from space 8704K, 0% used [0x00000000f7580000,0x00000000f7580000,0x00000000f7e00000)
  to   space 8704K, 0% used [0x00000000f6c00000,0x00000000f6c00000,0x00000000f7480000)
 ParOldGen       total 349696K, used 349695K [0x00000000e0000000, 0x00000000f5580000, 0x00000000f5580000)
  object space 349696K, 99% used [0x00000000e0000000,0x00000000f557fd90,0x00000000f5580000)
 Metaspace       used 54992K, committed 55872K, reserved 1105920K
  class space    used 5038K, committed 5440K, reserved 1048576K
}

