# JRE version: OpenJDK Runtime Environment GraalVM CE 22.3.0 (17.0.5+8) (build 17.0.5+8-jvmci-22.3-b08)
# Java VM: OpenJDK 64-Bit Server VM GraalVM CE 22.3.0 (17.0.5+8-jvmci-22.3-b08, mixed mode, sharing, tiered, jvmci, jvmci compiler, compressed oops, compressed class ptrs, parallel gc, linux-amd64)
GC Precious Log:
 CPUs: 8 total, 1 available
 Memory: 1024M
 Large Page Support: Disabled
 NUMA Support: Disabled
 Compressed Oops: Enabled (32-bit)
 Alignments: Space 512K, Generation 512K, Heap 2M
 Heap Min Capacity: 100M
 Heap Initial Capacity: 100M
 Heap Max Capacity: 512M
 Pre-touch: Disabled
 Parallel Workers: 1
Heap:
 PSYoungGen      total 40960K, used 30004K [0x00000000f5580000, 0x00000000fc800000, 0x0000000100000000)
  eden space 17408K, 100% used [0x00000000f5580000,0x00000000f6680000,0x00000000f6680000)
  from space 23552K, 53% used [0x00000000f9700000,0x00000000fa34d340,0x00000000fae00000)
  to   space 49664K, 0% used [0x00000000f6680000,0x00000000f6680000,0x00000000f9700000)
 ParOldGen       total 349696K, used 349695K [0x00000000e0000000, 0x00000000f5580000, 0x00000000f5580000)
  object space 349696K, 99% used [0x00000000e0000000,0x00000000f557fff0,0x00000000f5580000)
 Metaspace       used 58990K, committed 59776K, reserved 1105920K
  class space    used 5545K, committed 5952K, reserved 1048576K
GC Heap History (20 events):
Event: 4913.037 GC heap before
{Heap before GC invocations=1547 (full 1437):
 PSYoungGen      total 40960K, used 30004K [0x00000000f5580000, 0x00000000fc800000, 0x0000000100000000)
  eden space 17408K, 99% used [0x00000000f5580000,0x00000000f667fff8,0x00000000f6680000)
  from space 23552K, 53% used [0x00000000f9700000,0x00000000fa34d340,0x00000000fae00000)
  to   space 49664K, 0% used [0x00000000f6680000,0x00000000f6680000,0x00000000f9700000)
 ParOldGen       total 349696K, used 349695K [0x00000000e0000000, 0x00000000f5580000, 0x00000000f5580000)
  object space 349696K, 99% used [0x00000000e0000000,0x00000000f557fdd8,0x00000000f5580000)
 Metaspace       used 58990K, committed 59776K, reserved 1105920K
  class space    used 5545K, committed 5952K, reserved 1048576K
}
Event: 4915.764 GC heap after
{Heap after GC invocations=1547 (full 1437):
 PSYoungGen      total 40960K, used 30004K [0x00000000f5580000, 0x00000000fc800000, 0x0000000100000000)
  eden space 17408K, 99% used [0x00000000f5580000,0x00000000f667fff8,0x00000000f6680000)
  from space 23552K, 53% used [0x00000000f9700000,0x00000000fa34d340,0x00000000fae00000)
  to   space 49664K, 0% used [0x00000000f6680000,0x00000000f6680000,0x00000000f9700000)
 ParOldGen       total 349696K, used 349695K [0x00000000e0000000, 0x00000000f5580000, 0x00000000f5580000)
  object space 349696K, 99% used [0x00000000e0000000,0x00000000f557fdd8,0x00000000f5580000)
 Metaspace       used 58990K, committed 59776K, reserved 1105920K
  class space    used 5545K, committed 5952K, reserved 1048576K
}
Event: 4915.766 GC heap before
{Heap before GC invocations=1548 (full 1438):
 PSYoungGen      total 40960K, used 30004K [0x00000000f5580000, 0x00000000fc800000, 0x0000000100000000)
  eden space 17408K, 99% used [0x00000000f5580000,0x00000000f667fff8,0x00000000f6680000)
  from space 23552K, 53% used [0x00000000f9700000,0x00000000fa34d340,0x00000000fae00000)
  to   space 49664K, 0% used [0x00000000f6680000,0x00000000f6680000,0x00000000f9700000)
 ParOldGen       total 349696K, used 349695K [0x00000000e0000000, 0x00000000f5580000, 0x00000000f5580000)
  object space 349696K, 99% used [0x00000000e0000000,0x00000000f557fff0,0x00000000f5580000)
 Metaspace       used 58990K, committed 59776K, reserved 1105920K
  class space    used 5545K, committed 5952K, reserved 1048576K
}
Event: 4919.236 GC heap after
{Heap after GC invocations=1548 (full 1438):
 PSYoungGen      total 40960K, used 30004K [0x00000000f5580000, 0x00000000fc800000, 0x0000000100000000)
  eden space 17408K, 99% used [0x00000000f5580000,0x00000000f667fff8,0x00000000f6680000)
  from space 23552K, 53% used [0x00000000f9700000,0x00000000fa34d340,0x00000000fae00000)
  to   space 49664K, 0% used [0x00000000f6680000,0x00000000f6680000,0x00000000f9700000)
 ParOldGen       total 349696K, used 349695K [0x00000000e0000000, 0x00000000f5580000, 0x00000000f5580000)
  object space 349696K, 99% used [0x00000000e0000000,0x00000000f557ff90,0x00000000f5580000)
 Metaspace       used 58990K, committed 59776K, reserved 1105920K
  class space    used 5545K, committed 5952K, reserved 1048576K
}
Event: 4919.246 GC heap before
{Heap before GC invocations=1549 (full 1439):
 PSYoungGen      total 40960K, used 30004K [0x00000000f5580000, 0x00000000fc800000, 0x0000000100000000)
  eden space 17408K, 99% used [0x00000000f5580000,0x00000000f667fff8,0x00000000f6680000)
  from space 23552K, 53% used [0x00000000f9700000,0x00000000fa34d340,0x00000000fae00000)
  to   space 49664K, 0% used [0x00000000f6680000,0x00000000f6680000,0x00000000f9700000)
 ParOldGen       total 349696K, used 349695K [0x00000000e0000000, 0x00000000f5580000, 0x00000000f5580000)
  object space 349696K, 99% used [0x00000000e0000000,0x00000000f557ffd8,0x00000000f5580000)
 Metaspace       used 58990K, committed 59776K, reserved 1105920K
  class space    used 5545K, committed 5952K, reserved 1048576K
}
Event: 4923.239 GC heap after
{Heap after GC invocations=1549 (full 1439):
 PSYoungGen      total 40960K, used 30004K [0x00000000f5580000, 0x00000000fc800000, 0x0000000100000000)
  eden space 17408K, 99% used [0x00000000f5580000,0x00000000f667fff8,0x00000000f6680000)
  from space 23552K, 53% used [0x00000000f9700000,0x00000000fa34d340,0x00000000fae00000)
  to   space 49664K, 0% used [0x00000000f6680000,0x00000000f6680000,0x00000000f9700000)
 ParOldGen       total 349696K, used 349695K [0x00000000e0000000, 0x00000000f5580000, 0x00000000f5580000)
  object space 349696K, 99% used [0x00000000e0000000,0x00000000f557ffc0,0x00000000f5580000)
 Metaspace       used 58990K, committed 59776K, reserved 1105920K
  class space    used 5545K, committed 5952K, reserved 1048576K
}
Event: 4923.239 GC heap before
{Heap before GC invocations=1550 (full 1440):
 PSYoungGen      total 40960K, used 30004K [0x00000000f5580000, 0x00000000fc800000, 0x0000000100000000)
  eden space 17408K, 99% used [0x00000000f5580000,0x00000000f667fff8,0x00000000f6680000)
  from space 23552K, 53% used [0x00000000f9700000,0x00000000fa34d340,0x00000000fae00000)
  to   space 49664K, 0% used [0x00000000f6680000,0x00000000f6680000,0x00000000f9700000)
 ParOldGen       total 349696K, used 349695K [0x00000000e0000000, 0x00000000f5580000, 0x00000000f5580000)
  object space 349696K, 99% used [0x00000000e0000000,0x00000000f557ffc0,0x00000000f5580000)
 Metaspace       used 58990K, committed 59776K, reserved 1105920K
  class space    used 5545K, committed 5952K, reserved 1048576K
}
Event: 4926.260 GC heap after
{Heap after GC invocations=1550 (full 1440):
 PSYoungGen      total 40960K, used 30004K [0x00000000f5580000, 0x00000000fc800000, 0x0000000100000000)
  eden space 17408K, 99% used [0x00000000f5580000,0x00000000f667fff8,0x00000000f6680000)
  from space 23552K, 53% used [0x00000000f9700000,0x00000000fa34d340,0x00000000fae00000)
  to   space 49664K, 0% used [0x00000000f6680000,0x00000000f6680000,0x00000000f9700000)
 ParOldGen       total 349696K, used 349695K [0x00000000e0000000, 0x00000000f5580000, 0x00000000f5580000)
  object space 349696K, 99% used [0x00000000e0000000,0x00000000f557ffc0,0x00000000f5580000)
 Metaspace       used 58990K, committed 59776K, reserved 1105920K
  class space    used 5545K, committed 5952K, reserved 1048576K
}
Event: 4926.334 GC heap before
{Heap before GC invocations=1551 (full 1441):
 PSYoungGen      total 40960K, used 30004K [0x00000000f5580000, 0x00000000fc800000, 0x0000000100000000)
  eden space 17408K, 99% used [0x00000000f5580000,0x00000000f667fff8,0x00000000f6680000)
  from space 23552K, 53% used [0x00000000f9700000,0x00000000fa34d340,0x00000000fae00000)
  to   space 49664K, 0% used [0x00000000f6680000,0x00000000f6680000,0x00000000f9700000)
 ParOldGen       total 349696K, used 349695K [0x00000000e0000000, 0x00000000f5580000, 0x00000000f5580000)
  object space 349696K, 99% used [0x00000000e0000000,0x00000000f557ffc0,0x00000000f5580000)
 Metaspace       used 58990K, committed 59776K, reserved 1105920K
  class space    used 5545K, committed 5952K, reserved 1048576K
}
Event: 4929.449 GC heap after
{Heap after GC invocations=1551 (full 1441):
 PSYoungGen      total 40960K, used 30004K [0x00000000f5580000, 0x00000000fc800000, 0x0000000100000000)
  eden space 17408K, 99% used [0x00000000f5580000,0x00000000f667ffd8,0x00000000f6680000)
  from space 23552K, 53% used [0x00000000f9700000,0x00000000fa34d340,0x00000000fae00000)
  to   space 49664K, 0% used [0x00000000f6680000,0x00000000f6680000,0x00000000f9700000)
 ParOldGen       total 349696K, used 349695K [0x00000000e0000000, 0x00000000f5580000, 0x00000000f5580000)
  object space 349696K, 99% used [0x00000000e0000000,0x00000000f557ffc0,0x00000000f5580000)
 Metaspace       used 58990K, committed 59776K, reserved 1105920K
  class space    used 5545K, committed 5952K, reserved 1048576K
}
Event: 4929.449 GC heap before
{Heap before GC invocations=1552 (full 1442):
 PSYoungGen      total 40960K, used 30004K [0x00000000f5580000, 0x00000000fc800000, 0x0000000100000000)
  eden space 17408K, 99% used [0x00000000f5580000,0x00000000f667ffd8,0x00000000f6680000)
  from space 23552K, 53% used [0x00000000f9700000,0x00000000fa34d340,0x00000000fae00000)
  to   space 49664K, 0% used [0x00000000f6680000,0x00000000f6680000,0x00000000f9700000)
 ParOldGen       total 349696K, used 349695K [0x00000000e0000000, 0x00000000f5580000, 0x00000000f5580000)
  object space 349696K, 99% used [0x00000000e0000000,0x00000000f557ffc0,0x00000000f5580000)
 Metaspace       used 58990K, committed 59776K, reserved 1105920K
  class space    used 5545K, committed 5952K, reserved 1048576K
}
Event: 4932.702 GC heap after
{Heap after GC invocations=1552 (full 1442):
 PSYoungGen      total 40960K, used 30004K [0x00000000f5580000, 0x00000000fc800000, 0x0000000100000000)
  eden space 17408K, 99% used [0x00000000f5580000,0x00000000f667ffd8,0x00000000f6680000)
  from space 23552K, 53% used [0x00000000f9700000,0x00000000fa34d340,0x00000000fae00000)
  to   space 49664K, 0% used [0x00000000f6680000,0x00000000f6680000,0x00000000f9700000)
 ParOldGen       total 349696K, used 349695K [0x00000000e0000000, 0x00000000f5580000, 0x00000000f5580000)
  object space 349696K, 99% used [0x00000000e0000000,0x00000000f557ffc0,0x00000000f5580000)
 Metaspace       used 58990K, committed 59776K, reserved 1105920K
  class space    used 5545K, committed 5952K, reserved 1048576K
}
Event: 4932.734 GC heap before
{Heap before GC invocations=1553 (full 1443):
 PSYoungGen      total 40960K, used 30004K [0x00000000f5580000, 0x00000000fc800000, 0x0000000100000000)
  eden space 17408K, 99% used [0x00000000f5580000,0x00000000f667ffd8,0x00000000f6680000)
  from space 23552K, 53% used [0x00000000f9700000,0x00000000fa34d340,0x00000000fae00000)
  to   space 49664K, 0% used [0x00000000f6680000,0x00000000f6680000,0x00000000f9700000)
 ParOldGen       total 349696K, used 349695K [0x00000000e0000000, 0x00000000f5580000, 0x00000000f5580000)
  object space 349696K, 99% used [0x00000000e0000000,0x00000000f557ffc0,0x00000000f5580000)
 Metaspace       used 58990K, committed 59776K, reserved 1105920K
  class space    used 5545K, committed 5952K, reserved 1048576K
}
Event: 4935.910 GC heap after
{Heap after GC invocations=1553 (full 1443):
 PSYoungGen      total 40960K, used 30004K [0x00000000f5580000, 0x00000000fc800000, 0x0000000100000000)
  eden space 17408K, 99% used [0x00000000f5580000,0x00000000f667ffd8,0x00000000f6680000)
  from space 23552K, 53% used [0x00000000f9700000,0x00000000fa34d340,0x00000000fae00000)
  to   space 49664K, 0% used [0x00000000f6680000,0x00000000f6680000,0x00000000f9700000)
 ParOldGen       total 349696K, used 349695K [0x00000000e0000000, 0x00000000f5580000, 0x00000000f5580000)
  object space 349696K, 99% used [0x00000000e0000000,0x00000000f557ffc0,0x00000000f5580000)
 Metaspace       used 58990K, committed 59776K, reserved 1105920K
  class space    used 5545K, committed 5952K, reserved 1048576K
}
Event: 4935.910 GC heap before
{Heap before GC invocations=1554 (full 1444):
 PSYoungGen      total 40960K, used 30004K [0x00000000f5580000, 0x00000000fc800000, 0x0000000100000000)
  eden space 17408K, 99% used [0x00000000f5580000,0x00000000f667ffd8,0x00000000f6680000)
  from space 23552K, 53% used [0x00000000f9700000,0x00000000fa34d340,0x00000000fae00000)
  to   space 49664K, 0% used [0x00000000f6680000,0x00000000f6680000,0x00000000f9700000)
 ParOldGen       total 349696K, used 349695K [0x00000000e0000000, 0x00000000f5580000, 0x00000000f5580000)
  object space 349696K, 99% used [0x00000000e0000000,0x00000000f557ffc0,0x00000000f5580000)
 Metaspace       used 58990K, committed 59776K, reserved 1105920K
  class space    used 5545K, committed 5952K, reserved 1048576K
}
Event: 4939.047 GC heap after
{Heap after GC invocations=1554 (full 1444):
 PSYoungGen      total 40960K, used 30004K [0x00000000f5580000, 0x00000000fc800000, 0x0000000100000000)
  eden space 17408K, 99% used [0x00000000f5580000,0x00000000f667ffd8,0x00000000f6680000)
  from space 23552K, 53% used [0x00000000f9700000,0x00000000fa34d340,0x00000000fae00000)
  to   space 49664K, 0% used [0x00000000f6680000,0x00000000f6680000,0x00000000f9700000)
 ParOldGen       total 349696K, used 349695K [0x00000000e0000000, 0x00000000f5580000, 0x00000000f5580000)
  object space 349696K, 99% used [0x00000000e0000000,0x00000000f557ffc0,0x00000000f5580000)
 Metaspace       used 58990K, committed 59776K, reserved 1105920K
  class space    used 5545K, committed 5952K, reserved 1048576K
}
Event: 4939.048 GC heap before
{Heap before GC invocations=1555 (full 1445):
 PSYoungGen      total 40960K, used 30004K [0x00000000f5580000, 0x00000000fc800000, 0x0000000100000000)
  eden space 17408K, 99% used [0x00000000f5580000,0x00000000f667fff8,0x00000000f6680000)
  from space 23552K, 53% used [0x00000000f9700000,0x00000000fa34d340,0x00000000fae00000)
  to   space 49664K, 0% used [0x00000000f6680000,0x00000000f6680000,0x00000000f9700000)
 ParOldGen       total 349696K, used 349695K [0x00000000e0000000, 0x00000000f5580000, 0x00000000f5580000)
  object space 349696K, 99% used [0x00000000e0000000,0x00000000f557ffe0,0x00000000f5580000)
 Metaspace       used 58990K, committed 59776K, reserved 1105920K
  class space    used 5545K, committed 5952K, reserved 1048576K
}
Event: 4942.047 GC heap after
{Heap after GC invocations=1555 (full 1445):
 PSYoungGen      total 40960K, used 30004K [0x00000000f5580000, 0x00000000fc800000, 0x0000000100000000)
  eden space 17408K, 99% used [0x00000000f5580000,0x00000000f667ffe0,0x00000000f6680000)
  from space 23552K, 53% used [0x00000000f9700000,0x00000000fa34d340,0x00000000fae00000)
  to   space 49664K, 0% used [0x00000000f6680000,0x00000000f6680000,0x00000000f9700000)
 ParOldGen       total 349696K, used 349695K [0x00000000e0000000, 0x00000000f5580000, 0x00000000f5580000)
  object space 349696K, 99% used [0x00000000e0000000,0x00000000f557ffe0,0x00000000f5580000)
 Metaspace       used 58990K, committed 59776K, reserved 1105920K
  class space    used 5545K, committed 5952K, reserved 1048576K
}
Event: 4942.047 GC heap before
{Heap before GC invocations=1556 (full 1446):
 PSYoungGen      total 40960K, used 30004K [0x00000000f5580000, 0x00000000fc800000, 0x0000000100000000)
  eden space 17408K, 99% used [0x00000000f5580000,0x00000000f667ffe0,0x00000000f6680000)
  from space 23552K, 53% used [0x00000000f9700000,0x00000000fa34d340,0x00000000fae00000)
  to   space 49664K, 0% used [0x00000000f6680000,0x00000000f6680000,0x00000000f9700000)
 ParOldGen       total 349696K, used 349695K [0x00000000e0000000, 0x00000000f5580000, 0x00000000f5580000)
  object space 349696K, 99% used [0x00000000e0000000,0x00000000f557ffe0,0x00000000f5580000)
 Metaspace       used 58990K, committed 59776K, reserved 1105920K
  class space    used 5545K, committed 5952K, reserved 1048576K
}
Event: 4945.135 GC heap after
{Heap after GC invocations=1556 (full 1446):
 PSYoungGen      total 40960K, used 30004K [0x00000000f5580000, 0x00000000fc800000, 0x0000000100000000)
  eden space 17408K, 99% used [0x00000000f5580000,0x00000000f667ffe0,0x00000000f6680000)
  from space 23552K, 53% used [0x00000000f9700000,0x00000000fa34d340,0x00000000fae00000)
  to   space 49664K, 0% used [0x00000000f6680000,0x00000000f6680000,0x00000000f9700000)
 ParOldGen       total 349696K, used 349695K [0x00000000e0000000, 0x00000000f5580000, 0x00000000f5580000)
  object space 349696K, 99% used [0x00000000e0000000,0x00000000f557ffe0,0x00000000f5580000)
 Metaspace       used 58990K, committed 59776K, reserved 1105920K
  class space    used 5545K, committed 5952K, reserved 1048576K
}

