# JRE version: OpenJDK Runtime Environment GraalVM CE 22.3.0 (17.0.5+8) (build 17.0.5+8-jvmci-22.3-b08)
# Java VM: OpenJDK 64-Bit Server VM GraalVM CE 22.3.0 (17.0.5+8-jvmci-22.3-b08, mixed mode, sharing, tiered, jvmci, jvmci compiler, compressed oops, compressed class ptrs, parallel gc, linux-amd64)
GC Precious Log:
 CPUs: 4 total, 1 available
 Memory: 1024M
 Large Page Support: Disabled
 NUMA Support: Disabled
 Compressed Oops: Enabled (32-bit)
 Alignments: Space 512K, Generation 512K, Heap 2M
 Heap Min Capacity: 100M
 Heap Initial Capacity: 100M
 Heap Max Capacity: 512M
 Pre-touch: Disabled
 Parallel Workers: 1
Heap:
 PSYoungGen      total 16384K, used 8703K [0x00000000f5580000, 0x00000000f7080000, 0x0000000100000000)
  eden space 8704K, 99% used [0x00000000f5580000,0x00000000f5dffff8,0x00000000f5e00000)
  from space 7680K, 0% used [0x00000000f5e00000,0x00000000f5e00000,0x00000000f6580000)
  to   space 8704K, 0% used [0x00000000f6800000,0x00000000f6800000,0x00000000f7080000)
 ParOldGen       total 349696K, used 349694K [0x00000000e0000000, 0x00000000f5580000, 0x00000000f5580000)
  object space 349696K, 99% used [0x00000000e0000000,0x00000000f557fae8,0x00000000f5580000)
 Metaspace       used 53493K, committed 54400K, reserved 1105920K
  class space    used 4868K, committed 5248K, reserved 1048576K
GC Heap History (20 events):
Event: 625.680 GC heap before
{Heap before GC invocations=626 (full 455):
 PSYoungGen      total 16384K, used 8704K [0x00000000f5580000, 0x00000000f7080000, 0x0000000100000000)
  eden space 8704K, 100% used [0x00000000f5580000,0x00000000f5e00000,0x00000000f5e00000)
  from space 7680K, 0% used [0x00000000f5e00000,0x00000000f5e00000,0x00000000f6580000)
  to   space 8704K, 0% used [0x00000000f6800000,0x00000000f6800000,0x00000000f7080000)
 ParOldGen       total 349696K, used 349695K [0x00000000e0000000, 0x00000000f5580000, 0x00000000f5580000)
  object space 349696K, 99% used [0x00000000e0000000,0x00000000f557ff98,0x00000000f5580000)
 Metaspace       used 53493K, committed 54400K, reserved 1105920K
  class space    used 4868K, committed 5248K, reserved 1048576K
}
Event: 626.876 GC heap after
{Heap after GC invocations=626 (full 455):
 PSYoungGen      total 17408K, used 8703K [0x00000000f5580000, 0x00000000f7080000, 0x0000000100000000)
  eden space 8704K, 99% used [0x00000000f5580000,0x00000000f5dfffe0,0x00000000f5e00000)
  from space 8704K, 0% used [0x00000000f6800000,0x00000000f6800000,0x00000000f7080000)
  to   space 7680K, 0% used [0x00000000f5e00000,0x00000000f5e00000,0x00000000f6580000)
 ParOldGen       total 349696K, used 349695K [0x00000000e0000000, 0x00000000f5580000, 0x00000000f5580000)
  object space 349696K, 99% used [0x00000000e0000000,0x00000000f557fcd0,0x00000000f5580000)
 Metaspace       used 53493K, committed 54400K, reserved 1105920K
  class space    used 4868K, committed 5248K, reserved 1048576K
}
Event: 626.881 GC heap before
{Heap before GC invocations=627 (full 456):
 PSYoungGen      total 17408K, used 8704K [0x00000000f5580000, 0x00000000f7080000, 0x0000000100000000)
  eden space 8704K, 100% used [0x00000000f5580000,0x00000000f5e00000,0x00000000f5e00000)
  from space 8704K, 0% used [0x00000000f6800000,0x00000000f6800000,0x00000000f7080000)
  to   space 7680K, 0% used [0x00000000f5e00000,0x00000000f5e00000,0x00000000f6580000)
 ParOldGen       total 349696K, used 349695K [0x00000000e0000000, 0x00000000f5580000, 0x00000000f5580000)
  object space 349696K, 99% used [0x00000000e0000000,0x00000000f557ffc0,0x00000000f5580000)
 Metaspace       used 53493K, committed 54400K, reserved 1105920K
  class space    used 4868K, committed 5248K, reserved 1048576K
}
Event: 627.905 GC heap after
{Heap after GC invocations=627 (full 456):
 PSYoungGen      total 16384K, used 8703K [0x00000000f5580000, 0x00000000f7080000, 0x0000000100000000)
  eden space 8704K, 99% used [0x00000000f5580000,0x00000000f5dfff90,0x00000000f5e00000)
  from space 7680K, 0% used [0x00000000f5e00000,0x00000000f5e00000,0x00000000f6580000)
  to   space 8704K, 0% used [0x00000000f6800000,0x00000000f6800000,0x00000000f7080000)
 ParOldGen       total 349696K, used 349694K [0x00000000e0000000, 0x00000000f5580000, 0x00000000f5580000)
  object space 349696K, 99% used [0x00000000e0000000,0x00000000f557fb40,0x00000000f5580000)
 Metaspace       used 53493K, committed 54400K, reserved 1105920K
  class space    used 4868K, committed 5248K, reserved 1048576K
}
Event: 627.905 GC heap before
{Heap before GC invocations=628 (full 457):
 PSYoungGen      total 16384K, used 8703K [0x00000000f5580000, 0x00000000f7080000, 0x0000000100000000)
  eden space 8704K, 99% used [0x00000000f5580000,0x00000000f5dffff8,0x00000000f5e00000)
  from space 7680K, 0% used [0x00000000f5e00000,0x00000000f5e00000,0x00000000f6580000)
  to   space 8704K, 0% used [0x00000000f6800000,0x00000000f6800000,0x00000000f7080000)
 ParOldGen       total 349696K, used 349694K [0x00000000e0000000, 0x00000000f5580000, 0x00000000f5580000)
  object space 349696K, 99% used [0x00000000e0000000,0x00000000f557fb40,0x00000000f5580000)
 Metaspace       used 53493K, committed 54400K, reserved 1105920K
  class space    used 4868K, committed 5248K, reserved 1048576K
}
Event: 629.001 GC heap after
{Heap after GC invocations=628 (full 457):
 PSYoungGen      total 17408K, used 8703K [0x00000000f5580000, 0x00000000f7080000, 0x0000000100000000)
  eden space 8704K, 99% used [0x00000000f5580000,0x00000000f5dffff8,0x00000000f5e00000)
  from space 8704K, 0% used [0x00000000f6800000,0x00000000f6800000,0x00000000f7080000)
  to   space 7680K, 0% used [0x00000000f5e00000,0x00000000f5e00000,0x00000000f6580000)
 ParOldGen       total 349696K, used 349694K [0x00000000e0000000, 0x00000000f5580000, 0x00000000f5580000)
  object space 349696K, 99% used [0x00000000e0000000,0x00000000f557fb10,0x00000000f5580000)
 Metaspace       used 53493K, committed 54400K, reserved 1105920K
  class space    used 4868K, committed 5248K, reserved 1048576K
}
Event: 629.002 GC heap before
{Heap before GC invocations=629 (full 458):
 PSYoungGen      total 17408K, used 8703K [0x00000000f5580000, 0x00000000f7080000, 0x0000000100000000)
  eden space 8704K, 99% used [0x00000000f5580000,0x00000000f5dffff8,0x00000000f5e00000)
  from space 8704K, 0% used [0x00000000f6800000,0x00000000f6800000,0x00000000f7080000)
  to   space 7680K, 0% used [0x00000000f5e00000,0x00000000f5e00000,0x00000000f6580000)
 ParOldGen       total 349696K, used 349695K [0x00000000e0000000, 0x00000000f5580000, 0x00000000f5580000)
  object space 349696K, 99% used [0x00000000e0000000,0x00000000f557fff0,0x00000000f5580000)
 Metaspace       used 53493K, committed 54400K, reserved 1105920K
  class space    used 4868K, committed 5248K, reserved 1048576K
}
Event: 630.102 GC heap after
{Heap after GC invocations=629 (full 458):
 PSYoungGen      total 16384K, used 8703K [0x00000000f5580000, 0x00000000f7080000, 0x0000000100000000)
  eden space 8704K, 99% used [0x00000000f5580000,0x00000000f5dfff80,0x00000000f5e00000)
  from space 7680K, 0% used [0x00000000f5e00000,0x00000000f5e00000,0x00000000f6580000)
  to   space 8704K, 0% used [0x00000000f6800000,0x00000000f6800000,0x00000000f7080000)
 ParOldGen       total 349696K, used 349695K [0x00000000e0000000, 0x00000000f5580000, 0x00000000f5580000)
  object space 349696K, 99% used [0x00000000e0000000,0x00000000f557ffd8,0x00000000f5580000)
 Metaspace       used 53493K, committed 54400K, reserved 1105920K
  class space    used 4868K, committed 5248K, reserved 1048576K
}
Event: 630.104 GC heap before
{Heap before GC invocations=630 (full 459):
 PSYoungGen      total 16384K, used 8703K [0x00000000f5580000, 0x00000000f7080000, 0x0000000100000000)
  eden space 8704K, 99% used [0x00000000f5580000,0x00000000f5dffff8,0x00000000f5e00000)
  from space 7680K, 0% used [0x00000000f5e00000,0x00000000f5e00000,0x00000000f6580000)
  to   space 8704K, 0% used [0x00000000f6800000,0x00000000f6800000,0x00000000f7080000)
 ParOldGen       total 349696K, used 349695K [0x00000000e0000000, 0x00000000f5580000, 0x00000000f5580000)
  object space 349696K, 99% used [0x00000000e0000000,0x00000000f557ffd8,0x00000000f5580000)
 Metaspace       used 53493K, committed 54400K, reserved 1105920K
  class space    used 4868K, committed 5248K, reserved 1048576K
}
Event: 631.162 GC heap after
{Heap after GC invocations=630 (full 459):
 PSYoungGen      total 17408K, used 8703K [0x00000000f5580000, 0x00000000f7080000, 0x0000000100000000)
  eden space 8704K, 99% used [0x00000000f5580000,0x00000000f5dffff8,0x00000000f5e00000)
  from space 8704K, 0% used [0x00000000f6800000,0x00000000f6800000,0x00000000f7080000)
  to   space 7680K, 0% used [0x00000000f5e00000,0x00000000f5e00000,0x00000000f6580000)
 ParOldGen       total 349696K, used 349695K [0x00000000e0000000, 0x00000000f5580000, 0x00000000f5580000)
  object space 349696K, 99% used [0x00000000e0000000,0x00000000f557ffd8,0x00000000f5580000)
 Metaspace       used 53493K, committed 54400K, reserved 1105920K
  class space    used 4868K, committed 5248K, reserved 1048576K
}
Event: 631.162 GC heap before
{Heap before GC invocations=631 (full 460):
 PSYoungGen      total 17408K, used 8703K [0x00000000f5580000, 0x00000000f7080000, 0x0000000100000000)
  eden space 8704K, 99% used [0x00000000f5580000,0x00000000f5dffff8,0x00000000f5e00000)
  from space 8704K, 0% used [0x00000000f6800000,0x00000000f6800000,0x00000000f7080000)
  to   space 7680K, 0% used [0x00000000f5e00000,0x00000000f5e00000,0x00000000f6580000)
 ParOldGen       total 349696K, used 349695K [0x00000000e0000000, 0x00000000f5580000, 0x00000000f5580000)
  object space 349696K, 99% used [0x00000000e0000000,0x00000000f557fff0,0x00000000f5580000)
 Metaspace       used 53493K, committed 54400K, reserved 1105920K
  class space    used 4868K, committed 5248K, reserved 1048576K
}
Event: 632.200 GC heap after
{Heap after GC invocations=631 (full 460):
 PSYoungGen      total 16384K, used 8703K [0x00000000f5580000, 0x00000000f7080000, 0x0000000100000000)
  eden space 8704K, 99% used [0x00000000f5580000,0x00000000f5dffff8,0x00000000f5e00000)
  from space 7680K, 0% used [0x00000000f5e00000,0x00000000f5e00000,0x00000000f6580000)
  to   space 8704K, 0% used [0x00000000f6800000,0x00000000f6800000,0x00000000f7080000)
 ParOldGen       total 349696K, used 349695K [0x00000000e0000000, 0x00000000f5580000, 0x00000000f5580000)
  object space 349696K, 99% used [0x00000000e0000000,0x00000000f557fff0,0x00000000f5580000)
 Metaspace       used 53493K, committed 54400K, reserved 1105920K
  class space    used 4868K, committed 5248K, reserved 1048576K
}
Event: 632.200 GC heap before
{Heap before GC invocations=632 (full 461):
 PSYoungGen      total 16384K, used 8703K [0x00000000f5580000, 0x00000000f7080000, 0x0000000100000000)
  eden space 8704K, 99% used [0x00000000f5580000,0x00000000f5dffff8,0x00000000f5e00000)
  from space 7680K, 0% used [0x00000000f5e00000,0x00000000f5e00000,0x00000000f6580000)
  to   space 8704K, 0% used [0x00000000f6800000,0x00000000f6800000,0x00000000f7080000)
 ParOldGen       total 349696K, used 349695K [0x00000000e0000000, 0x00000000f5580000, 0x00000000f5580000)
  object space 349696K, 99% used [0x00000000e0000000,0x00000000f557fff0,0x00000000f5580000)
 Metaspace       used 53493K, committed 54400K, reserved 1105920K
  class space    used 4868K, committed 5248K, reserved 1048576K
}
Event: 633.507 GC heap after
{Heap after GC invocations=632 (full 461):
 PSYoungGen      total 17408K, used 8703K [0x00000000f5580000, 0x00000000f7080000, 0x0000000100000000)
  eden space 8704K, 99% used [0x00000000f5580000,0x00000000f5dffff8,0x00000000f5e00000)
  from space 8704K, 0% used [0x00000000f6800000,0x00000000f6800000,0x00000000f7080000)
  to   space 7680K, 0% used [0x00000000f5e00000,0x00000000f5e00000,0x00000000f6580000)
 ParOldGen       total 349696K, used 349695K [0x00000000e0000000, 0x00000000f5580000, 0x00000000f5580000)
  object space 349696K, 99% used [0x00000000e0000000,0x00000000f557fff0,0x00000000f5580000)
 Metaspace       used 53493K, committed 54400K, reserved 1105920K
  class space    used 4868K, committed 5248K, reserved 1048576K
}
Event: 633.508 GC heap before
{Heap before GC invocations=633 (full 462):
 PSYoungGen      total 17408K, used 8703K [0x00000000f5580000, 0x00000000f7080000, 0x0000000100000000)
  eden space 8704K, 99% used [0x00000000f5580000,0x00000000f5dffff8,0x00000000f5e00000)
  from space 8704K, 0% used [0x00000000f6800000,0x00000000f6800000,0x00000000f7080000)
  to   space 7680K, 0% used [0x00000000f5e00000,0x00000000f5e00000,0x00000000f6580000)
 ParOldGen       total 349696K, used 349695K [0x00000000e0000000, 0x00000000f5580000, 0x00000000f5580000)
  object space 349696K, 99% used [0x00000000e0000000,0x00000000f557fff0,0x00000000f5580000)
 Metaspace       used 53493K, committed 54400K, reserved 1105920K
  class space    used 4868K, committed 5248K, reserved 1048576K
}
Event: 634.844 GC heap after
{Heap after GC invocations=633 (full 462):
 PSYoungGen      total 16384K, used 8703K [0x00000000f5580000, 0x00000000f7080000, 0x0000000100000000)
  eden space 8704K, 99% used [0x00000000f5580000,0x00000000f5dffff8,0x00000000f5e00000)
  from space 7680K, 0% used [0x00000000f5e00000,0x00000000f5e00000,0x00000000f6580000)
  to   space 8704K, 0% used [0x00000000f6800000,0x00000000f6800000,0x00000000f7080000)
 ParOldGen       total 349696K, used 349694K [0x00000000e0000000, 0x00000000f5580000, 0x00000000f5580000)
  object space 349696K, 99% used [0x00000000e0000000,0x00000000f557fa50,0x00000000f5580000)
 Metaspace       used 53493K, committed 54400K, reserved 1105920K
  class space    used 4868K, committed 5248K, reserved 1048576K
}
Event: 634.858 GC heap before
{Heap before GC invocations=634 (full 463):
 PSYoungGen      total 16384K, used 8703K [0x00000000f5580000, 0x00000000f7080000, 0x0000000100000000)
  eden space 8704K, 99% used [0x00000000f5580000,0x00000000f5dffff8,0x00000000f5e00000)
  from space 7680K, 0% used [0x00000000f5e00000,0x00000000f5e00000,0x00000000f6580000)
  to   space 8704K, 0% used [0x00000000f6800000,0x00000000f6800000,0x00000000f7080000)
 ParOldGen       total 349696K, used 349695K [0x00000000e0000000, 0x00000000f5580000, 0x00000000f5580000)
  object space 349696K, 99% used [0x00000000e0000000,0x00000000f557fe08,0x00000000f5580000)
 Metaspace       used 53493K, committed 54400K, reserved 1105920K
  class space    used 4868K, committed 5248K, reserved 1048576K
}
Event: 636.165 GC heap after
{Heap after GC invocations=634 (full 463):
 PSYoungGen      total 17408K, used 8703K [0x00000000f5580000, 0x00000000f7080000, 0x0000000100000000)
  eden space 8704K, 99% used [0x00000000f5580000,0x00000000f5dffff8,0x00000000f5e00000)
  from space 8704K, 0% used [0x00000000f6800000,0x00000000f6800000,0x00000000f7080000)
  to   space 7680K, 0% used [0x00000000f5e00000,0x00000000f5e00000,0x00000000f6580000)
 ParOldGen       total 349696K, used 349694K [0x00000000e0000000, 0x00000000f5580000, 0x00000000f5580000)
  object space 349696K, 99% used [0x00000000e0000000,0x00000000f557faa8,0x00000000f5580000)
 Metaspace       used 53493K, committed 54400K, reserved 1105920K
  class space    used 4868K, committed 5248K, reserved 1048576K
}
Event: 636.165 GC heap before
{Heap before GC invocations=635 (full 464):
 PSYoungGen      total 17408K, used 8703K [0x00000000f5580000, 0x00000000f7080000, 0x0000000100000000)
  eden space 8704K, 99% used [0x00000000f5580000,0x00000000f5dffff8,0x00000000f5e00000)
  from space 8704K, 0% used [0x00000000f6800000,0x00000000f6800000,0x00000000f7080000)
  to   space 7680K, 0% used [0x00000000f5e00000,0x00000000f5e00000,0x00000000f6580000)
 ParOldGen       total 349696K, used 349694K [0x00000000e0000000, 0x00000000f5580000, 0x00000000f5580000)
  object space 349696K, 99% used [0x00000000e0000000,0x00000000f557faa8,0x00000000f5580000)
 Metaspace       used 53493K, committed 54400K, reserved 1105920K
  class space    used 4868K, committed 5248K, reserved 1048576K
}
Event: 637.196 GC heap after
{Heap after GC invocations=635 (full 464):
 PSYoungGen      total 16384K, used 8703K [0x00000000f5580000, 0x00000000f7080000, 0x0000000100000000)
  eden space 8704K, 99% used [0x00000000f5580000,0x00000000f5dffff8,0x00000000f5e00000)
  from space 7680K, 0% used [0x00000000f5e00000,0x00000000f5e00000,0x00000000f6580000)
  to   space 8704K, 0% used [0x00000000f6800000,0x00000000f6800000,0x00000000f7080000)
 ParOldGen       total 349696K, used 349694K [0x00000000e0000000, 0x00000000f5580000, 0x00000000f5580000)
  object space 349696K, 99% used [0x00000000e0000000,0x00000000f557faa8,0x00000000f5580000)
 Metaspace       used 53493K, committed 54400K, reserved 1105920K
  class space    used 4868K, committed 5248K, reserved 1048576K
}

