# JRE version: OpenJDK Runtime Environment GraalVM CE 22.3.0 (17.0.5+8) (build 17.0.5+8-jvmci-22.3-b08)
# Java VM: OpenJDK 64-Bit Server VM GraalVM CE 22.3.0 (17.0.5+8-jvmci-22.3-b08, mixed mode, sharing, tiered, jvmci, jvmci compiler, compressed oops, compressed class ptrs, parallel gc, linux-amd64)
GC Precious Log:
 CPUs: 4 total, 1 available
 Memory: 1024M
 Large Page Support: Disabled
 NUMA Support: Disabled
 Compressed Oops: Enabled (32-bit)
 Alignments: Space 512K, Generation 512K, Heap 2M
 Heap Min Capacity: 100M
 Heap Initial Capacity: 100M
 Heap Max Capacity: 512M
 Pre-touch: Disabled
 Parallel Workers: 1
Heap:
 PSYoungGen      total 23040K, used 16383K [0x00000000f5580000, 0x00000000f7380000, 0x0000000100000000)
  eden space 16384K, 99% used [0x00000000f5580000,0x00000000f657fff8,0x00000000f6580000)
  from space 6656K, 0% used [0x00000000f6580000,0x00000000f6580000,0x00000000f6c00000)
  to   space 6656K, 0% used [0x00000000f6c00000,0x00000000f6c00000,0x00000000f7280000)
 ParOldGen       total 349696K, used 349696K [0x00000000e0000000, 0x00000000f5580000, 0x00000000f5580000)
  object space 349696K, 100% used [0x00000000e0000000,0x00000000f5580000,0x00000000f5580000)
 Metaspace       used 59047K, committed 59968K, reserved 1105920K
  class space    used 5550K, committed 5952K, reserved 1048576K
GC Heap History (20 events):
Event: 1921.668 GC heap before
{Heap before GC invocations=1670 (full 1477):
 PSYoungGen      total 23040K, used 16383K [0x00000000f5580000, 0x00000000f7380000, 0x0000000100000000)
  eden space 16384K, 99% used [0x00000000f5580000,0x00000000f657fff8,0x00000000f6580000)
  from space 6656K, 0% used [0x00000000f6580000,0x00000000f6580000,0x00000000f6c00000)
  to   space 6656K, 0% used [0x00000000f6c00000,0x00000000f6c00000,0x00000000f7280000)
 ParOldGen       total 349696K, used 349694K [0x00000000e0000000, 0x00000000f5580000, 0x00000000f5580000)
  object space 349696K, 99% used [0x00000000e0000000,0x00000000f557f8d8,0x00000000f5580000)
 Metaspace       used 59047K, committed 59968K, reserved 1105920K
  class space    used 5550K, committed 5952K, reserved 1048576K
}
Event: 1923.148 GC heap after
{Heap after GC invocations=1670 (full 1477):
 PSYoungGen      total 23040K, used 16383K [0x00000000f5580000, 0x00000000f7380000, 0x0000000100000000)
  eden space 16384K, 99% used [0x00000000f5580000,0x00000000f657ffe0,0x00000000f6580000)
  from space 6656K, 0% used [0x00000000f6c00000,0x00000000f6c00000,0x00000000f7280000)
  to   space 6656K, 0% used [0x00000000f6580000,0x00000000f6580000,0x00000000f6c00000)
 ParOldGen       total 349696K, used 349694K [0x00000000e0000000, 0x00000000f5580000, 0x00000000f5580000)
  object space 349696K, 99% used [0x00000000e0000000,0x00000000f557f8d8,0x00000000f5580000)
 Metaspace       used 59047K, committed 59968K, reserved 1105920K
  class space    used 5550K, committed 5952K, reserved 1048576K
}
Event: 1923.149 GC heap before
{Heap before GC invocations=1671 (full 1478):
 PSYoungGen      total 23040K, used 16383K [0x00000000f5580000, 0x00000000f7380000, 0x0000000100000000)
  eden space 16384K, 99% used [0x00000000f5580000,0x00000000f657fff8,0x00000000f6580000)
  from space 6656K, 0% used [0x00000000f6c00000,0x00000000f6c00000,0x00000000f7280000)
  to   space 6656K, 0% used [0x00000000f6580000,0x00000000f6580000,0x00000000f6c00000)
 ParOldGen       total 349696K, used 349694K [0x00000000e0000000, 0x00000000f5580000, 0x00000000f5580000)
  object space 349696K, 99% used [0x00000000e0000000,0x00000000f557f8d8,0x00000000f5580000)
 Metaspace       used 59047K, committed 59968K, reserved 1105920K
  class space    used 5550K, committed 5952K, reserved 1048576K
}
Event: 1924.380 GC heap after
{Heap after GC invocations=1671 (full 1478):
 PSYoungGen      total 23040K, used 16383K [0x00000000f5580000, 0x00000000f7380000, 0x0000000100000000)
  eden space 16384K, 99% used [0x00000000f5580000,0x00000000f657fff8,0x00000000f6580000)
  from space 6656K, 0% used [0x00000000f6580000,0x00000000f6580000,0x00000000f6c00000)
  to   space 6656K, 0% used [0x00000000f6c00000,0x00000000f6c00000,0x00000000f7280000)
 ParOldGen       total 349696K, used 349694K [0x00000000e0000000, 0x00000000f5580000, 0x00000000f5580000)
  object space 349696K, 99% used [0x00000000e0000000,0x00000000f557f8d8,0x00000000f5580000)
 Metaspace       used 59047K, committed 59968K, reserved 1105920K
  class space    used 5550K, committed 5952K, reserved 1048576K
}
Event: 1924.380 GC heap before
{Heap before GC invocations=1672 (full 1479):
 PSYoungGen      total 23040K, used 16383K [0x00000000f5580000, 0x00000000f7380000, 0x0000000100000000)
  eden space 16384K, 99% used [0x00000000f5580000,0x00000000f657fff8,0x00000000f6580000)
  from space 6656K, 0% used [0x00000000f6580000,0x00000000f6580000,0x00000000f6c00000)
  to   space 6656K, 0% used [0x00000000f6c00000,0x00000000f6c00000,0x00000000f7280000)
 ParOldGen       total 349696K, used 349696K [0x00000000e0000000, 0x00000000f5580000, 0x00000000f5580000)
  object space 349696K, 100% used [0x00000000e0000000,0x00000000f5580000,0x00000000f5580000)
 Metaspace       used 59047K, committed 59968K, reserved 1105920K
  class space    used 5550K, committed 5952K, reserved 1048576K
}
Event: 1926.701 GC heap after
{Heap after GC invocations=1672 (full 1479):
 PSYoungGen      total 23040K, used 16383K [0x00000000f5580000, 0x00000000f7380000, 0x0000000100000000)
  eden space 16384K, 99% used [0x00000000f5580000,0x00000000f657fe48,0x00000000f6580000)
  from space 6656K, 0% used [0x00000000f6c00000,0x00000000f6c00000,0x00000000f7280000)
  to   space 6656K, 0% used [0x00000000f6580000,0x00000000f6580000,0x00000000f6c00000)
 ParOldGen       total 349696K, used 349696K [0x00000000e0000000, 0x00000000f5580000, 0x00000000f5580000)
  object space 349696K, 100% used [0x00000000e0000000,0x00000000f5580000,0x00000000f5580000)
 Metaspace       used 59047K, committed 59968K, reserved 1105920K
  class space    used 5550K, committed 5952K, reserved 1048576K
}
Event: 1926.704 GC heap before
{Heap before GC invocations=1673 (full 1480):
 PSYoungGen      total 23040K, used 16383K [0x00000000f5580000, 0x00000000f7380000, 0x0000000100000000)
  eden space 16384K, 99% used [0x00000000f5580000,0x00000000f657fff8,0x00000000f6580000)
  from space 6656K, 0% used [0x00000000f6c00000,0x00000000f6c00000,0x00000000f7280000)
  to   space 6656K, 0% used [0x00000000f6580000,0x00000000f6580000,0x00000000f6c00000)
 ParOldGen       total 349696K, used 349696K [0x00000000e0000000, 0x00000000f5580000, 0x00000000f5580000)
  object space 349696K, 100% used [0x00000000e0000000,0x00000000f5580000,0x00000000f5580000)
 Metaspace       used 59047K, committed 59968K, reserved 1105920K
  class space    used 5550K, committed 5952K, reserved 1048576K
}
Event: 1928.312 GC heap after
{Heap after GC invocations=1673 (full 1480):
 PSYoungGen      total 23040K, used 16383K [0x00000000f5580000, 0x00000000f7380000, 0x0000000100000000)
  eden space 16384K, 99% used [0x00000000f5580000,0x00000000f657ff80,0x00000000f6580000)
  from space 6656K, 0% used [0x00000000f6580000,0x00000000f6580000,0x00000000f6c00000)
  to   space 6656K, 0% used [0x00000000f6c00000,0x00000000f6c00000,0x00000000f7280000)
 ParOldGen       total 349696K, used 349696K [0x00000000e0000000, 0x00000000f5580000, 0x00000000f5580000)
  object space 349696K, 100% used [0x00000000e0000000,0x00000000f5580000,0x00000000f5580000)
 Metaspace       used 59047K, committed 59968K, reserved 1105920K
  class space    used 5550K, committed 5952K, reserved 1048576K
}
Event: 1928.328 GC heap before
{Heap before GC invocations=1674 (full 1481):
 PSYoungGen      total 23040K, used 16383K [0x00000000f5580000, 0x00000000f7380000, 0x0000000100000000)
  eden space 16384K, 99% used [0x00000000f5580000,0x00000000f657fff8,0x00000000f6580000)
  from space 6656K, 0% used [0x00000000f6580000,0x00000000f6580000,0x00000000f6c00000)
  to   space 6656K, 0% used [0x00000000f6c00000,0x00000000f6c00000,0x00000000f7280000)
 ParOldGen       total 349696K, used 349696K [0x00000000e0000000, 0x00000000f5580000, 0x00000000f5580000)
  object space 349696K, 100% used [0x00000000e0000000,0x00000000f5580000,0x00000000f5580000)
 Metaspace       used 59047K, committed 59968K, reserved 1105920K
  class space    used 5550K, committed 5952K, reserved 1048576K
}
Event: 1930.064 GC heap after
{Heap after GC invocations=1674 (full 1481):
 PSYoungGen      total 23040K, used 16383K [0x00000000f5580000, 0x00000000f7380000, 0x0000000100000000)
  eden space 16384K, 99% used [0x00000000f5580000,0x00000000f657ffe0,0x00000000f6580000)
  from space 6656K, 0% used [0x00000000f6c00000,0x00000000f6c00000,0x00000000f7280000)
  to   space 6656K, 0% used [0x00000000f6580000,0x00000000f6580000,0x00000000f6c00000)
 ParOldGen       total 349696K, used 349696K [0x00000000e0000000, 0x00000000f5580000, 0x00000000f5580000)
  object space 349696K, 100% used [0x00000000e0000000,0x00000000f5580000,0x00000000f5580000)
 Metaspace       used 59047K, committed 59968K, reserved 1105920K
  class space    used 5550K, committed 5952K, reserved 1048576K
}
Event: 1930.065 GC heap before
{Heap before GC invocations=1675 (full 1482):
 PSYoungGen      total 23040K, used 16383K [0x00000000f5580000, 0x00000000f7380000, 0x0000000100000000)
  eden space 16384K, 99% used [0x00000000f5580000,0x00000000f657fff8,0x00000000f6580000)
  from space 6656K, 0% used [0x00000000f6c00000,0x00000000f6c00000,0x00000000f7280000)
  to   space 6656K, 0% used [0x00000000f6580000,0x00000000f6580000,0x00000000f6c00000)
 ParOldGen       total 349696K, used 349696K [0x00000000e0000000, 0x00000000f5580000, 0x00000000f5580000)
  object space 349696K, 100% used [0x00000000e0000000,0x00000000f5580000,0x00000000f5580000)
 Metaspace       used 59047K, committed 59968K, reserved 1105920K
  class space    used 5550K, committed 5952K, reserved 1048576K
}
Event: 1932.082 GC heap after
{Heap after GC invocations=1675 (full 1482):
 PSYoungGen      total 23040K, used 16383K [0x00000000f5580000, 0x00000000f7380000, 0x0000000100000000)
  eden space 16384K, 99% used [0x00000000f5580000,0x00000000f657fff8,0x00000000f6580000)
  from space 6656K, 0% used [0x00000000f6580000,0x00000000f6580000,0x00000000f6c00000)
  to   space 6656K, 0% used [0x00000000f6c00000,0x00000000f6c00000,0x00000000f7280000)
 ParOldGen       total 349696K, used 349696K [0x00000000e0000000, 0x00000000f5580000, 0x00000000f5580000)
  object space 349696K, 100% used [0x00000000e0000000,0x00000000f5580000,0x00000000f5580000)
 Metaspace       used 59047K, committed 59968K, reserved 1105920K
  class space    used 5550K, committed 5952K, reserved 1048576K
}
Event: 1932.082 GC heap before
{Heap before GC invocations=1676 (full 1483):
 PSYoungGen      total 23040K, used 16383K [0x00000000f5580000, 0x00000000f7380000, 0x0000000100000000)
  eden space 16384K, 99% used [0x00000000f5580000,0x00000000f657fff8,0x00000000f6580000)
  from space 6656K, 0% used [0x00000000f6580000,0x00000000f6580000,0x00000000f6c00000)
  to   space 6656K, 0% used [0x00000000f6c00000,0x00000000f6c00000,0x00000000f7280000)
 ParOldGen       total 349696K, used 349696K [0x00000000e0000000, 0x00000000f5580000, 0x00000000f5580000)
  object space 349696K, 100% used [0x00000000e0000000,0x00000000f5580000,0x00000000f5580000)
 Metaspace       used 59047K, committed 59968K, reserved 1105920K
  class space    used 5550K, committed 5952K, reserved 1048576K
}
Event: 1933.466 GC heap after
{Heap after GC invocations=1676 (full 1483):
 PSYoungGen      total 23040K, used 16383K [0x00000000f5580000, 0x00000000f7380000, 0x0000000100000000)
  eden space 16384K, 99% used [0x00000000f5580000,0x00000000f657fff8,0x00000000f6580000)
  from space 6656K, 0% used [0x00000000f6c00000,0x00000000f6c00000,0x00000000f7280000)
  to   space 6656K, 0% used [0x00000000f6580000,0x00000000f6580000,0x00000000f6c00000)
 ParOldGen       total 349696K, used 349696K [0x00000000e0000000, 0x00000000f5580000, 0x00000000f5580000)
  object space 349696K, 100% used [0x00000000e0000000,0x00000000f5580000,0x00000000f5580000)
 Metaspace       used 59047K, committed 59968K, reserved 1105920K
  class space    used 5550K, committed 5952K, reserved 1048576K
}
Event: 1933.468 GC heap before
{Heap before GC invocations=1677 (full 1484):
 PSYoungGen      total 23040K, used 16383K [0x00000000f5580000, 0x00000000f7380000, 0x0000000100000000)
  eden space 16384K, 99% used [0x00000000f5580000,0x00000000f657fff8,0x00000000f6580000)
  from space 6656K, 0% used [0x00000000f6c00000,0x00000000f6c00000,0x00000000f7280000)
  to   space 6656K, 0% used [0x00000000f6580000,0x00000000f6580000,0x00000000f6c00000)
 ParOldGen       total 349696K, used 349696K [0x00000000e0000000, 0x00000000f5580000, 0x00000000f5580000)
  object space 349696K, 100% used [0x00000000e0000000,0x00000000f5580000,0x00000000f5580000)
 Metaspace       used 59047K, committed 59968K, reserved 1105920K
  class space    used 5550K, committed 5952K, reserved 1048576K
}
Event: 1934.794 GC heap after
{Heap after GC invocations=1677 (full 1484):
 PSYoungGen      total 23040K, used 16383K [0x00000000f5580000, 0x00000000f7380000, 0x0000000100000000)
  eden space 16384K, 99% used [0x00000000f5580000,0x00000000f657fff8,0x00000000f6580000)
  from space 6656K, 0% used [0x00000000f6580000,0x00000000f6580000,0x00000000f6c00000)
  to   space 6656K, 0% used [0x00000000f6c00000,0x00000000f6c00000,0x00000000f7280000)
 ParOldGen       total 349696K, used 349694K [0x00000000e0000000, 0x00000000f5580000, 0x00000000f5580000)
  object space 349696K, 99% used [0x00000000e0000000,0x00000000f557fa60,0x00000000f5580000)
 Metaspace       used 59047K, committed 59968K, reserved 1105920K
  class space    used 5550K, committed 5952K, reserved 1048576K
}
Event: 1934.839 GC heap before
{Heap before GC invocations=1678 (full 1485):
 PSYoungGen      total 23040K, used 16383K [0x00000000f5580000, 0x00000000f7380000, 0x0000000100000000)
  eden space 16384K, 99% used [0x00000000f5580000,0x00000000f657fff8,0x00000000f6580000)
  from space 6656K, 0% used [0x00000000f6580000,0x00000000f6580000,0x00000000f6c00000)
  to   space 6656K, 0% used [0x00000000f6c00000,0x00000000f6c00000,0x00000000f7280000)
 ParOldGen       total 349696K, used 349694K [0x00000000e0000000, 0x00000000f5580000, 0x00000000f5580000)
  object space 349696K, 99% used [0x00000000e0000000,0x00000000f557fb48,0x00000000f5580000)
 Metaspace       used 59047K, committed 59968K, reserved 1105920K
  class space    used 5550K, committed 5952K, reserved 1048576K
}
Event: 1936.089 GC heap after
{Heap after GC invocations=1678 (full 1485):
 PSYoungGen      total 23040K, used 16383K [0x00000000f5580000, 0x00000000f7380000, 0x0000000100000000)
  eden space 16384K, 99% used [0x00000000f5580000,0x00000000f657fff8,0x00000000f6580000)
  from space 6656K, 0% used [0x00000000f6c00000,0x00000000f6c00000,0x00000000f7280000)
  to   space 6656K, 0% used [0x00000000f6580000,0x00000000f6580000,0x00000000f6c00000)
 ParOldGen       total 349696K, used 349694K [0x00000000e0000000, 0x00000000f5580000, 0x00000000f5580000)
  object space 349696K, 99% used [0x00000000e0000000,0x00000000f557fa98,0x00000000f5580000)
 Metaspace       used 59047K, committed 59968K, reserved 1105920K
  class space    used 5550K, committed 5952K, reserved 1048576K
}
Event: 1936.089 GC heap before
{Heap before GC invocations=1679 (full 1486):
 PSYoungGen      total 23040K, used 16383K [0x00000000f5580000, 0x00000000f7380000, 0x0000000100000000)
  eden space 16384K, 99% used [0x00000000f5580000,0x00000000f657fff8,0x00000000f6580000)
  from space 6656K, 0% used [0x00000000f6c00000,0x00000000f6c00000,0x00000000f7280000)
  to   space 6656K, 0% used [0x00000000f6580000,0x00000000f6580000,0x00000000f6c00000)
 ParOldGen       total 349696K, used 349694K [0x00000000e0000000, 0x00000000f5580000, 0x00000000f5580000)
  object space 349696K, 99% used [0x00000000e0000000,0x00000000f557fa98,0x00000000f5580000)
 Metaspace       used 59047K, committed 59968K, reserved 1105920K
  class space    used 5550K, committed 5952K, reserved 1048576K
}
Event: 1937.378 GC heap after
{Heap after GC invocations=1679 (full 1486):
 PSYoungGen      total 23040K, used 16383K [0x00000000f5580000, 0x00000000f7380000, 0x0000000100000000)
  eden space 16384K, 99% used [0x00000000f5580000,0x00000000f657fff8,0x00000000f6580000)
  from space 6656K, 0% used [0x00000000f6580000,0x00000000f6580000,0x00000000f6c00000)
  to   space 6656K, 0% used [0x00000000f6c00000,0x00000000f6c00000,0x00000000f7280000)
 ParOldGen       total 349696K, used 349694K [0x00000000e0000000, 0x00000000f5580000, 0x00000000f5580000)
  object space 349696K, 99% used [0x00000000e0000000,0x00000000f557fa98,0x00000000f5580000)
 Metaspace       used 59047K, committed 59968K, reserved 1105920K
  class space    used 5550K, committed 5952K, reserved 1048576K
}

