# JRE version: OpenJDK Runtime Environment GraalVM CE 22.3.0 (17.0.5+8) (build 17.0.5+8-jvmci-22.3-b08)
# Java VM: OpenJDK 64-Bit Server VM GraalVM CE 22.3.0 (17.0.5+8-jvmci-22.3-b08, mixed mode, sharing, tiered, jvmci, jvmci compiler, compressed oops, compressed class ptrs, parallel gc, linux-amd64)
GC Precious Log:
 CPUs: 4 total, 1 available
 Memory: 1024M
 Large Page Support: Disabled
 NUMA Support: Disabled
 Compressed Oops: Enabled (32-bit)
 Alignments: Space 512K, Generation 512K, Heap 2M
 Heap Min Capacity: 100M
 Heap Initial Capacity: 100M
 Heap Max Capacity: 512M
 Pre-touch: Disabled
 Parallel Workers: 1
Heap:
 PSYoungGen      total 57344K, used 43007K [0x00000000f5580000, 0x00000000fbe80000, 0x0000000100000000)
  eden space 43008K, 99% used [0x00000000f5580000,0x00000000f7f7fff8,0x00000000f7f80000)
  from space 14336K, 0% used [0x00000000f7f80000,0x00000000f7f80000,0x00000000f8d80000)
  to   space 30208K, 0% used [0x00000000fa100000,0x00000000fa100000,0x00000000fbe80000)
 ParOldGen       total 349696K, used 349693K [0x00000000e0000000, 0x00000000f5580000, 0x00000000f5580000)
  object space 349696K, 99% used [0x00000000e0000000,0x00000000f557f7a8,0x00000000f5580000)
 Metaspace       used 53176K, committed 54080K, reserved 1097728K
  class space    used 4978K, committed 5376K, reserved 1048576K
GC Heap History (20 events):
Event: 1408.951 GC heap before
{Heap before GC invocations=669 (full 544):
 PSYoungGen      total 57344K, used 43007K [0x00000000f5580000, 0x00000000fbe80000, 0x0000000100000000)
  eden space 43008K, 99% used [0x00000000f5580000,0x00000000f7f7ffc8,0x00000000f7f80000)
  from space 14336K, 0% used [0x00000000f7f80000,0x00000000f7f80000,0x00000000f8d80000)
  to   space 30208K, 0% used [0x00000000fa100000,0x00000000fa100000,0x00000000fbe80000)
 ParOldGen       total 349696K, used 349693K [0x00000000e0000000, 0x00000000f5580000, 0x00000000f5580000)
  object space 349696K, 99% used [0x00000000e0000000,0x00000000f557f4d8,0x00000000f5580000)
 Metaspace       used 53174K, committed 54080K, reserved 1097728K
  class space    used 4978K, committed 5376K, reserved 1048576K
}
Event: 1410.862 GC heap after
{Heap after GC invocations=669 (full 544):
 PSYoungGen      total 73216K, used 43007K [0x00000000f5580000, 0x00000000fbe80000, 0x0000000100000000)
  eden space 43008K, 99% used [0x00000000f5580000,0x00000000f7f7ff70,0x00000000f7f80000)
  from space 30208K, 0% used [0x00000000fa100000,0x00000000fa100000,0x00000000fbe80000)
  to   space 14336K, 0% used [0x00000000f7f80000,0x00000000f7f80000,0x00000000f8d80000)
 ParOldGen       total 349696K, used 349693K [0x00000000e0000000, 0x00000000f5580000, 0x00000000f5580000)
  object space 349696K, 99% used [0x00000000e0000000,0x00000000f557f448,0x00000000f5580000)
 Metaspace       used 53174K, committed 54080K, reserved 1097728K
  class space    used 4978K, committed 5376K, reserved 1048576K
}
Event: 1410.863 GC heap before
{Heap before GC invocations=670 (full 545):
 PSYoungGen      total 73216K, used 43007K [0x00000000f5580000, 0x00000000fbe80000, 0x0000000100000000)
  eden space 43008K, 99% used [0x00000000f5580000,0x00000000f7f7fff8,0x00000000f7f80000)
  from space 30208K, 0% used [0x00000000fa100000,0x00000000fa100000,0x00000000fbe80000)
  to   space 14336K, 0% used [0x00000000f7f80000,0x00000000f7f80000,0x00000000f8d80000)
 ParOldGen       total 349696K, used 349693K [0x00000000e0000000, 0x00000000f5580000, 0x00000000f5580000)
  object space 349696K, 99% used [0x00000000e0000000,0x00000000f557f448,0x00000000f5580000)
 Metaspace       used 53174K, committed 54080K, reserved 1097728K
  class space    used 4978K, committed 5376K, reserved 1048576K
}
Event: 1412.545 GC heap after
{Heap after GC invocations=670 (full 545):
 PSYoungGen      total 57344K, used 43007K [0x00000000f5580000, 0x00000000fbe80000, 0x0000000100000000)
  eden space 43008K, 99% used [0x00000000f5580000,0x00000000f7f7ffb8,0x00000000f7f80000)
  from space 14336K, 0% used [0x00000000f7f80000,0x00000000f7f80000,0x00000000f8d80000)
  to   space 30208K, 0% used [0x00000000fa100000,0x00000000fa100000,0x00000000fbe80000)
 ParOldGen       total 349696K, used 349693K [0x00000000e0000000, 0x00000000f5580000, 0x00000000f5580000)
  object space 349696K, 99% used [0x00000000e0000000,0x00000000f557f448,0x00000000f5580000)
 Metaspace       used 53174K, committed 54080K, reserved 1097728K
  class space    used 4978K, committed 5376K, reserved 1048576K
}
Event: 1412.547 GC heap before
{Heap before GC invocations=671 (full 546):
 PSYoungGen      total 57344K, used 43007K [0x00000000f5580000, 0x00000000fbe80000, 0x0000000100000000)
  eden space 43008K, 99% used [0x00000000f5580000,0x00000000f7f7ffe8,0x00000000f7f80000)
  from space 14336K, 0% used [0x00000000f7f80000,0x00000000f7f80000,0x00000000f8d80000)
  to   space 30208K, 0% used [0x00000000fa100000,0x00000000fa100000,0x00000000fbe80000)
 ParOldGen       total 349696K, used 349693K [0x00000000e0000000, 0x00000000f5580000, 0x00000000f5580000)
  object space 349696K, 99% used [0x00000000e0000000,0x00000000f557f448,0x00000000f5580000)
 Metaspace       used 53174K, committed 54080K, reserved 1097728K
  class space    used 4978K, committed 5376K, reserved 1048576K
}
Event: 1414.368 GC heap after
{Heap after GC invocations=671 (full 546):
 PSYoungGen      total 73216K, used 43007K [0x00000000f5580000, 0x00000000fbe80000, 0x0000000100000000)
  eden space 43008K, 99% used [0x00000000f5580000,0x00000000f7f7ff28,0x00000000f7f80000)
  from space 30208K, 0% used [0x00000000fa100000,0x00000000fa100000,0x00000000fbe80000)
  to   space 14336K, 0% used [0x00000000f7f80000,0x00000000f7f80000,0x00000000f8d80000)
 ParOldGen       total 349696K, used 349692K [0x00000000e0000000, 0x00000000f5580000, 0x00000000f5580000)
  object space 349696K, 99% used [0x00000000e0000000,0x00000000f557f3c0,0x00000000f5580000)
 Metaspace       used 53174K, committed 54080K, reserved 1097728K
  class space    used 4978K, committed 5376K, reserved 1048576K
}
Event: 1414.369 GC heap before
{Heap before GC invocations=672 (full 547):
 PSYoungGen      total 73216K, used 43007K [0x00000000f5580000, 0x00000000fbe80000, 0x0000000100000000)
  eden space 43008K, 99% used [0x00000000f5580000,0x00000000f7f7fff8,0x00000000f7f80000)
  from space 30208K, 0% used [0x00000000fa100000,0x00000000fa100000,0x00000000fbe80000)
  to   space 14336K, 0% used [0x00000000f7f80000,0x00000000f7f80000,0x00000000f8d80000)
 ParOldGen       total 349696K, used 349692K [0x00000000e0000000, 0x00000000f5580000, 0x00000000f5580000)
  object space 349696K, 99% used [0x00000000e0000000,0x00000000f557f3c0,0x00000000f5580000)
 Metaspace       used 53174K, committed 54080K, reserved 1097728K
  class space    used 4978K, committed 5376K, reserved 1048576K
}
Event: 1416.131 GC heap after
{Heap after GC invocations=672 (full 547):
 PSYoungGen      total 57344K, used 43007K [0x00000000f5580000, 0x00000000fbe80000, 0x0000000100000000)
  eden space 43008K, 99% used [0x00000000f5580000,0x00000000f7f7ffd8,0x00000000f7f80000)
  from space 14336K, 0% used [0x00000000f7f80000,0x00000000f7f80000,0x00000000f8d80000)
  to   space 30208K, 0% used [0x00000000fa100000,0x00000000fa100000,0x00000000fbe80000)
 ParOldGen       total 349696K, used 349692K [0x00000000e0000000, 0x00000000f5580000, 0x00000000f5580000)
  object space 349696K, 99% used [0x00000000e0000000,0x00000000f557f3c0,0x00000000f5580000)
 Metaspace       used 53174K, committed 54080K, reserved 1097728K
  class space    used 4978K, committed 5376K, reserved 1048576K
}
Event: 1416.132 GC heap before
{Heap before GC invocations=673 (full 548):
 PSYoungGen      total 57344K, used 43008K [0x00000000f5580000, 0x00000000fbe80000, 0x0000000100000000)
  eden space 43008K, 100% used [0x00000000f5580000,0x00000000f7f80000,0x00000000f7f80000)
  from space 14336K, 0% used [0x00000000f7f80000,0x00000000f7f80000,0x00000000f8d80000)
  to   space 30208K, 0% used [0x00000000fa100000,0x00000000fa100000,0x00000000fbe80000)
 ParOldGen       total 349696K, used 349695K [0x00000000e0000000, 0x00000000f5580000, 0x00000000f5580000)
  object space 349696K, 99% used [0x00000000e0000000,0x00000000f557fee0,0x00000000f5580000)
 Metaspace       used 53174K, committed 54080K, reserved 1097728K
  class space    used 4978K, committed 5376K, reserved 1048576K
}
Event: 1417.836 GC heap after
{Heap after GC invocations=673 (full 548):
 PSYoungGen      total 73216K, used 43007K [0x00000000f5580000, 0x00000000fbe80000, 0x0000000100000000)
  eden space 43008K, 99% used [0x00000000f5580000,0x00000000f7f7ffa0,0x00000000f7f80000)
  from space 30208K, 0% used [0x00000000fa100000,0x00000000fa100000,0x00000000fbe80000)
  to   space 14336K, 0% used [0x00000000f7f80000,0x00000000f7f80000,0x00000000f8d80000)
 ParOldGen       total 349696K, used 349693K [0x00000000e0000000, 0x00000000f5580000, 0x00000000f5580000)
  object space 349696K, 99% used [0x00000000e0000000,0x00000000f557f620,0x00000000f5580000)
 Metaspace       used 53174K, committed 54080K, reserved 1097728K
  class space    used 4978K, committed 5376K, reserved 1048576K
}
Event: 1417.836 GC heap before
{Heap before GC invocations=674 (full 549):
 PSYoungGen      total 73216K, used 43007K [0x00000000f5580000, 0x00000000fbe80000, 0x0000000100000000)
  eden space 43008K, 99% used [0x00000000f5580000,0x00000000f7f7ffa0,0x00000000f7f80000)
  from space 30208K, 0% used [0x00000000fa100000,0x00000000fa100000,0x00000000fbe80000)
  to   space 14336K, 0% used [0x00000000f7f80000,0x00000000f7f80000,0x00000000f8d80000)
 ParOldGen       total 349696K, used 349693K [0x00000000e0000000, 0x00000000f5580000, 0x00000000f5580000)
  object space 349696K, 99% used [0x00000000e0000000,0x00000000f557f620,0x00000000f5580000)
 Metaspace       used 53174K, committed 54080K, reserved 1097728K
  class space    used 4978K, committed 5376K, reserved 1048576K
}
Event: 1419.461 GC heap after
{Heap after GC invocations=674 (full 549):
 PSYoungGen      total 57344K, used 43007K [0x00000000f5580000, 0x00000000fbe80000, 0x0000000100000000)
  eden space 43008K, 99% used [0x00000000f5580000,0x00000000f7f7ffa0,0x00000000f7f80000)
  from space 14336K, 0% used [0x00000000f7f80000,0x00000000f7f80000,0x00000000f8d80000)
  to   space 30208K, 0% used [0x00000000fa100000,0x00000000fa100000,0x00000000fbe80000)
 ParOldGen       total 349696K, used 349693K [0x00000000e0000000, 0x00000000f5580000, 0x00000000f5580000)
  object space 349696K, 99% used [0x00000000e0000000,0x00000000f557f620,0x00000000f5580000)
 Metaspace       used 53174K, committed 54080K, reserved 1097728K
  class space    used 4978K, committed 5376K, reserved 1048576K
}
Event: 1419.461 GC heap before
{Heap before GC invocations=675 (full 550):
 PSYoungGen      total 57344K, used 43007K [0x00000000f5580000, 0x00000000fbe80000, 0x0000000100000000)
  eden space 43008K, 99% used [0x00000000f5580000,0x00000000f7f7fff8,0x00000000f7f80000)
  from space 14336K, 0% used [0x00000000f7f80000,0x00000000f7f80000,0x00000000f8d80000)
  to   space 30208K, 0% used [0x00000000fa100000,0x00000000fa100000,0x00000000fbe80000)
 ParOldGen       total 349696K, used 349693K [0x00000000e0000000, 0x00000000f5580000, 0x00000000f5580000)
  object space 349696K, 99% used [0x00000000e0000000,0x00000000f557f660,0x00000000f5580000)
 Metaspace       used 53174K, committed 54080K, reserved 1097728K
  class space    used 4978K, committed 5376K, reserved 1048576K
}
Event: 1421.333 GC heap after
{Heap after GC invocations=675 (full 550):
 PSYoungGen      total 73216K, used 43007K [0x00000000f5580000, 0x00000000fbe80000, 0x0000000100000000)
  eden space 43008K, 99% used [0x00000000f5580000,0x00000000f7f7ffd8,0x00000000f7f80000)
  from space 30208K, 0% used [0x00000000fa100000,0x00000000fa100000,0x00000000fbe80000)
  to   space 14336K, 0% used [0x00000000f7f80000,0x00000000f7f80000,0x00000000f8d80000)
 ParOldGen       total 349696K, used 349692K [0x00000000e0000000, 0x00000000f5580000, 0x00000000f5580000)
  object space 349696K, 99% used [0x00000000e0000000,0x00000000f557f3f0,0x00000000f5580000)
 Metaspace       used 53174K, committed 54080K, reserved 1097728K
  class space    used 4978K, committed 5376K, reserved 1048576K
}
Event: 1421.337 GC heap before
{Heap before GC invocations=676 (full 551):
 PSYoungGen      total 73216K, used 43007K [0x00000000f5580000, 0x00000000fbe80000, 0x0000000100000000)
  eden space 43008K, 99% used [0x00000000f5580000,0x00000000f7f7fff0,0x00000000f7f80000)
  from space 30208K, 0% used [0x00000000fa100000,0x00000000fa100000,0x00000000fbe80000)
  to   space 14336K, 0% used [0x00000000f7f80000,0x00000000f7f80000,0x00000000f8d80000)
 ParOldGen       total 349696K, used 349692K [0x00000000e0000000, 0x00000000f5580000, 0x00000000f5580000)
  object space 349696K, 99% used [0x00000000e0000000,0x00000000f557f3f0,0x00000000f5580000)
 Metaspace       used 53174K, committed 54080K, reserved 1097728K
  class space    used 4978K, committed 5376K, reserved 1048576K
}
Event: 1422.966 GC heap after
{Heap after GC invocations=676 (full 551):
 PSYoungGen      total 57344K, used 43007K [0x00000000f5580000, 0x00000000fbe80000, 0x0000000100000000)
  eden space 43008K, 99% used [0x00000000f5580000,0x00000000f7f7fff0,0x00000000f7f80000)
  from space 14336K, 0% used [0x00000000f7f80000,0x00000000f7f80000,0x00000000f8d80000)
  to   space 30208K, 0% used [0x00000000fa100000,0x00000000fa100000,0x00000000fbe80000)
 ParOldGen       total 349696K, used 349692K [0x00000000e0000000, 0x00000000f5580000, 0x00000000f5580000)
  object space 349696K, 99% used [0x00000000e0000000,0x00000000f557f3f0,0x00000000f5580000)
 Metaspace       used 53174K, committed 54080K, reserved 1097728K
  class space    used 4978K, committed 5376K, reserved 1048576K
}
Event: 1422.967 GC heap before
{Heap before GC invocations=677 (full 552):
 PSYoungGen      total 57344K, used 43008K [0x00000000f5580000, 0x00000000fbe80000, 0x0000000100000000)
  eden space 43008K, 100% used [0x00000000f5580000,0x00000000f7f80000,0x00000000f7f80000)
  from space 14336K, 0% used [0x00000000f7f80000,0x00000000f7f80000,0x00000000f8d80000)
  to   space 30208K, 0% used [0x00000000fa100000,0x00000000fa100000,0x00000000fbe80000)
 ParOldGen       total 349696K, used 349695K [0x00000000e0000000, 0x00000000f5580000, 0x00000000f5580000)
  object space 349696K, 99% used [0x00000000e0000000,0x00000000f557fc40,0x00000000f5580000)
 Metaspace       used 53176K, committed 54080K, reserved 1097728K
  class space    used 4978K, committed 5376K, reserved 1048576K
}
Event: 1424.950 GC heap after
{Heap after GC invocations=677 (full 552):
 PSYoungGen      total 73216K, used 43007K [0x00000000f5580000, 0x00000000fbe80000, 0x0000000100000000)
  eden space 43008K, 99% used [0x00000000f5580000,0x00000000f7f7ffd8,0x00000000f7f80000)
  from space 30208K, 0% used [0x00000000fa100000,0x00000000fa100000,0x00000000fbe80000)
  to   space 14336K, 0% used [0x00000000f7f80000,0x00000000f7f80000,0x00000000f8d80000)
 ParOldGen       total 349696K, used 349693K [0x00000000e0000000, 0x00000000f5580000, 0x00000000f5580000)
  object space 349696K, 99% used [0x00000000e0000000,0x00000000f557f6e0,0x00000000f5580000)
 Metaspace       used 53176K, committed 54080K, reserved 1097728K
  class space    used 4978K, committed 5376K, reserved 1048576K
}
Event: 1424.950 GC heap before
{Heap before GC invocations=678 (full 553):
 PSYoungGen      total 73216K, used 43007K [0x00000000f5580000, 0x00000000fbe80000, 0x0000000100000000)
  eden space 43008K, 99% used [0x00000000f5580000,0x00000000f7f7ffd8,0x00000000f7f80000)
  from space 30208K, 0% used [0x00000000fa100000,0x00000000fa100000,0x00000000fbe80000)
  to   space 14336K, 0% used [0x00000000f7f80000,0x00000000f7f80000,0x00000000f8d80000)
 ParOldGen       total 349696K, used 349693K [0x00000000e0000000, 0x00000000f5580000, 0x00000000f5580000)
  object space 349696K, 99% used [0x00000000e0000000,0x00000000f557f6e0,0x00000000f5580000)
 Metaspace       used 53176K, committed 54080K, reserved 1097728K
  class space    used 4978K, committed 5376K, reserved 1048576K
}
Event: 1426.761 GC heap after
{Heap after GC invocations=678 (full 553):
 PSYoungGen      total 57344K, used 43007K [0x00000000f5580000, 0x00000000fbe80000, 0x0000000100000000)
  eden space 43008K, 99% used [0x00000000f5580000,0x00000000f7f7ffd8,0x00000000f7f80000)
  from space 14336K, 0% used [0x00000000f7f80000,0x00000000f7f80000,0x00000000f8d80000)
  to   space 30208K, 0% used [0x00000000fa100000,0x00000000fa100000,0x00000000fbe80000)
 ParOldGen       total 349696K, used 349693K [0x00000000e0000000, 0x00000000f5580000, 0x00000000f5580000)
  object space 349696K, 99% used [0x00000000e0000000,0x00000000f557f6e0,0x00000000f5580000)
 Metaspace       used 53176K, committed 54080K, reserved 1097728K
  class space    used 4978K, committed 5376K, reserved 1048576K
}

