# JRE version: OpenJDK Runtime Environment GraalVM CE 22.3.0 (17.0.5+8) (build 17.0.5+8-jvmci-22.3-b08)
# Java VM: OpenJDK 64-Bit Server VM GraalVM CE 22.3.0 (17.0.5+8-jvmci-22.3-b08, mixed mode, sharing, tiered, jvmci, jvmci compiler, compressed oops, compressed class ptrs, parallel gc, linux-amd64)
GC Precious Log:
 CPUs: 8 total, 1 available
 Memory: 1024M
 Large Page Support: Disabled
 NUMA Support: Disabled
 Compressed Oops: Enabled (32-bit)
 Alignments: Space 512K, Generation 512K, Heap 2M
 Heap Min Capacity: 100M
 Heap Initial Capacity: 100M
 Heap Max Capacity: 512M
 Pre-touch: Disabled
 Parallel Workers: 1
Heap:
 PSYoungGen      total 62464K, used 27647K [0x00000000f5580000, 0x00000000fba80000, 0x0000000100000000)
  eden space 27648K, 99% used [0x00000000f5580000,0x00000000f707fff8,0x00000000f7080000)
  from space 34816K, 0% used [0x00000000f9880000,0x00000000f9880000,0x00000000fba80000)
  to   space 37376K, 0% used [0x00000000f7080000,0x00000000f7080000,0x00000000f9500000)
 ParOldGen       total 349696K, used 349696K [0x00000000e0000000, 0x00000000f5580000, 0x00000000f5580000)
  object space 349696K, 100% used [0x00000000e0000000,0x00000000f5580000,0x00000000f5580000)
 Metaspace       used 62586K, committed 63424K, reserved 1114112K
  class space    used 5786K, committed 6144K, reserved 1048576K
GC Heap History (20 events):
Event: 1649.668 GC heap before
{Heap before GC invocations=1020 (full 948):
 PSYoungGen      total 62464K, used 27648K [0x00000000f5580000, 0x00000000fba80000, 0x0000000100000000)
  eden space 27648K, 100% used [0x00000000f5580000,0x00000000f7080000,0x00000000f7080000)
  from space 34816K, 0% used [0x00000000f9880000,0x00000000f9880000,0x00000000fba80000)
  to   space 37376K, 0% used [0x00000000f7080000,0x00000000f7080000,0x00000000f9500000)
 ParOldGen       total 349696K, used 349695K [0x00000000e0000000, 0x00000000f5580000, 0x00000000f5580000)
  object space 349696K, 99% used [0x00000000e0000000,0x00000000f557ffe0,0x00000000f5580000)
 Metaspace       used 62586K, committed 63424K, reserved 1114112K
  class space    used 5786K, committed 6144K, reserved 1048576K
}
Event: 1651.103 GC heap after
{Heap after GC invocations=1020 (full 948):
 PSYoungGen      total 65024K, used 27648K [0x00000000f5580000, 0x00000000fba80000, 0x0000000100000000)
  eden space 27648K, 100% used [0x00000000f5580000,0x00000000f7080000,0x00000000f7080000)
  from space 37376K, 0% used [0x00000000f7080000,0x00000000f7080000,0x00000000f9500000)
  to   space 34816K, 0% used [0x00000000f9880000,0x00000000f9880000,0x00000000fba80000)
 ParOldGen       total 349696K, used 349695K [0x00000000e0000000, 0x00000000f5580000, 0x00000000f5580000)
  object space 349696K, 99% used [0x00000000e0000000,0x00000000f557ffe0,0x00000000f5580000)
 Metaspace       used 62586K, committed 63424K, reserved 1114112K
  class space    used 5786K, committed 6144K, reserved 1048576K
}
Event: 1651.103 GC heap before
{Heap before GC invocations=1021 (full 949):
 PSYoungGen      total 65024K, used 27648K [0x00000000f5580000, 0x00000000fba80000, 0x0000000100000000)
  eden space 27648K, 100% used [0x00000000f5580000,0x00000000f7080000,0x00000000f7080000)
  from space 37376K, 0% used [0x00000000f7080000,0x00000000f7080000,0x00000000f9500000)
  to   space 34816K, 0% used [0x00000000f9880000,0x00000000f9880000,0x00000000fba80000)
 ParOldGen       total 349696K, used 349696K [0x00000000e0000000, 0x00000000f5580000, 0x00000000f5580000)
  object space 349696K, 100% used [0x00000000e0000000,0x00000000f5580000,0x00000000f5580000)
 Metaspace       used 62586K, committed 63424K, reserved 1114112K
  class space    used 5786K, committed 6144K, reserved 1048576K
}
Event: 1652.683 GC heap after
{Heap after GC invocations=1021 (full 949):
 PSYoungGen      total 62464K, used 27648K [0x00000000f5580000, 0x00000000fba80000, 0x0000000100000000)
  eden space 27648K, 100% used [0x00000000f5580000,0x00000000f7080000,0x00000000f7080000)
  from space 34816K, 0% used [0x00000000f9880000,0x00000000f9880000,0x00000000fba80000)
  to   space 37376K, 0% used [0x00000000f7080000,0x00000000f7080000,0x00000000f9500000)
 ParOldGen       total 349696K, used 349696K [0x00000000e0000000, 0x00000000f5580000, 0x00000000f5580000)
  object space 349696K, 100% used [0x00000000e0000000,0x00000000f5580000,0x00000000f5580000)
 Metaspace       used 62586K, committed 63424K, reserved 1114112K
  class space    used 5786K, committed 6144K, reserved 1048576K
}
Event: 1652.683 GC heap before
{Heap before GC invocations=1022 (full 950):
 PSYoungGen      total 62464K, used 27648K [0x00000000f5580000, 0x00000000fba80000, 0x0000000100000000)
  eden space 27648K, 100% used [0x00000000f5580000,0x00000000f7080000,0x00000000f7080000)
  from space 34816K, 0% used [0x00000000f9880000,0x00000000f9880000,0x00000000fba80000)
  to   space 37376K, 0% used [0x00000000f7080000,0x00000000f7080000,0x00000000f9500000)
 ParOldGen       total 349696K, used 349696K [0x00000000e0000000, 0x00000000f5580000, 0x00000000f5580000)
  object space 349696K, 100% used [0x00000000e0000000,0x00000000f5580000,0x00000000f5580000)
 Metaspace       used 62586K, committed 63424K, reserved 1114112K
  class space    used 5786K, committed 6144K, reserved 1048576K
}
Event: 1654.094 GC heap after
{Heap after GC invocations=1022 (full 950):
 PSYoungGen      total 65024K, used 27648K [0x00000000f5580000, 0x00000000fba80000, 0x0000000100000000)
  eden space 27648K, 100% used [0x00000000f5580000,0x00000000f7080000,0x00000000f7080000)
  from space 37376K, 0% used [0x00000000f7080000,0x00000000f7080000,0x00000000f9500000)
  to   space 34816K, 0% used [0x00000000f9880000,0x00000000f9880000,0x00000000fba80000)
 ParOldGen       total 349696K, used 349696K [0x00000000e0000000, 0x00000000f5580000, 0x00000000f5580000)
  object space 349696K, 100% used [0x00000000e0000000,0x00000000f5580000,0x00000000f5580000)
 Metaspace       used 62586K, committed 63424K, reserved 1114112K
  class space    used 5786K, committed 6144K, reserved 1048576K
}
Event: 1654.095 GC heap before
{Heap before GC invocations=1023 (full 951):
 PSYoungGen      total 65024K, used 27648K [0x00000000f5580000, 0x00000000fba80000, 0x0000000100000000)
  eden space 27648K, 100% used [0x00000000f5580000,0x00000000f7080000,0x00000000f7080000)
  from space 37376K, 0% used [0x00000000f7080000,0x00000000f7080000,0x00000000f9500000)
  to   space 34816K, 0% used [0x00000000f9880000,0x00000000f9880000,0x00000000fba80000)
 ParOldGen       total 349696K, used 349696K [0x00000000e0000000, 0x00000000f5580000, 0x00000000f5580000)
  object space 349696K, 100% used [0x00000000e0000000,0x00000000f5580000,0x00000000f5580000)
 Metaspace       used 62586K, committed 63424K, reserved 1114112K
  class space    used 5786K, committed 6144K, reserved 1048576K
}
Event: 1656.678 GC heap after
{Heap after GC invocations=1023 (full 951):
 PSYoungGen      total 62464K, used 27648K [0x00000000f5580000, 0x00000000fba80000, 0x0000000100000000)
  eden space 27648K, 100% used [0x00000000f5580000,0x00000000f7080000,0x00000000f7080000)
  from space 34816K, 0% used [0x00000000f9880000,0x00000000f9880000,0x00000000fba80000)
  to   space 37376K, 0% used [0x00000000f7080000,0x00000000f7080000,0x00000000f9500000)
 ParOldGen       total 349696K, used 349696K [0x00000000e0000000, 0x00000000f5580000, 0x00000000f5580000)
  object space 349696K, 100% used [0x00000000e0000000,0x00000000f5580000,0x00000000f5580000)
 Metaspace       used 62586K, committed 63424K, reserved 1114112K
  class space    used 5786K, committed 6144K, reserved 1048576K
}
Event: 1656.678 GC heap before
{Heap before GC invocations=1024 (full 952):
 PSYoungGen      total 62464K, used 27648K [0x00000000f5580000, 0x00000000fba80000, 0x0000000100000000)
  eden space 27648K, 100% used [0x00000000f5580000,0x00000000f7080000,0x00000000f7080000)
  from space 34816K, 0% used [0x00000000f9880000,0x00000000f9880000,0x00000000fba80000)
  to   space 37376K, 0% used [0x00000000f7080000,0x00000000f7080000,0x00000000f9500000)
 ParOldGen       total 349696K, used 349696K [0x00000000e0000000, 0x00000000f5580000, 0x00000000f5580000)
  object space 349696K, 100% used [0x00000000e0000000,0x00000000f5580000,0x00000000f5580000)
 Metaspace       used 62586K, committed 63424K, reserved 1114112K
  class space    used 5786K, committed 6144K, reserved 1048576K
}
Event: 1660.681 GC heap after
{Heap after GC invocations=1024 (full 952):
 PSYoungGen      total 65024K, used 27648K [0x00000000f5580000, 0x00000000fba80000, 0x0000000100000000)
  eden space 27648K, 100% used [0x00000000f5580000,0x00000000f7080000,0x00000000f7080000)
  from space 37376K, 0% used [0x00000000f7080000,0x00000000f7080000,0x00000000f9500000)
  to   space 34816K, 0% used [0x00000000f9880000,0x00000000f9880000,0x00000000fba80000)
 ParOldGen       total 349696K, used 349696K [0x00000000e0000000, 0x00000000f5580000, 0x00000000f5580000)
  object space 349696K, 100% used [0x00000000e0000000,0x00000000f5580000,0x00000000f5580000)
 Metaspace       used 62586K, committed 63424K, reserved 1114112K
  class space    used 5786K, committed 6144K, reserved 1048576K
}
Event: 1660.752 GC heap before
{Heap before GC invocations=1025 (full 953):
 PSYoungGen      total 65024K, used 27648K [0x00000000f5580000, 0x00000000fba80000, 0x0000000100000000)
  eden space 27648K, 100% used [0x00000000f5580000,0x00000000f7080000,0x00000000f7080000)
  from space 37376K, 0% used [0x00000000f7080000,0x00000000f7080000,0x00000000f9500000)
  to   space 34816K, 0% used [0x00000000f9880000,0x00000000f9880000,0x00000000fba80000)
 ParOldGen       total 349696K, used 349696K [0x00000000e0000000, 0x00000000f5580000, 0x00000000f5580000)
  object space 349696K, 100% used [0x00000000e0000000,0x00000000f5580000,0x00000000f5580000)
 Metaspace       used 62586K, committed 63424K, reserved 1114112K
  class space    used 5786K, committed 6144K, reserved 1048576K
}
Event: 1665.289 GC heap after
{Heap after GC invocations=1025 (full 953):
 PSYoungGen      total 62464K, used 27648K [0x00000000f5580000, 0x00000000fba80000, 0x0000000100000000)
  eden space 27648K, 100% used [0x00000000f5580000,0x00000000f7080000,0x00000000f7080000)
  from space 34816K, 0% used [0x00000000f9880000,0x00000000f9880000,0x00000000fba80000)
  to   space 37376K, 0% used [0x00000000f7080000,0x00000000f7080000,0x00000000f9500000)
 ParOldGen       total 349696K, used 349696K [0x00000000e0000000, 0x00000000f5580000, 0x00000000f5580000)
  object space 349696K, 100% used [0x00000000e0000000,0x00000000f5580000,0x00000000f5580000)
 Metaspace       used 62586K, committed 63424K, reserved 1114112K
  class space    used 5786K, committed 6144K, reserved 1048576K
}
Event: 1665.289 GC heap before
{Heap before GC invocations=1026 (full 954):
 PSYoungGen      total 62464K, used 27648K [0x00000000f5580000, 0x00000000fba80000, 0x0000000100000000)
  eden space 27648K, 100% used [0x00000000f5580000,0x00000000f7080000,0x00000000f7080000)
  from space 34816K, 0% used [0x00000000f9880000,0x00000000f9880000,0x00000000fba80000)
  to   space 37376K, 0% used [0x00000000f7080000,0x00000000f7080000,0x00000000f9500000)
 ParOldGen       total 349696K, used 349696K [0x00000000e0000000, 0x00000000f5580000, 0x00000000f5580000)
  object space 349696K, 100% used [0x00000000e0000000,0x00000000f5580000,0x00000000f5580000)
 Metaspace       used 62586K, committed 63424K, reserved 1114112K
  class space    used 5786K, committed 6144K, reserved 1048576K
}
Event: 1669.863 GC heap after
{Heap after GC invocations=1026 (full 954):
 PSYoungGen      total 65024K, used 27648K [0x00000000f5580000, 0x00000000fba80000, 0x0000000100000000)
  eden space 27648K, 100% used [0x00000000f5580000,0x00000000f7080000,0x00000000f7080000)
  from space 37376K, 0% used [0x00000000f7080000,0x00000000f7080000,0x00000000f9500000)
  to   space 34816K, 0% used [0x00000000f9880000,0x00000000f9880000,0x00000000fba80000)
 ParOldGen       total 349696K, used 349696K [0x00000000e0000000, 0x00000000f5580000, 0x00000000f5580000)
  object space 349696K, 100% used [0x00000000e0000000,0x00000000f5580000,0x00000000f5580000)
 Metaspace       used 62586K, committed 63424K, reserved 1114112K
  class space    used 5786K, committed 6144K, reserved 1048576K
}
Event: 1669.865 GC heap before
{Heap before GC invocations=1027 (full 955):
 PSYoungGen      total 65024K, used 27648K [0x00000000f5580000, 0x00000000fba80000, 0x0000000100000000)
  eden space 27648K, 100% used [0x00000000f5580000,0x00000000f7080000,0x00000000f7080000)
  from space 37376K, 0% used [0x00000000f7080000,0x00000000f7080000,0x00000000f9500000)
  to   space 34816K, 0% used [0x00000000f9880000,0x00000000f9880000,0x00000000fba80000)
 ParOldGen       total 349696K, used 349696K [0x00000000e0000000, 0x00000000f5580000, 0x00000000f5580000)
  object space 349696K, 100% used [0x00000000e0000000,0x00000000f5580000,0x00000000f5580000)
 Metaspace       used 62586K, committed 63424K, reserved 1114112K
  class space    used 5786K, committed 6144K, reserved 1048576K
}
Event: 1673.374 GC heap after
{Heap after GC invocations=1027 (full 955):
 PSYoungGen      total 62464K, used 27647K [0x00000000f5580000, 0x00000000fba80000, 0x0000000100000000)
  eden space 27648K, 99% used [0x00000000f5580000,0x00000000f707ffe0,0x00000000f7080000)
  from space 34816K, 0% used [0x00000000f9880000,0x00000000f9880000,0x00000000fba80000)
  to   space 37376K, 0% used [0x00000000f7080000,0x00000000f7080000,0x00000000f9500000)
 ParOldGen       total 349696K, used 349696K [0x00000000e0000000, 0x00000000f5580000, 0x00000000f5580000)
  object space 349696K, 100% used [0x00000000e0000000,0x00000000f5580000,0x00000000f5580000)
 Metaspace       used 62586K, committed 63424K, reserved 1114112K
  class space    used 5786K, committed 6144K, reserved 1048576K
}
Event: 1673.375 GC heap before
{Heap before GC invocations=1028 (full 956):
 PSYoungGen      total 62464K, used 27647K [0x00000000f5580000, 0x00000000fba80000, 0x0000000100000000)
  eden space 27648K, 99% used [0x00000000f5580000,0x00000000f707fff8,0x00000000f7080000)
  from space 34816K, 0% used [0x00000000f9880000,0x00000000f9880000,0x00000000fba80000)
  to   space 37376K, 0% used [0x00000000f7080000,0x00000000f7080000,0x00000000f9500000)
 ParOldGen       total 349696K, used 349696K [0x00000000e0000000, 0x00000000f5580000, 0x00000000f5580000)
  object space 349696K, 100% used [0x00000000e0000000,0x00000000f5580000,0x00000000f5580000)
 Metaspace       used 62586K, committed 63424K, reserved 1114112K
  class space    used 5786K, committed 6144K, reserved 1048576K
}
Event: 1676.064 GC heap after
{Heap after GC invocations=1028 (full 956):
 PSYoungGen      total 65024K, used 27647K [0x00000000f5580000, 0x00000000fba80000, 0x0000000100000000)
  eden space 27648K, 99% used [0x00000000f5580000,0x00000000f707fff8,0x00000000f7080000)
  from space 37376K, 0% used [0x00000000f7080000,0x00000000f7080000,0x00000000f9500000)
  to   space 34816K, 0% used [0x00000000f9880000,0x00000000f9880000,0x00000000fba80000)
 ParOldGen       total 349696K, used 349696K [0x00000000e0000000, 0x00000000f5580000, 0x00000000f5580000)
  object space 349696K, 100% used [0x00000000e0000000,0x00000000f5580000,0x00000000f5580000)
 Metaspace       used 62586K, committed 63424K, reserved 1114112K
  class space    used 5786K, committed 6144K, reserved 1048576K
}
Event: 1676.064 GC heap before
{Heap before GC invocations=1029 (full 957):
 PSYoungGen      total 65024K, used 27647K [0x00000000f5580000, 0x00000000fba80000, 0x0000000100000000)
  eden space 27648K, 99% used [0x00000000f5580000,0x00000000f707fff8,0x00000000f7080000)
  from space 37376K, 0% used [0x00000000f7080000,0x00000000f7080000,0x00000000f9500000)
  to   space 34816K, 0% used [0x00000000f9880000,0x00000000f9880000,0x00000000fba80000)
 ParOldGen       total 349696K, used 349696K [0x00000000e0000000, 0x00000000f5580000, 0x00000000f5580000)
  object space 349696K, 100% used [0x00000000e0000000,0x00000000f5580000,0x00000000f5580000)
 Metaspace       used 62586K, committed 63424K, reserved 1114112K
  class space    used 5786K, committed 6144K, reserved 1048576K
}
Event: 1677.689 GC heap after
{Heap after GC invocations=1029 (full 957):
 PSYoungGen      total 62464K, used 27647K [0x00000000f5580000, 0x00000000fba80000, 0x0000000100000000)
  eden space 27648K, 99% used [0x00000000f5580000,0x00000000f707fff8,0x00000000f7080000)
  from space 34816K, 0% used [0x00000000f9880000,0x00000000f9880000,0x00000000fba80000)
  to   space 37376K, 0% used [0x00000000f7080000,0x00000000f7080000,0x00000000f9500000)
 ParOldGen       total 349696K, used 349696K [0x00000000e0000000, 0x00000000f5580000, 0x00000000f5580000)
  object space 349696K, 100% used [0x00000000e0000000,0x00000000f5580000,0x00000000f5580000)
 Metaspace       used 62586K, committed 63424K, reserved 1114112K
  class space    used 5786K, committed 6144K, reserved 1048576K
}

