# JRE version: OpenJDK Runtime Environment GraalVM CE 22.3.0 (17.0.5+8) (build 17.0.5+8-jvmci-22.3-b08)
# Java VM: OpenJDK 64-Bit Server VM GraalVM CE 22.3.0 (17.0.5+8-jvmci-22.3-b08, mixed mode, sharing, tiered, jvmci, jvmci compiler, compressed oops, compressed class ptrs, parallel gc, linux-amd64)
GC Precious Log:
 CPUs: 8 total, 1 available
 Memory: 1024M
 Large Page Support: Disabled
 NUMA Support: Disabled
 Compressed Oops: Enabled (32-bit)
 Alignments: Space 512K, Generation 512K, Heap 2M
 Heap Min Capacity: 100M
 Heap Initial Capacity: 100M
 Heap Max Capacity: 512M
 Pre-touch: Disabled
 Parallel Workers: 1
Heap:
 PSYoungGen      total 55808K, used 33631K [0x00000000f5580000, 0x00000000fa800000, 0x0000000100000000)
  eden space 28672K, 99% used [0x00000000f5580000,0x00000000f717fff8,0x00000000f7180000)
  from space 27136K, 18% used [0x00000000f7180000,0x00000000f7657dc0,0x00000000f8c00000)
  to   space 26112K, 0% used [0x00000000f8e80000,0x00000000f8e80000,0x00000000fa800000)
 ParOldGen       total 349696K, used 349695K [0x00000000e0000000, 0x00000000f5580000, 0x00000000f5580000)
  object space 349696K, 99% used [0x00000000e0000000,0x00000000f557fd58,0x00000000f5580000)
 Metaspace       used 50472K, committed 51264K, reserved 1097728K
  class space    used 4877K, committed 5184K, reserved 1048576K
GC Heap History (20 events):
Event: 1360.923 GC heap before
{Heap before GC invocations=925 (full 842):
 PSYoungGen      total 55808K, used 33631K [0x00000000f5580000, 0x00000000fa800000, 0x0000000100000000)
  eden space 28672K, 99% used [0x00000000f5580000,0x00000000f717fff0,0x00000000f7180000)
  from space 27136K, 18% used [0x00000000f7180000,0x00000000f7657e88,0x00000000f8c00000)
  to   space 26112K, 0% used [0x00000000f8e80000,0x00000000f8e80000,0x00000000fa800000)
 ParOldGen       total 349696K, used 349695K [0x00000000e0000000, 0x00000000f5580000, 0x00000000f5580000)
  object space 349696K, 99% used [0x00000000e0000000,0x00000000f557ffa0,0x00000000f5580000)
 Metaspace       used 50472K, committed 51264K, reserved 1097728K
  class space    used 4877K, committed 5184K, reserved 1048576K
}
Event: 1362.535 GC heap after
{Heap after GC invocations=925 (full 842):
 PSYoungGen      total 55808K, used 33631K [0x00000000f5580000, 0x00000000fa800000, 0x0000000100000000)
  eden space 28672K, 99% used [0x00000000f5580000,0x00000000f717ffe0,0x00000000f7180000)
  from space 27136K, 18% used [0x00000000f7180000,0x00000000f7657e88,0x00000000f8c00000)
  to   space 26112K, 0% used [0x00000000f8e80000,0x00000000f8e80000,0x00000000fa800000)
 ParOldGen       total 349696K, used 349689K [0x00000000e0000000, 0x00000000f5580000, 0x00000000f5580000)
  object space 349696K, 99% used [0x00000000e0000000,0x00000000f557e670,0x00000000f5580000)
 Metaspace       used 50472K, committed 51264K, reserved 1097728K
  class space    used 4877K, committed 5184K, reserved 1048576K
}
Event: 1362.536 GC heap before
{Heap before GC invocations=926 (full 843):
 PSYoungGen      total 55808K, used 33631K [0x00000000f5580000, 0x00000000fa800000, 0x0000000100000000)
  eden space 28672K, 99% used [0x00000000f5580000,0x00000000f717fff8,0x00000000f7180000)
  from space 27136K, 18% used [0x00000000f7180000,0x00000000f7657e88,0x00000000f8c00000)
  to   space 26112K, 0% used [0x00000000f8e80000,0x00000000f8e80000,0x00000000fa800000)
 ParOldGen       total 349696K, used 349690K [0x00000000e0000000, 0x00000000f5580000, 0x00000000f5580000)
  object space 349696K, 99% used [0x00000000e0000000,0x00000000f557ea58,0x00000000f5580000)
 Metaspace       used 50472K, committed 51264K, reserved 1097728K
  class space    used 4877K, committed 5184K, reserved 1048576K
}
Event: 1363.905 GC heap after
{Heap after GC invocations=926 (full 843):
 PSYoungGen      total 55808K, used 33631K [0x00000000f5580000, 0x00000000fa800000, 0x0000000100000000)
  eden space 28672K, 99% used [0x00000000f5580000,0x00000000f717fff8,0x00000000f7180000)
  from space 27136K, 18% used [0x00000000f7180000,0x00000000f7657e88,0x00000000f8c00000)
  to   space 26112K, 0% used [0x00000000f8e80000,0x00000000f8e80000,0x00000000fa800000)
 ParOldGen       total 349696K, used 349690K [0x00000000e0000000, 0x00000000f5580000, 0x00000000f5580000)
  object space 349696K, 99% used [0x00000000e0000000,0x00000000f557e9d8,0x00000000f5580000)
 Metaspace       used 50472K, committed 51264K, reserved 1097728K
  class space    used 4877K, committed 5184K, reserved 1048576K
}
Event: 1363.905 GC heap before
{Heap before GC invocations=927 (full 844):
 PSYoungGen      total 55808K, used 33631K [0x00000000f5580000, 0x00000000fa800000, 0x0000000100000000)
  eden space 28672K, 99% used [0x00000000f5580000,0x00000000f717fff8,0x00000000f7180000)
  from space 27136K, 18% used [0x00000000f7180000,0x00000000f7657e88,0x00000000f8c00000)
  to   space 26112K, 0% used [0x00000000f8e80000,0x00000000f8e80000,0x00000000fa800000)
 ParOldGen       total 349696K, used 349694K [0x00000000e0000000, 0x00000000f5580000, 0x00000000f5580000)
  object space 349696K, 99% used [0x00000000e0000000,0x00000000f557fab0,0x00000000f5580000)
 Metaspace       used 50472K, committed 51264K, reserved 1097728K
  class space    used 4877K, committed 5184K, reserved 1048576K
}
Event: 1365.312 GC heap after
{Heap after GC invocations=927 (full 844):
 PSYoungGen      total 55808K, used 33631K [0x00000000f5580000, 0x00000000fa800000, 0x0000000100000000)
  eden space 28672K, 99% used [0x00000000f5580000,0x00000000f717fff8,0x00000000f7180000)
  from space 27136K, 18% used [0x00000000f7180000,0x00000000f7657e88,0x00000000f8c00000)
  to   space 26112K, 0% used [0x00000000f8e80000,0x00000000f8e80000,0x00000000fa800000)
 ParOldGen       total 349696K, used 349692K [0x00000000e0000000, 0x00000000f5580000, 0x00000000f5580000)
  object space 349696K, 99% used [0x00000000e0000000,0x00000000f557f2a8,0x00000000f5580000)
 Metaspace       used 50472K, committed 51264K, reserved 1097728K
  class space    used 4877K, committed 5184K, reserved 1048576K
}
Event: 1365.312 GC heap before
{Heap before GC invocations=928 (full 845):
 PSYoungGen      total 55808K, used 33631K [0x00000000f5580000, 0x00000000fa800000, 0x0000000100000000)
  eden space 28672K, 99% used [0x00000000f5580000,0x00000000f717fff8,0x00000000f7180000)
  from space 27136K, 18% used [0x00000000f7180000,0x00000000f7657e88,0x00000000f8c00000)
  to   space 26112K, 0% used [0x00000000f8e80000,0x00000000f8e80000,0x00000000fa800000)
 ParOldGen       total 349696K, used 349695K [0x00000000e0000000, 0x00000000f5580000, 0x00000000f5580000)
  object space 349696K, 99% used [0x00000000e0000000,0x00000000f557fcf8,0x00000000f5580000)
 Metaspace       used 50472K, committed 51264K, reserved 1097728K
  class space    used 4877K, committed 5184K, reserved 1048576K
}
Event: 1366.627 GC heap after
{Heap after GC invocations=928 (full 845):
 PSYoungGen      total 55808K, used 33631K [0x00000000f5580000, 0x00000000fa800000, 0x0000000100000000)
  eden space 28672K, 99% used [0x00000000f5580000,0x00000000f717ff98,0x00000000f7180000)
  from space 27136K, 18% used [0x00000000f7180000,0x00000000f7657e58,0x00000000f8c00000)
  to   space 26112K, 0% used [0x00000000f8e80000,0x00000000f8e80000,0x00000000fa800000)
 ParOldGen       total 349696K, used 349694K [0x00000000e0000000, 0x00000000f5580000, 0x00000000f5580000)
  object space 349696K, 99% used [0x00000000e0000000,0x00000000f557f928,0x00000000f5580000)
 Metaspace       used 50472K, committed 51264K, reserved 1097728K
  class space    used 4877K, committed 5184K, reserved 1048576K
}
Event: 1366.628 GC heap before
{Heap before GC invocations=929 (full 846):
 PSYoungGen      total 55808K, used 33631K [0x00000000f5580000, 0x00000000fa800000, 0x0000000100000000)
  eden space 28672K, 100% used [0x00000000f5580000,0x00000000f7180000,0x00000000f7180000)
  from space 27136K, 18% used [0x00000000f7180000,0x00000000f7657e58,0x00000000f8c00000)
  to   space 26112K, 0% used [0x00000000f8e80000,0x00000000f8e80000,0x00000000fa800000)
 ParOldGen       total 349696K, used 349694K [0x00000000e0000000, 0x00000000f5580000, 0x00000000f5580000)
  object space 349696K, 99% used [0x00000000e0000000,0x00000000f557f928,0x00000000f5580000)
 Metaspace       used 50472K, committed 51264K, reserved 1097728K
  class space    used 4877K, committed 5184K, reserved 1048576K
}
Event: 1367.919 GC heap after
{Heap after GC invocations=929 (full 846):
 PSYoungGen      total 55808K, used 33631K [0x00000000f5580000, 0x00000000fa800000, 0x0000000100000000)
  eden space 28672K, 99% used [0x00000000f5580000,0x00000000f717ffe0,0x00000000f7180000)
  from space 27136K, 18% used [0x00000000f7180000,0x00000000f7657e58,0x00000000f8c00000)
  to   space 26112K, 0% used [0x00000000f8e80000,0x00000000f8e80000,0x00000000fa800000)
 ParOldGen       total 349696K, used 349694K [0x00000000e0000000, 0x00000000f5580000, 0x00000000f5580000)
  object space 349696K, 99% used [0x00000000e0000000,0x00000000f557f928,0x00000000f5580000)
 Metaspace       used 50472K, committed 51264K, reserved 1097728K
  class space    used 4877K, committed 5184K, reserved 1048576K
}
Event: 1367.920 GC heap before
{Heap before GC invocations=930 (full 847):
 PSYoungGen      total 55808K, used 33631K [0x00000000f5580000, 0x00000000fa800000, 0x0000000100000000)
  eden space 28672K, 99% used [0x00000000f5580000,0x00000000f717fff8,0x00000000f7180000)
  from space 27136K, 18% used [0x00000000f7180000,0x00000000f7657e58,0x00000000f8c00000)
  to   space 26112K, 0% used [0x00000000f8e80000,0x00000000f8e80000,0x00000000fa800000)
 ParOldGen       total 349696K, used 349694K [0x00000000e0000000, 0x00000000f5580000, 0x00000000f5580000)
  object space 349696K, 99% used [0x00000000e0000000,0x00000000f557f928,0x00000000f5580000)
 Metaspace       used 50472K, committed 51264K, reserved 1097728K
  class space    used 4877K, committed 5184K, reserved 1048576K
}
Event: 1369.232 GC heap after
{Heap after GC invocations=930 (full 847):
 PSYoungGen      total 55808K, used 33631K [0x00000000f5580000, 0x00000000fa800000, 0x0000000100000000)
  eden space 28672K, 99% used [0x00000000f5580000,0x00000000f717fff8,0x00000000f7180000)
  from space 27136K, 18% used [0x00000000f7180000,0x00000000f7657e58,0x00000000f8c00000)
  to   space 26112K, 0% used [0x00000000f8e80000,0x00000000f8e80000,0x00000000fa800000)
 ParOldGen       total 349696K, used 349694K [0x00000000e0000000, 0x00000000f5580000, 0x00000000f5580000)
  object space 349696K, 99% used [0x00000000e0000000,0x00000000f557f928,0x00000000f5580000)
 Metaspace       used 50472K, committed 51264K, reserved 1097728K
  class space    used 4877K, committed 5184K, reserved 1048576K
}
Event: 1369.232 GC heap before
{Heap before GC invocations=931 (full 848):
 PSYoungGen      total 55808K, used 33631K [0x00000000f5580000, 0x00000000fa800000, 0x0000000100000000)
  eden space 28672K, 99% used [0x00000000f5580000,0x00000000f717fff8,0x00000000f7180000)
  from space 27136K, 18% used [0x00000000f7180000,0x00000000f7657e58,0x00000000f8c00000)
  to   space 26112K, 0% used [0x00000000f8e80000,0x00000000f8e80000,0x00000000fa800000)
 ParOldGen       total 349696K, used 349694K [0x00000000e0000000, 0x00000000f5580000, 0x00000000f5580000)
  object space 349696K, 99% used [0x00000000e0000000,0x00000000f557f9f0,0x00000000f5580000)
 Metaspace       used 50472K, committed 51264K, reserved 1097728K
  class space    used 4877K, committed 5184K, reserved 1048576K
}
Event: 1370.609 GC heap after
{Heap after GC invocations=931 (full 848):
 PSYoungGen      total 55808K, used 33631K [0x00000000f5580000, 0x00000000fa800000, 0x0000000100000000)
  eden space 28672K, 99% used [0x00000000f5580000,0x00000000f717fff8,0x00000000f7180000)
  from space 27136K, 18% used [0x00000000f7180000,0x00000000f7657e58,0x00000000f8c00000)
  to   space 26112K, 0% used [0x00000000f8e80000,0x00000000f8e80000,0x00000000fa800000)
 ParOldGen       total 349696K, used 349694K [0x00000000e0000000, 0x00000000f5580000, 0x00000000f5580000)
  object space 349696K, 99% used [0x00000000e0000000,0x00000000f557f9d8,0x00000000f5580000)
 Metaspace       used 50472K, committed 51264K, reserved 1097728K
  class space    used 4877K, committed 5184K, reserved 1048576K
}
Event: 1370.609 GC heap before
{Heap before GC invocations=932 (full 849):
 PSYoungGen      total 55808K, used 33631K [0x00000000f5580000, 0x00000000fa800000, 0x0000000100000000)
  eden space 28672K, 99% used [0x00000000f5580000,0x00000000f717fff8,0x00000000f7180000)
  from space 27136K, 18% used [0x00000000f7180000,0x00000000f7657e58,0x00000000f8c00000)
  to   space 26112K, 0% used [0x00000000f8e80000,0x00000000f8e80000,0x00000000fa800000)
 ParOldGen       total 349696K, used 349694K [0x00000000e0000000, 0x00000000f5580000, 0x00000000f5580000)
  object space 349696K, 99% used [0x00000000e0000000,0x00000000f557f9d8,0x00000000f5580000)
 Metaspace       used 50472K, committed 51264K, reserved 1097728K
  class space    used 4877K, committed 5184K, reserved 1048576K
}
Event: 1371.933 GC heap after
{Heap after GC invocations=932 (full 849):
 PSYoungGen      total 55808K, used 33631K [0x00000000f5580000, 0x00000000fa800000, 0x0000000100000000)
  eden space 28672K, 99% used [0x00000000f5580000,0x00000000f717fff8,0x00000000f7180000)
  from space 27136K, 18% used [0x00000000f7180000,0x00000000f7657e58,0x00000000f8c00000)
  to   space 26112K, 0% used [0x00000000f8e80000,0x00000000f8e80000,0x00000000fa800000)
 ParOldGen       total 349696K, used 349694K [0x00000000e0000000, 0x00000000f5580000, 0x00000000f5580000)
  object space 349696K, 99% used [0x00000000e0000000,0x00000000f557f9d8,0x00000000f5580000)
 Metaspace       used 50472K, committed 51264K, reserved 1097728K
  class space    used 4877K, committed 5184K, reserved 1048576K
}
Event: 1371.933 GC heap before
{Heap before GC invocations=933 (full 850):
 PSYoungGen      total 55808K, used 33631K [0x00000000f5580000, 0x00000000fa800000, 0x0000000100000000)
  eden space 28672K, 99% used [0x00000000f5580000,0x00000000f717fff8,0x00000000f7180000)
  from space 27136K, 18% used [0x00000000f7180000,0x00000000f7657e58,0x00000000f8c00000)
  to   space 26112K, 0% used [0x00000000f8e80000,0x00000000f8e80000,0x00000000fa800000)
 ParOldGen       total 349696K, used 349695K [0x00000000e0000000, 0x00000000f5580000, 0x00000000f5580000)
  object space 349696K, 99% used [0x00000000e0000000,0x00000000f557ff98,0x00000000f5580000)
 Metaspace       used 50472K, committed 51264K, reserved 1097728K
  class space    used 4877K, committed 5184K, reserved 1048576K
}
Event: 1373.336 GC heap after
{Heap after GC invocations=933 (full 850):
 PSYoungGen      total 55808K, used 33631K [0x00000000f5580000, 0x00000000fa800000, 0x0000000100000000)
  eden space 28672K, 99% used [0x00000000f5580000,0x00000000f717ffb0,0x00000000f7180000)
  from space 27136K, 18% used [0x00000000f7180000,0x00000000f7657dc0,0x00000000f8c00000)
  to   space 26112K, 0% used [0x00000000f8e80000,0x00000000f8e80000,0x00000000fa800000)
 ParOldGen       total 349696K, used 349695K [0x00000000e0000000, 0x00000000f5580000, 0x00000000f5580000)
  object space 349696K, 99% used [0x00000000e0000000,0x00000000f557fc60,0x00000000f5580000)
 Metaspace       used 50472K, committed 51264K, reserved 1097728K
  class space    used 4877K, committed 5184K, reserved 1048576K
}
Event: 1373.336 GC heap before
{Heap before GC invocations=934 (full 851):
 PSYoungGen      total 55808K, used 33631K [0x00000000f5580000, 0x00000000fa800000, 0x0000000100000000)
  eden space 28672K, 99% used [0x00000000f5580000,0x00000000f717ffb0,0x00000000f7180000)
  from space 27136K, 18% used [0x00000000f7180000,0x00000000f7657dc0,0x00000000f8c00000)
  to   space 26112K, 0% used [0x00000000f8e80000,0x00000000f8e80000,0x00000000fa800000)
 ParOldGen       total 349696K, used 349695K [0x00000000e0000000, 0x00000000f5580000, 0x00000000f5580000)
  object space 349696K, 99% used [0x00000000e0000000,0x00000000f557fc60,0x00000000f5580000)
 Metaspace       used 50472K, committed 51264K, reserved 1097728K
  class space    used 4877K, committed 5184K, reserved 1048576K
}
Event: 1374.722 GC heap after
{Heap after GC invocations=934 (full 851):
 PSYoungGen      total 55808K, used 33631K [0x00000000f5580000, 0x00000000fa800000, 0x0000000100000000)
  eden space 28672K, 99% used [0x00000000f5580000,0x00000000f717ffb0,0x00000000f7180000)
  from space 27136K, 18% used [0x00000000f7180000,0x00000000f7657dc0,0x00000000f8c00000)
  to   space 26112K, 0% used [0x00000000f8e80000,0x00000000f8e80000,0x00000000fa800000)
 ParOldGen       total 349696K, used 349695K [0x00000000e0000000, 0x00000000f5580000, 0x00000000f5580000)
  object space 349696K, 99% used [0x00000000e0000000,0x00000000f557fc60,0x00000000f5580000)
 Metaspace       used 50472K, committed 51264K, reserved 1097728K
  class space    used 4877K, committed 5184K, reserved 1048576K
}

