# JRE version: OpenJDK Runtime Environment GraalVM CE 22.3.0 (17.0.5+8) (build 17.0.5+8-jvmci-22.3-b08)
# Java VM: OpenJDK 64-Bit Server VM GraalVM CE 22.3.0 (17.0.5+8-jvmci-22.3-b08, mixed mode, sharing, tiered, jvmci, jvmci compiler, compressed oops, compressed class ptrs, parallel gc, linux-amd64)
GC Precious Log:
 CPUs: 8 total, 1 available
 Memory: 1024M
 Large Page Support: Disabled
 NUMA Support: Disabled
 Compressed Oops: Enabled (32-bit)
 Alignments: Space 512K, Generation 512K, Heap 2M
 Heap Min Capacity: 100M
 Heap Initial Capacity: 100M
 Heap Max Capacity: 512M
 Pre-touch: Disabled
 Parallel Workers: 1
Heap:
 PSYoungGen      total 51712K, used 40448K [0x00000000f5580000, 0x00000000f9b80000, 0x0000000100000000)
  eden space 40448K, 100% used [0x00000000f5580000,0x00000000f7d00000,0x00000000f7d00000)
  from space 11264K, 0% used [0x00000000f9080000,0x00000000f9080000,0x00000000f9b80000)
  to   space 14848K, 0% used [0x00000000f8180000,0x00000000f8180000,0x00000000f9000000)
 ParOldGen       total 349696K, used 349695K [0x00000000e0000000, 0x00000000f5580000, 0x00000000f5580000)
  object space 349696K, 99% used [0x00000000e0000000,0x00000000f557ffe8,0x00000000f5580000)
 Metaspace       used 53185K, committed 53952K, reserved 1097728K
  class space    used 4915K, committed 5248K, reserved 1048576K
GC Heap History (20 events):
Event: 1126.708 GC heap before
{Heap before GC invocations=367 (full 279):
 PSYoungGen      total 51712K, used 40447K [0x00000000f5580000, 0x00000000f9b80000, 0x0000000100000000)
  eden space 40448K, 99% used [0x00000000f5580000,0x00000000f7cfffe0,0x00000000f7d00000)
  from space 11264K, 0% used [0x00000000f9080000,0x00000000f9080000,0x00000000f9b80000)
  to   space 14848K, 0% used [0x00000000f8180000,0x00000000f8180000,0x00000000f9000000)
 ParOldGen       total 349696K, used 349695K [0x00000000e0000000, 0x00000000f5580000, 0x00000000f5580000)
  object space 349696K, 99% used [0x00000000e0000000,0x00000000f557ff50,0x00000000f5580000)
 Metaspace       used 53185K, committed 53952K, reserved 1097728K
  class space    used 4915K, committed 5248K, reserved 1048576K
}
Event: 1130.392 GC heap after
{Heap after GC invocations=367 (full 279):
 PSYoungGen      total 55296K, used 40447K [0x00000000f5580000, 0x00000000f9b80000, 0x0000000100000000)
  eden space 40448K, 99% used [0x00000000f5580000,0x00000000f7cfffd0,0x00000000f7d00000)
  from space 14848K, 0% used [0x00000000f8180000,0x00000000f8180000,0x00000000f9000000)
  to   space 11264K, 0% used [0x00000000f9080000,0x00000000f9080000,0x00000000f9b80000)
 ParOldGen       total 349696K, used 349695K [0x00000000e0000000, 0x00000000f5580000, 0x00000000f5580000)
  object space 349696K, 99% used [0x00000000e0000000,0x00000000f557ff50,0x00000000f5580000)
 Metaspace       used 53185K, committed 53952K, reserved 1097728K
  class space    used 4915K, committed 5248K, reserved 1048576K
}
Event: 1130.392 GC heap before
{Heap before GC invocations=368 (full 280):
 PSYoungGen      total 55296K, used 40447K [0x00000000f5580000, 0x00000000f9b80000, 0x0000000100000000)
  eden space 40448K, 99% used [0x00000000f5580000,0x00000000f7cfffd0,0x00000000f7d00000)
  from space 14848K, 0% used [0x00000000f8180000,0x00000000f8180000,0x00000000f9000000)
  to   space 11264K, 0% used [0x00000000f9080000,0x00000000f9080000,0x00000000f9b80000)
 ParOldGen       total 349696K, used 349695K [0x00000000e0000000, 0x00000000f5580000, 0x00000000f5580000)
  object space 349696K, 99% used [0x00000000e0000000,0x00000000f557ff50,0x00000000f5580000)
 Metaspace       used 53185K, committed 53952K, reserved 1097728K
  class space    used 4915K, committed 5248K, reserved 1048576K
}
Event: 1134.386 GC heap after
{Heap after GC invocations=368 (full 280):
 PSYoungGen      total 51712K, used 40447K [0x00000000f5580000, 0x00000000f9b80000, 0x0000000100000000)
  eden space 40448K, 99% used [0x00000000f5580000,0x00000000f7cfffd0,0x00000000f7d00000)
  from space 11264K, 0% used [0x00000000f9080000,0x00000000f9080000,0x00000000f9b80000)
  to   space 14848K, 0% used [0x00000000f8180000,0x00000000f8180000,0x00000000f9000000)
 ParOldGen       total 349696K, used 349695K [0x00000000e0000000, 0x00000000f5580000, 0x00000000f5580000)
  object space 349696K, 99% used [0x00000000e0000000,0x00000000f557ff50,0x00000000f5580000)
 Metaspace       used 53185K, committed 53952K, reserved 1097728K
  class space    used 4915K, committed 5248K, reserved 1048576K
}
Event: 1134.386 GC heap before
{Heap before GC invocations=369 (full 281):
 PSYoungGen      total 51712K, used 40448K [0x00000000f5580000, 0x00000000f9b80000, 0x0000000100000000)
  eden space 40448K, 100% used [0x00000000f5580000,0x00000000f7d00000,0x00000000f7d00000)
  from space 11264K, 0% used [0x00000000f9080000,0x00000000f9080000,0x00000000f9b80000)
  to   space 14848K, 0% used [0x00000000f8180000,0x00000000f8180000,0x00000000f9000000)
 ParOldGen       total 349696K, used 349696K [0x00000000e0000000, 0x00000000f5580000, 0x00000000f5580000)
  object space 349696K, 100% used [0x00000000e0000000,0x00000000f5580000,0x00000000f5580000)
 Metaspace       used 53185K, committed 53952K, reserved 1097728K
  class space    used 4915K, committed 5248K, reserved 1048576K
}
Event: 1138.484 GC heap after
{Heap after GC invocations=369 (full 281):
 PSYoungGen      total 55296K, used 40447K [0x00000000f5580000, 0x00000000f9b80000, 0x0000000100000000)
  eden space 40448K, 99% used [0x00000000f5580000,0x00000000f7cfff68,0x00000000f7d00000)
  from space 14848K, 0% used [0x00000000f8180000,0x00000000f8180000,0x00000000f9000000)
  to   space 11264K, 0% used [0x00000000f9080000,0x00000000f9080000,0x00000000f9b80000)
 ParOldGen       total 349696K, used 349693K [0x00000000e0000000, 0x00000000f5580000, 0x00000000f5580000)
  object space 349696K, 99% used [0x00000000e0000000,0x00000000f557f4c0,0x00000000f5580000)
 Metaspace       used 53185K, committed 53952K, reserved 1097728K
  class space    used 4915K, committed 5248K, reserved 1048576K
}
Event: 1138.484 GC heap before
{Heap before GC invocations=370 (full 282):
 PSYoungGen      total 55296K, used 40447K [0x00000000f5580000, 0x00000000f9b80000, 0x0000000100000000)
  eden space 40448K, 99% used [0x00000000f5580000,0x00000000f7cffff0,0x00000000f7d00000)
  from space 14848K, 0% used [0x00000000f8180000,0x00000000f8180000,0x00000000f9000000)
  to   space 11264K, 0% used [0x00000000f9080000,0x00000000f9080000,0x00000000f9b80000)
 ParOldGen       total 349696K, used 349693K [0x00000000e0000000, 0x00000000f5580000, 0x00000000f5580000)
  object space 349696K, 99% used [0x00000000e0000000,0x00000000f557f4c0,0x00000000f5580000)
 Metaspace       used 53185K, committed 53952K, reserved 1097728K
  class space    used 4915K, committed 5248K, reserved 1048576K
}
Event: 1142.198 GC heap after
{Heap after GC invocations=370 (full 282):
 PSYoungGen      total 51712K, used 40447K [0x00000000f5580000, 0x00000000f9b80000, 0x0000000100000000)
  eden space 40448K, 99% used [0x00000000f5580000,0x00000000f7cffff0,0x00000000f7d00000)
  from space 11264K, 0% used [0x00000000f9080000,0x00000000f9080000,0x00000000f9b80000)
  to   space 14848K, 0% used [0x00000000f8180000,0x00000000f8180000,0x00000000f9000000)
 ParOldGen       total 349696K, used 349693K [0x00000000e0000000, 0x00000000f5580000, 0x00000000f5580000)
  object space 349696K, 99% used [0x00000000e0000000,0x00000000f557f4c0,0x00000000f5580000)
 Metaspace       used 53185K, committed 53952K, reserved 1097728K
  class space    used 4915K, committed 5248K, reserved 1048576K
}
Event: 1142.199 GC heap before
{Heap before GC invocations=371 (full 283):
 PSYoungGen      total 51712K, used 40448K [0x00000000f5580000, 0x00000000f9b80000, 0x0000000100000000)
  eden space 40448K, 100% used [0x00000000f5580000,0x00000000f7d00000,0x00000000f7d00000)
  from space 11264K, 0% used [0x00000000f9080000,0x00000000f9080000,0x00000000f9b80000)
  to   space 14848K, 0% used [0x00000000f8180000,0x00000000f8180000,0x00000000f9000000)
 ParOldGen       total 349696K, used 349693K [0x00000000e0000000, 0x00000000f5580000, 0x00000000f5580000)
  object space 349696K, 99% used [0x00000000e0000000,0x00000000f557f728,0x00000000f5580000)
 Metaspace       used 53185K, committed 53952K, reserved 1097728K
  class space    used 4915K, committed 5248K, reserved 1048576K
}
Event: 1145.887 GC heap after
{Heap after GC invocations=371 (full 283):
 PSYoungGen      total 55296K, used 40448K [0x00000000f5580000, 0x00000000f9b80000, 0x0000000100000000)
  eden space 40448K, 100% used [0x00000000f5580000,0x00000000f7d00000,0x00000000f7d00000)
  from space 14848K, 0% used [0x00000000f8180000,0x00000000f8180000,0x00000000f9000000)
  to   space 11264K, 0% used [0x00000000f9080000,0x00000000f9080000,0x00000000f9b80000)
 ParOldGen       total 349696K, used 349693K [0x00000000e0000000, 0x00000000f5580000, 0x00000000f5580000)
  object space 349696K, 99% used [0x00000000e0000000,0x00000000f557f6f0,0x00000000f5580000)
 Metaspace       used 53185K, committed 53952K, reserved 1097728K
  class space    used 4915K, committed 5248K, reserved 1048576K
}
Event: 1145.887 GC heap before
{Heap before GC invocations=372 (full 284):
 PSYoungGen      total 55296K, used 40448K [0x00000000f5580000, 0x00000000f9b80000, 0x0000000100000000)
  eden space 40448K, 100% used [0x00000000f5580000,0x00000000f7d00000,0x00000000f7d00000)
  from space 14848K, 0% used [0x00000000f8180000,0x00000000f8180000,0x00000000f9000000)
  to   space 11264K, 0% used [0x00000000f9080000,0x00000000f9080000,0x00000000f9b80000)
 ParOldGen       total 349696K, used 349693K [0x00000000e0000000, 0x00000000f5580000, 0x00000000f5580000)
  object space 349696K, 99% used [0x00000000e0000000,0x00000000f557f6f0,0x00000000f5580000)
 Metaspace       used 53185K, committed 53952K, reserved 1097728K
  class space    used 4915K, committed 5248K, reserved 1048576K
}
Event: 1149.382 GC heap after
{Heap after GC invocations=372 (full 284):
 PSYoungGen      total 51712K, used 40448K [0x00000000f5580000, 0x00000000f9b80000, 0x0000000100000000)
  eden space 40448K, 100% used [0x00000000f5580000,0x00000000f7d00000,0x00000000f7d00000)
  from space 11264K, 0% used [0x00000000f9080000,0x00000000f9080000,0x00000000f9b80000)
  to   space 14848K, 0% used [0x00000000f8180000,0x00000000f8180000,0x00000000f9000000)
 ParOldGen       total 349696K, used 349693K [0x00000000e0000000, 0x00000000f5580000, 0x00000000f5580000)
  object space 349696K, 99% used [0x00000000e0000000,0x00000000f557f6f0,0x00000000f5580000)
 Metaspace       used 53185K, committed 53952K, reserved 1097728K
  class space    used 4915K, committed 5248K, reserved 1048576K
}
Event: 1149.388 GC heap before
{Heap before GC invocations=373 (full 285):
 PSYoungGen      total 51712K, used 40448K [0x00000000f5580000, 0x00000000f9b80000, 0x0000000100000000)
  eden space 40448K, 100% used [0x00000000f5580000,0x00000000f7d00000,0x00000000f7d00000)
  from space 11264K, 0% used [0x00000000f9080000,0x00000000f9080000,0x00000000f9b80000)
  to   space 14848K, 0% used [0x00000000f8180000,0x00000000f8180000,0x00000000f9000000)
 ParOldGen       total 349696K, used 349695K [0x00000000e0000000, 0x00000000f5580000, 0x00000000f5580000)
  object space 349696K, 99% used [0x00000000e0000000,0x00000000f557ff90,0x00000000f5580000)
 Metaspace       used 53185K, committed 53952K, reserved 1097728K
  class space    used 4915K, committed 5248K, reserved 1048576K
}
Event: 1153.385 GC heap after
{Heap after GC invocations=373 (full 285):
 PSYoungGen      total 55296K, used 40447K [0x00000000f5580000, 0x00000000f9b80000, 0x0000000100000000)
  eden space 40448K, 99% used [0x00000000f5580000,0x00000000f7cfff48,0x00000000f7d00000)
  from space 14848K, 0% used [0x00000000f8180000,0x00000000f8180000,0x00000000f9000000)
  to   space 11264K, 0% used [0x00000000f9080000,0x00000000f9080000,0x00000000f9b80000)
 ParOldGen       total 349696K, used 349694K [0x00000000e0000000, 0x00000000f5580000, 0x00000000f5580000)
  object space 349696K, 99% used [0x00000000e0000000,0x00000000f557f9c8,0x00000000f5580000)
 Metaspace       used 53185K, committed 53952K, reserved 1097728K
  class space    used 4915K, committed 5248K, reserved 1048576K
}
Event: 1153.386 GC heap before
{Heap before GC invocations=374 (full 286):
 PSYoungGen      total 55296K, used 40447K [0x00000000f5580000, 0x00000000f9b80000, 0x0000000100000000)
  eden space 40448K, 99% used [0x00000000f5580000,0x00000000f7cffff0,0x00000000f7d00000)
  from space 14848K, 0% used [0x00000000f8180000,0x00000000f8180000,0x00000000f9000000)
  to   space 11264K, 0% used [0x00000000f9080000,0x00000000f9080000,0x00000000f9b80000)
 ParOldGen       total 349696K, used 349694K [0x00000000e0000000, 0x00000000f5580000, 0x00000000f5580000)
  object space 349696K, 99% used [0x00000000e0000000,0x00000000f557f9c8,0x00000000f5580000)
 Metaspace       used 53185K, committed 53952K, reserved 1097728K
  class space    used 4915K, committed 5248K, reserved 1048576K
}
Event: 1157.328 GC heap after
{Heap after GC invocations=374 (full 286):
 PSYoungGen      total 51712K, used 40447K [0x00000000f5580000, 0x00000000f9b80000, 0x0000000100000000)
  eden space 40448K, 99% used [0x00000000f5580000,0x00000000f7cffff0,0x00000000f7d00000)
  from space 11264K, 0% used [0x00000000f9080000,0x00000000f9080000,0x00000000f9b80000)
  to   space 14848K, 0% used [0x00000000f8180000,0x00000000f8180000,0x00000000f9000000)
 ParOldGen       total 349696K, used 349694K [0x00000000e0000000, 0x00000000f5580000, 0x00000000f5580000)
  object space 349696K, 99% used [0x00000000e0000000,0x00000000f557f9c8,0x00000000f5580000)
 Metaspace       used 53185K, committed 53952K, reserved 1097728K
  class space    used 4915K, committed 5248K, reserved 1048576K
}
Event: 1157.386 GC heap before
{Heap before GC invocations=375 (full 287):
 PSYoungGen      total 51712K, used 40447K [0x00000000f5580000, 0x00000000f9b80000, 0x0000000100000000)
  eden space 40448K, 99% used [0x00000000f5580000,0x00000000f7cffff0,0x00000000f7d00000)
  from space 11264K, 0% used [0x00000000f9080000,0x00000000f9080000,0x00000000f9b80000)
  to   space 14848K, 0% used [0x00000000f8180000,0x00000000f8180000,0x00000000f9000000)
 ParOldGen       total 349696K, used 349694K [0x00000000e0000000, 0x00000000f5580000, 0x00000000f5580000)
  object space 349696K, 99% used [0x00000000e0000000,0x00000000f557fb90,0x00000000f5580000)
 Metaspace       used 53185K, committed 53952K, reserved 1097728K
  class space    used 4915K, committed 5248K, reserved 1048576K
}
Event: 1160.791 GC heap after
{Heap after GC invocations=375 (full 287):
 PSYoungGen      total 55296K, used 40447K [0x00000000f5580000, 0x00000000f9b80000, 0x0000000100000000)
  eden space 40448K, 99% used [0x00000000f5580000,0x00000000f7cfffa8,0x00000000f7d00000)
  from space 14848K, 0% used [0x00000000f8180000,0x00000000f8180000,0x00000000f9000000)
  to   space 11264K, 0% used [0x00000000f9080000,0x00000000f9080000,0x00000000f9b80000)
 ParOldGen       total 349696K, used 349694K [0x00000000e0000000, 0x00000000f5580000, 0x00000000f5580000)
  object space 349696K, 99% used [0x00000000e0000000,0x00000000f557faf8,0x00000000f5580000)
 Metaspace       used 53185K, committed 53952K, reserved 1097728K
  class space    used 4915K, committed 5248K, reserved 1048576K
}
Event: 1160.791 GC heap before
{Heap before GC invocations=376 (full 288):
 PSYoungGen      total 55296K, used 40447K [0x00000000f5580000, 0x00000000f9b80000, 0x0000000100000000)
  eden space 40448K, 99% used [0x00000000f5580000,0x00000000f7cfffa8,0x00000000f7d00000)
  from space 14848K, 0% used [0x00000000f8180000,0x00000000f8180000,0x00000000f9000000)
  to   space 11264K, 0% used [0x00000000f9080000,0x00000000f9080000,0x00000000f9b80000)
 ParOldGen       total 349696K, used 349694K [0x00000000e0000000, 0x00000000f5580000, 0x00000000f5580000)
  object space 349696K, 99% used [0x00000000e0000000,0x00000000f557faf8,0x00000000f5580000)
 Metaspace       used 53185K, committed 53952K, reserved 1097728K
  class space    used 4915K, committed 5248K, reserved 1048576K
}
Event: 1164.381 GC heap after
{Heap after GC invocations=376 (full 288):
 PSYoungGen      total 51712K, used 40447K [0x00000000f5580000, 0x00000000f9b80000, 0x0000000100000000)
  eden space 40448K, 99% used [0x00000000f5580000,0x00000000f7cfffa8,0x00000000f7d00000)
  from space 11264K, 0% used [0x00000000f9080000,0x00000000f9080000,0x00000000f9b80000)
  to   space 14848K, 0% used [0x00000000f8180000,0x00000000f8180000,0x00000000f9000000)
 ParOldGen       total 349696K, used 349694K [0x00000000e0000000, 0x00000000f5580000, 0x00000000f5580000)
  object space 349696K, 99% used [0x00000000e0000000,0x00000000f557faf8,0x00000000f5580000)
 Metaspace       used 53185K, committed 53952K, reserved 1097728K
  class space    used 4915K, committed 5248K, reserved 1048576K
}

