# JRE version: OpenJDK Runtime Environment GraalVM CE 22.3.0 (17.0.5+8) (build 17.0.5+8-jvmci-22.3-b08)
# Java VM: OpenJDK 64-Bit Server VM GraalVM CE 22.3.0 (17.0.5+8-jvmci-22.3-b08, mixed mode, sharing, tiered, jvmci, jvmci compiler, compressed oops, compressed class ptrs, parallel gc, linux-amd64)
GC Precious Log:
 CPUs: 8 total, 1 available
 Memory: 1024M
 Large Page Support: Disabled
 NUMA Support: Disabled
 Compressed Oops: Enabled (32-bit)
 Alignments: Space 512K, Generation 512K, Heap 2M
 Heap Min Capacity: 100M
 Heap Initial Capacity: 100M
 Heap Max Capacity: 512M
 Pre-touch: Disabled
 Parallel Workers: 1
Heap:
 PSYoungGen      total 26624K, used 19455K [0x00000000f5580000, 0x00000000f7800000, 0x0000000100000000)
  eden space 19456K, 99% used [0x00000000f5580000,0x00000000f687fff8,0x00000000f6880000)
  from space 7168K, 0% used [0x00000000f6880000,0x00000000f6880000,0x00000000f6f80000)
  to   space 7168K, 0% used [0x00000000f6f80000,0x00000000f6f80000,0x00000000f7680000)
 ParOldGen       total 349696K, used 349696K [0x00000000e0000000, 0x00000000f5580000, 0x00000000f5580000)
  object space 349696K, 100% used [0x00000000e0000000,0x00000000f5580000,0x00000000f5580000)
 Metaspace       used 57231K, committed 58112K, reserved 1105920K
  class space    used 5524K, committed 5888K, reserved 1048576K
GC Heap History (20 events):
Event: 1201.872 GC heap before
{Heap before GC invocations=936 (full 775):
 PSYoungGen      total 26624K, used 19455K [0x00000000f5580000, 0x00000000f7800000, 0x0000000100000000)
  eden space 19456K, 99% used [0x00000000f5580000,0x00000000f687fff8,0x00000000f6880000)
  from space 7168K, 0% used [0x00000000f6880000,0x00000000f6880000,0x00000000f6f80000)
  to   space 7168K, 0% used [0x00000000f6f80000,0x00000000f6f80000,0x00000000f7680000)
 ParOldGen       total 349696K, used 349686K [0x00000000e0000000, 0x00000000f5580000, 0x00000000f5580000)
  object space 349696K, 99% used [0x00000000e0000000,0x00000000f557d818,0x00000000f5580000)
 Metaspace       used 57231K, committed 58112K, reserved 1105920K
  class space    used 5524K, committed 5888K, reserved 1048576K
}
Event: 1203.444 GC heap after
{Heap after GC invocations=936 (full 775):
 PSYoungGen      total 26624K, used 19455K [0x00000000f5580000, 0x00000000f7800000, 0x0000000100000000)
  eden space 19456K, 99% used [0x00000000f5580000,0x00000000f687fff8,0x00000000f6880000)
  from space 7168K, 0% used [0x00000000f6f80000,0x00000000f6f80000,0x00000000f7680000)
  to   space 7168K, 0% used [0x00000000f6880000,0x00000000f6880000,0x00000000f6f80000)
 ParOldGen       total 349696K, used 349686K [0x00000000e0000000, 0x00000000f5580000, 0x00000000f5580000)
  object space 349696K, 99% used [0x00000000e0000000,0x00000000f557d818,0x00000000f5580000)
 Metaspace       used 57231K, committed 58112K, reserved 1105920K
  class space    used 5524K, committed 5888K, reserved 1048576K
}
Event: 1203.444 GC heap before
{Heap before GC invocations=937 (full 776):
 PSYoungGen      total 26624K, used 19455K [0x00000000f5580000, 0x00000000f7800000, 0x0000000100000000)
  eden space 19456K, 99% used [0x00000000f5580000,0x00000000f687fff8,0x00000000f6880000)
  from space 7168K, 0% used [0x00000000f6f80000,0x00000000f6f80000,0x00000000f7680000)
  to   space 7168K, 0% used [0x00000000f6880000,0x00000000f6880000,0x00000000f6f80000)
 ParOldGen       total 349696K, used 349691K [0x00000000e0000000, 0x00000000f5580000, 0x00000000f5580000)
  object space 349696K, 99% used [0x00000000e0000000,0x00000000f557ee90,0x00000000f5580000)
 Metaspace       used 57231K, committed 58112K, reserved 1105920K
  class space    used 5524K, committed 5888K, reserved 1048576K
}
Event: 1205.185 GC heap after
{Heap after GC invocations=937 (full 776):
 PSYoungGen      total 26624K, used 19454K [0x00000000f5580000, 0x00000000f7800000, 0x0000000100000000)
  eden space 19456K, 99% used [0x00000000f5580000,0x00000000f687fbd8,0x00000000f6880000)
  from space 7168K, 0% used [0x00000000f6880000,0x00000000f6880000,0x00000000f6f80000)
  to   space 7168K, 0% used [0x00000000f6f80000,0x00000000f6f80000,0x00000000f7680000)
 ParOldGen       total 349696K, used 349690K [0x00000000e0000000, 0x00000000f5580000, 0x00000000f5580000)
  object space 349696K, 99% used [0x00000000e0000000,0x00000000f557ebf8,0x00000000f5580000)
 Metaspace       used 57231K, committed 58112K, reserved 1105920K
  class space    used 5524K, committed 5888K, reserved 1048576K
}
Event: 1205.185 GC heap before
{Heap before GC invocations=938 (full 777):
 PSYoungGen      total 26624K, used 19455K [0x00000000f5580000, 0x00000000f7800000, 0x0000000100000000)
  eden space 19456K, 99% used [0x00000000f5580000,0x00000000f687fff0,0x00000000f6880000)
  from space 7168K, 0% used [0x00000000f6880000,0x00000000f6880000,0x00000000f6f80000)
  to   space 7168K, 0% used [0x00000000f6f80000,0x00000000f6f80000,0x00000000f7680000)
 ParOldGen       total 349696K, used 349690K [0x00000000e0000000, 0x00000000f5580000, 0x00000000f5580000)
  object space 349696K, 99% used [0x00000000e0000000,0x00000000f557ebf8,0x00000000f5580000)
 Metaspace       used 57231K, committed 58112K, reserved 1105920K
  class space    used 5524K, committed 5888K, reserved 1048576K
}
Event: 1206.497 GC heap after
{Heap after GC invocations=938 (full 777):
 PSYoungGen      total 26624K, used 19455K [0x00000000f5580000, 0x00000000f7800000, 0x0000000100000000)
  eden space 19456K, 99% used [0x00000000f5580000,0x00000000f687feb0,0x00000000f6880000)
  from space 7168K, 0% used [0x00000000f6f80000,0x00000000f6f80000,0x00000000f7680000)
  to   space 7168K, 0% used [0x00000000f6880000,0x00000000f6880000,0x00000000f6f80000)
 ParOldGen       total 349696K, used 349690K [0x00000000e0000000, 0x00000000f5580000, 0x00000000f5580000)
  object space 349696K, 99% used [0x00000000e0000000,0x00000000f557ebf8,0x00000000f5580000)
 Metaspace       used 57231K, committed 58112K, reserved 1105920K
  class space    used 5524K, committed 5888K, reserved 1048576K
}
Event: 1206.500 GC heap before
{Heap before GC invocations=939 (full 778):
 PSYoungGen      total 26624K, used 19456K [0x00000000f5580000, 0x00000000f7800000, 0x0000000100000000)
  eden space 19456K, 100% used [0x00000000f5580000,0x00000000f6880000,0x00000000f6880000)
  from space 7168K, 0% used [0x00000000f6f80000,0x00000000f6f80000,0x00000000f7680000)
  to   space 7168K, 0% used [0x00000000f6880000,0x00000000f6880000,0x00000000f6f80000)
 ParOldGen       total 349696K, used 349690K [0x00000000e0000000, 0x00000000f5580000, 0x00000000f5580000)
  object space 349696K, 99% used [0x00000000e0000000,0x00000000f557ebf8,0x00000000f5580000)
 Metaspace       used 57231K, committed 58112K, reserved 1105920K
  class space    used 5524K, committed 5888K, reserved 1048576K
}
Event: 1207.805 GC heap after
{Heap after GC invocations=939 (full 778):
 PSYoungGen      total 26624K, used 19456K [0x00000000f5580000, 0x00000000f7800000, 0x0000000100000000)
  eden space 19456K, 100% used [0x00000000f5580000,0x00000000f6880000,0x00000000f6880000)
  from space 7168K, 0% used [0x00000000f6880000,0x00000000f6880000,0x00000000f6f80000)
  to   space 7168K, 0% used [0x00000000f6f80000,0x00000000f6f80000,0x00000000f7680000)
 ParOldGen       total 349696K, used 349690K [0x00000000e0000000, 0x00000000f5580000, 0x00000000f5580000)
  object space 349696K, 99% used [0x00000000e0000000,0x00000000f557ebf8,0x00000000f5580000)
 Metaspace       used 57231K, committed 58112K, reserved 1105920K
  class space    used 5524K, committed 5888K, reserved 1048576K
}
Event: 1207.811 GC heap before
{Heap before GC invocations=940 (full 779):
 PSYoungGen      total 26624K, used 19456K [0x00000000f5580000, 0x00000000f7800000, 0x0000000100000000)
  eden space 19456K, 100% used [0x00000000f5580000,0x00000000f6880000,0x00000000f6880000)
  from space 7168K, 0% used [0x00000000f6880000,0x00000000f6880000,0x00000000f6f80000)
  to   space 7168K, 0% used [0x00000000f6f80000,0x00000000f6f80000,0x00000000f7680000)
 ParOldGen       total 349696K, used 349693K [0x00000000e0000000, 0x00000000f5580000, 0x00000000f5580000)
  object space 349696K, 99% used [0x00000000e0000000,0x00000000f557f420,0x00000000f5580000)
 Metaspace       used 57231K, committed 58112K, reserved 1105920K
  class space    used 5524K, committed 5888K, reserved 1048576K
}
Event: 1209.161 GC heap after
{Heap after GC invocations=940 (full 779):
 PSYoungGen      total 26624K, used 19455K [0x00000000f5580000, 0x00000000f7800000, 0x0000000100000000)
  eden space 19456K, 99% used [0x00000000f5580000,0x00000000f687ffb8,0x00000000f6880000)
  from space 7168K, 0% used [0x00000000f6f80000,0x00000000f6f80000,0x00000000f7680000)
  to   space 7168K, 0% used [0x00000000f6880000,0x00000000f6880000,0x00000000f6f80000)
 ParOldGen       total 349696K, used 349692K [0x00000000e0000000, 0x00000000f5580000, 0x00000000f5580000)
  object space 349696K, 99% used [0x00000000e0000000,0x00000000f557f300,0x00000000f5580000)
 Metaspace       used 57231K, committed 58112K, reserved 1105920K
  class space    used 5524K, committed 5888K, reserved 1048576K
}
Event: 1209.162 GC heap before
{Heap before GC invocations=941 (full 780):
 PSYoungGen      total 26624K, used 19456K [0x00000000f5580000, 0x00000000f7800000, 0x0000000100000000)
  eden space 19456K, 100% used [0x00000000f5580000,0x00000000f6880000,0x00000000f6880000)
  from space 7168K, 0% used [0x00000000f6f80000,0x00000000f6f80000,0x00000000f7680000)
  to   space 7168K, 0% used [0x00000000f6880000,0x00000000f6880000,0x00000000f6f80000)
 ParOldGen       total 349696K, used 349692K [0x00000000e0000000, 0x00000000f5580000, 0x00000000f5580000)
  object space 349696K, 99% used [0x00000000e0000000,0x00000000f557f300,0x00000000f5580000)
 Metaspace       used 57231K, committed 58112K, reserved 1105920K
  class space    used 5524K, committed 5888K, reserved 1048576K
}
Event: 1210.589 GC heap after
{Heap after GC invocations=941 (full 780):
 PSYoungGen      total 26624K, used 19456K [0x00000000f5580000, 0x00000000f7800000, 0x0000000100000000)
  eden space 19456K, 100% used [0x00000000f5580000,0x00000000f6880000,0x00000000f6880000)
  from space 7168K, 0% used [0x00000000f6880000,0x00000000f6880000,0x00000000f6f80000)
  to   space 7168K, 0% used [0x00000000f6f80000,0x00000000f6f80000,0x00000000f7680000)
 ParOldGen       total 349696K, used 349692K [0x00000000e0000000, 0x00000000f5580000, 0x00000000f5580000)
  object space 349696K, 99% used [0x00000000e0000000,0x00000000f557f2c8,0x00000000f5580000)
 Metaspace       used 57231K, committed 58112K, reserved 1105920K
  class space    used 5524K, committed 5888K, reserved 1048576K
}
Event: 1210.589 GC heap before
{Heap before GC invocations=942 (full 781):
 PSYoungGen      total 26624K, used 19456K [0x00000000f5580000, 0x00000000f7800000, 0x0000000100000000)
  eden space 19456K, 100% used [0x00000000f5580000,0x00000000f6880000,0x00000000f6880000)
  from space 7168K, 0% used [0x00000000f6880000,0x00000000f6880000,0x00000000f6f80000)
  to   space 7168K, 0% used [0x00000000f6f80000,0x00000000f6f80000,0x00000000f7680000)
 ParOldGen       total 349696K, used 349695K [0x00000000e0000000, 0x00000000f5580000, 0x00000000f5580000)
  object space 349696K, 99% used [0x00000000e0000000,0x00000000f557fce0,0x00000000f5580000)
 Metaspace       used 57231K, committed 58112K, reserved 1105920K
  class space    used 5524K, committed 5888K, reserved 1048576K
}
Event: 1211.911 GC heap after
{Heap after GC invocations=942 (full 781):
 PSYoungGen      total 26624K, used 19455K [0x00000000f5580000, 0x00000000f7800000, 0x0000000100000000)
  eden space 19456K, 99% used [0x00000000f5580000,0x00000000f687ff10,0x00000000f6880000)
  from space 7168K, 0% used [0x00000000f6f80000,0x00000000f6f80000,0x00000000f7680000)
  to   space 7168K, 0% used [0x00000000f6880000,0x00000000f6880000,0x00000000f6f80000)
 ParOldGen       total 349696K, used 349694K [0x00000000e0000000, 0x00000000f5580000, 0x00000000f5580000)
  object space 349696K, 99% used [0x00000000e0000000,0x00000000f557fb08,0x00000000f5580000)
 Metaspace       used 57231K, committed 58112K, reserved 1105920K
  class space    used 5524K, committed 5888K, reserved 1048576K
}
Event: 1211.912 GC heap before
{Heap before GC invocations=943 (full 782):
 PSYoungGen      total 26624K, used 19455K [0x00000000f5580000, 0x00000000f7800000, 0x0000000100000000)
  eden space 19456K, 99% used [0x00000000f5580000,0x00000000f687fff8,0x00000000f6880000)
  from space 7168K, 0% used [0x00000000f6f80000,0x00000000f6f80000,0x00000000f7680000)
  to   space 7168K, 0% used [0x00000000f6880000,0x00000000f6880000,0x00000000f6f80000)
 ParOldGen       total 349696K, used 349694K [0x00000000e0000000, 0x00000000f5580000, 0x00000000f5580000)
  object space 349696K, 99% used [0x00000000e0000000,0x00000000f557fb08,0x00000000f5580000)
 Metaspace       used 57231K, committed 58112K, reserved 1105920K
  class space    used 5524K, committed 5888K, reserved 1048576K
}
Event: 1213.287 GC heap after
{Heap after GC invocations=943 (full 782):
 PSYoungGen      total 26624K, used 19455K [0x00000000f5580000, 0x00000000f7800000, 0x0000000100000000)
  eden space 19456K, 99% used [0x00000000f5580000,0x00000000f687fff8,0x00000000f6880000)
  from space 7168K, 0% used [0x00000000f6880000,0x00000000f6880000,0x00000000f6f80000)
  to   space 7168K, 0% used [0x00000000f6f80000,0x00000000f6f80000,0x00000000f7680000)
 ParOldGen       total 349696K, used 349694K [0x00000000e0000000, 0x00000000f5580000, 0x00000000f5580000)
  object space 349696K, 99% used [0x00000000e0000000,0x00000000f557fb08,0x00000000f5580000)
 Metaspace       used 57231K, committed 58112K, reserved 1105920K
  class space    used 5524K, committed 5888K, reserved 1048576K
}
Event: 1213.288 GC heap before
{Heap before GC invocations=944 (full 783):
 PSYoungGen      total 26624K, used 19455K [0x00000000f5580000, 0x00000000f7800000, 0x0000000100000000)
  eden space 19456K, 99% used [0x00000000f5580000,0x00000000f687fff8,0x00000000f6880000)
  from space 7168K, 0% used [0x00000000f6880000,0x00000000f6880000,0x00000000f6f80000)
  to   space 7168K, 0% used [0x00000000f6f80000,0x00000000f6f80000,0x00000000f7680000)
 ParOldGen       total 349696K, used 349695K [0x00000000e0000000, 0x00000000f5580000, 0x00000000f5580000)
  object space 349696K, 99% used [0x00000000e0000000,0x00000000f557fd38,0x00000000f5580000)
 Metaspace       used 57231K, committed 58112K, reserved 1105920K
  class space    used 5524K, committed 5888K, reserved 1048576K
}
Event: 1214.705 GC heap after
{Heap after GC invocations=944 (full 783):
 PSYoungGen      total 26624K, used 19455K [0x00000000f5580000, 0x00000000f7800000, 0x0000000100000000)
  eden space 19456K, 99% used [0x00000000f5580000,0x00000000f687fff8,0x00000000f6880000)
  from space 7168K, 0% used [0x00000000f6f80000,0x00000000f6f80000,0x00000000f7680000)
  to   space 7168K, 0% used [0x00000000f6880000,0x00000000f6880000,0x00000000f6f80000)
 ParOldGen       total 349696K, used 349694K [0x00000000e0000000, 0x00000000f5580000, 0x00000000f5580000)
  object space 349696K, 99% used [0x00000000e0000000,0x00000000f557fb08,0x00000000f5580000)
 Metaspace       used 57231K, committed 58112K, reserved 1105920K
  class space    used 5524K, committed 5888K, reserved 1048576K
}
Event: 1214.705 GC heap before
{Heap before GC invocations=945 (full 784):
 PSYoungGen      total 26624K, used 19455K [0x00000000f5580000, 0x00000000f7800000, 0x0000000100000000)
  eden space 19456K, 99% used [0x00000000f5580000,0x00000000f687fff8,0x00000000f6880000)
  from space 7168K, 0% used [0x00000000f6f80000,0x00000000f6f80000,0x00000000f7680000)
  to   space 7168K, 0% used [0x00000000f6880000,0x00000000f6880000,0x00000000f6f80000)
 ParOldGen       total 349696K, used 349694K [0x00000000e0000000, 0x00000000f5580000, 0x00000000f5580000)
  object space 349696K, 99% used [0x00000000e0000000,0x00000000f557fb08,0x00000000f5580000)
 Metaspace       used 57231K, committed 58112K, reserved 1105920K
  class space    used 5524K, committed 5888K, reserved 1048576K
}
Event: 1216.020 GC heap after
{Heap after GC invocations=945 (full 784):
 PSYoungGen      total 26624K, used 19455K [0x00000000f5580000, 0x00000000f7800000, 0x0000000100000000)
  eden space 19456K, 99% used [0x00000000f5580000,0x00000000f687fff8,0x00000000f6880000)
  from space 7168K, 0% used [0x00000000f6880000,0x00000000f6880000,0x00000000f6f80000)
  to   space 7168K, 0% used [0x00000000f6f80000,0x00000000f6f80000,0x00000000f7680000)
 ParOldGen       total 349696K, used 349694K [0x00000000e0000000, 0x00000000f5580000, 0x00000000f5580000)
  object space 349696K, 99% used [0x00000000e0000000,0x00000000f557fb08,0x00000000f5580000)
 Metaspace       used 57231K, committed 58112K, reserved 1105920K
  class space    used 5524K, committed 5888K, reserved 1048576K
}

